[1.721s] Invoking command in '/home/robotdeveloper02/IsaacSim-ros_workspaces-main/humble_ws/src/calc_py': PYTHONPATH=/home/robotdeveloper02/IsaacSim-ros_workspaces-main/humble_ws/build/my_ros2_package/prefix_override:/usr/lib/python3/dist-packages/colcon_core/task/python/colcon_distutils_commands:/home/robotdeveloper02/IsaacSim-ros_workspaces-main/humble_ws/install/my_ros2_package/lib/python3.10/site-packages:${PYTHONPATH} /usr/bin/python3 -W ignore:setup.py install is deprecated setup.py egg_info --egg-base ../../build/my_ros2_package build --build-base /home/robotdeveloper02/IsaacSim-ros_workspaces-main/humble_ws/build/my_ros2_package/build install --record /home/robotdeveloper02/IsaacSim-ros_workspaces-main/humble_ws/build/my_ros2_package/install.log --single-version-externally-managed install_data
[1.971s] Traceback (most recent call last):
[1.971s]   File "/usr/lib/python3/dist-packages/pkg_resources/__init__.py", line 2866, in get_entry_map
[1.971s]     ep_map = self._ep_map
[1.971s]   File "/usr/lib/python3/dist-packages/pkg_resources/__init__.py", line 2828, in __getattr__
[1.972s]     raise AttributeError(attr)
[1.972s] AttributeError: _ep_map. Did you mean: '_dep_map'?
[1.972s] 
[1.972s] During handling of the above exception, another exception occurred:
[1.972s] 
[1.972s] Traceback (most recent call last):
[1.972s]   File "/home/robotdeveloper02/IsaacSim-ros_workspaces-main/humble_ws/src/calc_py/setup.py", line 5, in <module>
[1.972s]     setup(
[1.972s]   File "/usr/lib/python3/dist-packages/setuptools/__init__.py", line 152, in setup
[1.973s]     _install_setup_requires(attrs)
[1.973s]   File "/usr/lib/python3/dist-packages/setuptools/__init__.py", line 142, in _install_setup_requires
[1.973s]     dist = MinimalDistribution(attrs)
[1.973s]   File "/usr/lib/python3/dist-packages/setuptools/__init__.py", line 134, in __init__
[1.973s]     distutils.core.Distribution.__init__(self, filtered)
[1.973s]   File "/usr/lib/python3/dist-packages/setuptools/dist.py", line 457, in __init__
[1.973s]     for ep in pkg_resources.iter_entry_points('distutils.setup_keywords'):
[1.973s]   File "/usr/lib/python3/dist-packages/pkg_resources/__init__.py", line 646, in <genexpr>
[1.973s]     for entry in dist.get_entry_map(group).values()
[1.974s]   File "/usr/lib/python3/dist-packages/pkg_resources/__init__.py", line 2868, in get_entry_map
[1.974s]     ep_map = self._ep_map = EntryPoint.parse_map(
[1.974s]   File "/usr/lib/python3/dist-packages/pkg_resources/__init__.py", line 2549, in parse_map
[1.974s]     for group, lines in data:
[1.974s]   File "/usr/lib/python3/dist-packages/pkg_resources/__init__.py", line 3205, in split_sections
[1.974s]     for line in yield_lines(s):
[1.974s]   File "/usr/lib/python3/dist-packages/pkg_resources/__init__.py", line 2780, in _get_metadata
[1.975s]     for line in self.get_metadata_lines(name):
[1.975s]   File "/usr/lib/python3/dist-packages/pkg_resources/__init__.py", line 1422, in get_metadata_lines
[1.975s]     return yield_lines(self.get_metadata(name))
[1.975s]   File "/usr/lib/python3/dist-packages/pkg_resources/__init__.py", line 1412, in get_metadata
[1.975s]     value = self._get(path)
[1.975s]   File "/usr/lib/python3/dist-packages/pkg_resources/__init__.py", line 1616, in _get
[1.976s]     with open(path, 'rb') as stream:
[1.976s] FileNotFoundError: [Errno 2] No such file or directory: '/home/robotdeveloper02/IsaacSim-ros_workspaces-main/humble_ws/install/Jettbot_position/lib/python3.10/site-packages/Jettbot_position-0.0.0-py3.10.egg-info/entry_points.txt'
[2.003s] Invoked command in '/home/robotdeveloper02/IsaacSim-ros_workspaces-main/humble_ws/src/calc_py' returned '1': PYTHONPATH=/home/robotdeveloper02/IsaacSim-ros_workspaces-main/humble_ws/build/my_ros2_package/prefix_override:/usr/lib/python3/dist-packages/colcon_core/task/python/colcon_distutils_commands:/home/robotdeveloper02/IsaacSim-ros_workspaces-main/humble_ws/install/my_ros2_package/lib/python3.10/site-packages:${PYTHONPATH} /usr/bin/python3 -W ignore:setup.py install is deprecated setup.py egg_info --egg-base ../../build/my_ros2_package build --build-base /home/robotdeveloper02/IsaacSim-ros_workspaces-main/humble_ws/build/my_ros2_package/build install --record /home/robotdeveloper02/IsaacSim-ros_workspaces-main/humble_ws/build/my_ros2_package/install.log --single-version-externally-managed install_data
