[0.015s] Invoking command in '/home/robotdeveloper02/IsaacSim-ros_workspaces-main/humble_ws/build/custom_message': CMAKE_PREFIX_PATH=/opt/ros/humble /usr/bin/cmake --build /home/robotdeveloper02/IsaacSim-ros_workspaces-main/humble_ws/build/custom_message -- -j16 -l16
[0.195s] -- Found ament_cmake: 1.3.9 (/opt/ros/humble/share/ament_cmake/cmake)
[0.195s] -- Found std_msgs: 4.2.4 (/opt/ros/humble/share/std_msgs/cmake)
[0.195s] -- Found rosidl_generator_c: 3.1.5 (/opt/ros/humble/share/rosidl_generator_c/cmake)
[0.195s] -- Found rosidl_adapter: 3.1.5 (/opt/ros/humble/share/rosidl_adapter/cmake)
[0.195s] -- Found rosidl_generator_cpp: 3.1.5 (/opt/ros/humble/share/rosidl_generator_cpp/cmake)
[0.195s] -- Using all available rosidl_typesupport_c: rosidl_typesupport_fastrtps_c;rosidl_typesupport_introspection_c
[0.195s] -- Using all available rosidl_typesupport_cpp: rosidl_typesupport_fastrtps_cpp;rosidl_typesupport_introspection_cpp
[0.195s] -- Found rosidl_default_generators: 1.2.0 (/opt/ros/humble/share/rosidl_default_generators/cmake)
[0.195s] -- Found geometry_msgs: 4.2.4 (/opt/ros/humble/share/geometry_msgs/cmake)
[0.322s] [31mCMake Error at /opt/ros/humble/share/rosidl_adapter/cmake/rosidl_adapt_interfaces.cmake:59 (message):
[0.322s]   execute_process(/usr/bin/python3 -m rosidl_adapter --package-name
[0.322s]   custom_message --arguments-file
[0.322s]   /home/robotdeveloper02/IsaacSim-ros_workspaces-main/humble_ws/build/custom_message/rosidl_adapter__arguments__custom_message.json
[0.322s]   --output-dir
[0.322s]   /home/robotdeveloper02/IsaacSim-ros_workspaces-main/humble_ws/build/custom_message/rosidl_adapter/custom_message
[0.322s]   --output-file
[0.322s]   /home/robotdeveloper02/IsaacSim-ros_workspaces-main/humble_ws/build/custom_message/rosidl_adapter/custom_message.idls)
[0.322s]   returned error code 1:
[0.322s] 
[0.322s]   Error processing 'geometry_msgs/Pose Pose' of
[0.322s]   'custom_message/pose_stamped': ''Pose' is an invalid field name.  It should
[0.322s]   have the pattern '^(?!.*__)(?!.*_$)[a-z][a-z0-9_]*$''
[0.322s] 
[0.322s]   Traceback (most recent call last):
[0.323s] 
[0.323s]     File "/usr/lib/python3.10/runpy.py", line 196, in _run_module_as_main
[0.323s]       return _run_code(code, main_globals, None,
[0.323s]     File "/usr/lib/python3.10/runpy.py", line 86, in _run_code
[0.323s]       exec(code, run_globals)
[0.323s]     File "/opt/ros/humble/local/lib/python3.10/dist-packages/rosidl_adapter/__main__.py", line 19, in <module>
[0.323s]       sys.exit(main())
[0.323s]     File "/opt/ros/humble/local/lib/python3.10/dist-packages/rosidl_adapter/main.py", line 53, in main
[0.323s]       abs_idl_file = convert_to_idl(
[0.323s]     File "/opt/ros/humble/local/lib/python3.10/dist-packages/rosidl_adapter/__init__.py", line 19, in convert_to_idl
[0.323s]       return convert_msg_to_idl(
[0.323s]     File "/opt/ros/humble/local/lib/python3.10/dist-packages/rosidl_adapter/msg/__init__.py", line 28, in convert_msg_to_idl
[0.323s]       msg = parse_message_string(package_name, input_file.stem, content)
[0.323s]     File "/opt/ros/humble/local/lib/python3.10/dist-packages/rosidl_adapter/parser.py", line 519, in parse_message_string
[0.323s]       fields.append(Field(
[0.323s]     File "/opt/ros/humble/local/lib/python3.10/dist-packages/rosidl_adapter/parser.py", line 354, in __init__
[0.323s]       raise NameError(
[0.323s] 
[0.323s]   NameError: 'Pose' is an invalid field name.  It should have the pattern
[0.323s]   '^(?!.*__)(?!.*_$)[a-z][a-z0-9_]*$'
[0.323s] 
[0.323s] Call Stack (most recent call first):
[0.323s]   /opt/ros/humble/share/rosidl_cmake/cmake/rosidl_generate_interfaces.cmake:130 (rosidl_adapt_interfaces)
[0.323s]   CMakeLists.txt:24 (rosidl_generate_interfaces)
[0.323s] 
[0.323s] [0m
[0.324s] -- Configuring incomplete, errors occurred!
[0.324s] See also "/home/robotdeveloper02/IsaacSim-ros_workspaces-main/humble_ws/build/custom_message/CMakeFiles/CMakeOutput.log".
[0.326s] gmake: *** [Makefile:747: cmake_check_build_system] Error 1
[0.327s] Invoked command in '/home/robotdeveloper02/IsaacSim-ros_workspaces-main/humble_ws/build/custom_message' returned '2': CMAKE_PREFIX_PATH=/opt/ros/humble /usr/bin/cmake --build /home/robotdeveloper02/IsaacSim-ros_workspaces-main/humble_ws/build/custom_message -- -j16 -l16
