[0.007s] Invoking command in '/home/robotdeveloper02/IsaacSim-ros_workspaces-main/humble_ws/build/my_cpp_pose_subscriber': CMAKE_PREFIX_PATH=/opt/ros/humble /usr/bin/cmake --build /home/robotdeveloper02/IsaacSim-ros_workspaces-main/humble_ws/build/my_cpp_pose_subscriber -- -j16 -l16
[0.034s] [35m[1mConsolidate compiler generated dependencies of target pose_subscriber[0m
[0.045s] [ 50%] [32mBuilding CXX object CMakeFiles/pose_subscriber.dir/src/pose_subscriber.cpp.o[0m
[0.182s] In file included from [01m[K/home/robotdeveloper02/IsaacSim-ros_workspaces-main/humble_ws/src/calc_cpp/src/pose_subscriber.cpp:3[m[K:
[0.182s] [01m[K/opt/ros/humble/include/tf2_geometry_msgs/tf2_geometry_msgs/tf2_geometry_msgs.h:35:2:[m[K [01;35m[Kwarning: [m[K#warning This header is obsolete, please include tf2_geometry_msgs/tf2_geometry_msgs.hpp instead [[01;35m[K]8;;https://gcc.gnu.org/onlinedocs/gcc/Warning-Options.html#index-Wcpp-Wcpp]8;;[m[K]
[0.182s]    35 | #[01;35m[Kwarning[m[K This header is obsolete, please include tf2_geometry_msgs/tf2_geometry_msgs.hpp instead
[0.182s]       |  [01;35m[K^~~~~~~[m[K
[1.654s] [01m[K/home/robotdeveloper02/IsaacSim-ros_workspaces-main/humble_ws/src/calc_cpp/src/pose_subscriber.cpp:[m[K In member function â€˜[01m[Kvoid calc::topic1_callback(geometry_msgs::msg::PoseStamped_<std::allocator<void> >::SharedPtr) const[m[Kâ€™:
[1.654s] [01m[K/home/robotdeveloper02/IsaacSim-ros_workspaces-main/humble_ws/src/calc_cpp/src/pose_subscriber.cpp:21:6:[m[K [01;31m[Kerror: [m[Kâ€˜[01m[Kpose1_[m[Kâ€™ was not declared in this scope
[1.654s]    21 |      [01;31m[Kpose1_[m[K=*msg;
[1.654s]       |      [01;31m[K^~~~~~[m[K
[1.659s] [01m[K/home/robotdeveloper02/IsaacSim-ros_workspaces-main/humble_ws/src/calc_cpp/src/pose_subscriber.cpp:22:6:[m[K [01;31m[Kerror: [m[Kâ€˜[01m[Kpose1_received_[m[Kâ€™ was not declared in this scope
[1.659s]    22 |      [01;31m[Kpose1_received_[m[K=true;
[1.660s]       |      [01;31m[K^~~~~~~~~~~~~~~[m[K
[1.665s] [01m[K/home/robotdeveloper02/IsaacSim-ros_workspaces-main/humble_ws/src/calc_cpp/src/pose_subscriber.cpp:24:27:[m[K [01;31m[Kerror: [m[Kâ€˜[01m[Kpose2_received_[m[Kâ€™ was not declared in this scope
[1.665s]    24 |      if(pose1_received_&& [01;31m[Kpose2_received_[m[K)
[1.665s]       |                           [01;31m[K^~~~~~~~~~~~~~~[m[K
[1.665s] [01m[K/home/robotdeveloper02/IsaacSim-ros_workspaces-main/humble_ws/src/calc_cpp/src/pose_subscriber.cpp:26:27:[m[K [01;31m[Kerror: [m[Kpassing â€˜[01m[Kconst calc[m[Kâ€™ as â€˜[01m[Kthis[m[Kâ€™ argument discards qualifiers [[01;31m[K]8;;https://gcc.gnu.org/onlinedocs/gcc/Warning-Options.html#index-fpermissive-fpermissive]8;;[m[K]
[1.665s]    26 |         [01;31m[Kcalculate_distance()[m[K;
[1.665s]       |         [01;31m[K~~~~~~~~~~~~~~~~~~^~[m[K
[1.665s] [01m[K/home/robotdeveloper02/IsaacSim-ros_workspaces-main/humble_ws/src/calc_cpp/src/pose_subscriber.cpp:40:10:[m[K [01;36m[Knote: [m[K  in call to â€˜[01m[Kvoid calc::calculate_distance()[m[Kâ€™
[1.665s]    40 |     void [01;36m[Kcalculate_distance[m[K()
[1.665s]       |          [01;36m[K^~~~~~~~~~~~~~~~~~[m[K
[1.668s] [01m[K/home/robotdeveloper02/IsaacSim-ros_workspaces-main/humble_ws/src/calc_cpp/src/pose_subscriber.cpp:[m[K In member function â€˜[01m[Kvoid calc::topic2_callback(geometry_msgs::msg::PoseStamped_<std::allocator<void> >::SharedPtr) const[m[Kâ€™:
[1.668s] [01m[K/home/robotdeveloper02/IsaacSim-ros_workspaces-main/humble_ws/src/calc_cpp/src/pose_subscriber.cpp:32:6:[m[K [01;31m[Kerror: [m[Kâ€˜[01m[Kpose2_[m[Kâ€™ was not declared in this scope
[1.668s]    32 |      [01;31m[Kpose2_[m[K=*msg;
[1.668s]       |      [01;31m[K^~~~~~[m[K
[1.674s] [01m[K/home/robotdeveloper02/IsaacSim-ros_workspaces-main/humble_ws/src/calc_cpp/src/pose_subscriber.cpp:33:6:[m[K [01;31m[Kerror: [m[Kâ€˜[01m[Kpose2_received_[m[Kâ€™ was not declared in this scope
[1.674s]    33 |      [01;31m[Kpose2_received_[m[K=true;
[1.674s]       |      [01;31m[K^~~~~~~~~~~~~~~[m[K
[1.680s] [01m[K/home/robotdeveloper02/IsaacSim-ros_workspaces-main/humble_ws/src/calc_cpp/src/pose_subscriber.cpp:35:9:[m[K [01;31m[Kerror: [m[Kâ€˜[01m[Kpose1_received_[m[Kâ€™ was not declared in this scope
[1.680s]    35 |      if([01;31m[Kpose1_received_[m[K&& pose2_received_)
[1.680s]       |         [01;31m[K^~~~~~~~~~~~~~~[m[K
[1.680s] [01m[K/home/robotdeveloper02/IsaacSim-ros_workspaces-main/humble_ws/src/calc_cpp/src/pose_subscriber.cpp:37:27:[m[K [01;31m[Kerror: [m[Kpassing â€˜[01m[Kconst calc[m[Kâ€™ as â€˜[01m[Kthis[m[Kâ€™ argument discards qualifiers [[01;31m[K]8;;https://gcc.gnu.org/onlinedocs/gcc/Warning-Options.html#index-fpermissive-fpermissive]8;;[m[K]
[1.680s]    37 |         [01;31m[Kcalculate_distance()[m[K;
[1.680s]       |         [01;31m[K~~~~~~~~~~~~~~~~~~^~[m[K
[1.680s] [01m[K/home/robotdeveloper02/IsaacSim-ros_workspaces-main/humble_ws/src/calc_cpp/src/pose_subscriber.cpp:40:10:[m[K [01;36m[Knote: [m[K  in call to â€˜[01m[Kvoid calc::calculate_distance()[m[Kâ€™
[1.680s]    40 |     void [01;36m[Kcalculate_distance[m[K()
[1.680s]       |          [01;36m[K^~~~~~~~~~~~~~~~~~[m[K
[1.683s] [01m[K/home/robotdeveloper02/IsaacSim-ros_workspaces-main/humble_ws/src/calc_cpp/src/pose_subscriber.cpp:[m[K In member function â€˜[01m[Kvoid calc::calculate_distance()[m[Kâ€™:
[1.683s] [01m[K/home/robotdeveloper02/IsaacSim-ros_workspaces-main/humble_ws/src/calc_cpp/src/pose_subscriber.cpp:42:24:[m[K [01;31m[Kerror: [m[Kâ€˜[01m[Kpose1[m[Kâ€™ was not declared in this scope
[1.683s]    42 |         tf2::Vector3 a([01;31m[Kpose1[m[K.position.x,pose1.position.y,pose1.position.z);
[1.683s]       |                        [01;31m[K^~~~~[m[K
[1.683s] [01m[K/home/robotdeveloper02/IsaacSim-ros_workspaces-main/humble_ws/src/calc_cpp/src/pose_subscriber.cpp:43:9:[m[K [01;31m[Kerror: [m[Kâ€˜[01m[Kv1[m[Kâ€™ was not declared in this scope; did you mean â€˜[01m[K__pstl::execution::v1[m[Kâ€™?
[1.683s]    43 |         [01;31m[Kv1[m[K=(pose2.position.x,pose2.position.y,pose2.position.z);
[1.683s]       |         [01;31m[K^~[m[K
[1.683s]       |         [32m[K__pstl::execution::v1[m[K
[1.683s] In file included from [01m[K/usr/include/c++/11/pstl/glue_memory_defs.h:13[m[K,
[1.683s]                  from [01m[K/usr/include/c++/11/memory:144[m[K,
[1.683s]                  from [01m[K/opt/ros/humble/include/rclcpp/rclcpp/rclcpp.hpp:153[m[K,
[1.683s]                  from [01m[K/home/robotdeveloper02/IsaacSim-ros_workspaces-main/humble_ws/src/calc_cpp/src/pose_subscriber.cpp:1[m[K:
[1.684s] [01m[K/usr/include/c++/11/pstl/execution_defs.h:19:18:[m[K [01;36m[Knote: [m[Kâ€˜[01m[K__pstl::execution::v1[m[Kâ€™ declared here
[1.684s]    19 | inline namespace [01;36m[Kv1[m[K
[1.684s]       |                  [01;36m[K^~[m[K
[1.686s] [01m[K/home/robotdeveloper02/IsaacSim-ros_workspaces-main/humble_ws/src/calc_cpp/src/pose_subscriber.cpp:43:13:[m[K [01;31m[Kerror: [m[Kâ€˜[01m[Kpose2[m[Kâ€™ was not declared in this scope
[1.686s]    43 |         v1=([01;31m[Kpose2[m[K.position.x,pose2.position.y,pose2.position.z);
[1.686s]       |             [01;31m[K^~~~~[m[K
[1.686s] [01m[K/home/robotdeveloper02/IsaacSim-ros_workspaces-main/humble_ws/src/calc_cpp/src/pose_subscriber.cpp:46:9:[m[K [01;31m[Kerror: [m[Kâ€˜[01m[Kdistance[m[Kâ€™ was not declared in this scope; did you mean â€˜[01m[Kstd::distance[m[Kâ€™?
[1.686s]    46 |         [01;31m[Kdistance[m[K=tf2::distance(const Vector3 &v1);
[1.686s]       |         [01;31m[K^~~~~~~~[m[K
[1.686s]       |         [32m[Kstd::distance[m[K
[1.686s] In file included from [01m[K/usr/include/c++/11/bits/stl_algobase.h:66[m[K,
[1.686s]                  from [01m[K/usr/include/c++/11/memory:63[m[K,
[1.686s]                  from [01m[K/opt/ros/humble/include/rclcpp/rclcpp/rclcpp.hpp:153[m[K,
[1.686s]                  from [01m[K/home/robotdeveloper02/IsaacSim-ros_workspaces-main/humble_ws/src/calc_cpp/src/pose_subscriber.cpp:1[m[K:
[1.687s] [01m[K/usr/include/c++/11/bits/stl_iterator_base_funcs.h:138:5:[m[K [01;36m[Knote: [m[Kâ€˜[01m[Kstd::distance[m[Kâ€™ declared here
[1.687s]   138 |     [01;36m[Kdistance[m[K(_InputIterator __first, _InputIterator __last)
[1.687s]       |     [01;36m[K^~~~~~~~[m[K
[1.687s] [01m[K/home/robotdeveloper02/IsaacSim-ros_workspaces-main/humble_ws/src/calc_cpp/src/pose_subscriber.cpp:46:23:[m[K [01;31m[Kerror: [m[Kâ€˜[01m[Kdistance[m[Kâ€™ is not a member of â€˜[01m[Ktf2[m[Kâ€™; did you mean â€˜[01m[Ktf2Distance[m[Kâ€™?
[1.687s]    46 |         distance=tf2::[01;31m[Kdistance[m[K(const Vector3 &v1);
[1.687s]       |                       [01;31m[K^~~~~~~~[m[K
[1.687s]       |                       [32m[Ktf2Distance[m[K
[1.687s] [01m[K/home/robotdeveloper02/IsaacSim-ros_workspaces-main/humble_ws/src/calc_cpp/src/pose_subscriber.cpp:46:32:[m[K [01;31m[Kerror: [m[Kexpected primary-expression before â€˜[01m[Kconst[m[Kâ€™
[1.687s]    46 |         distance=tf2::distance([01;31m[Kconst[m[K Vector3 &v1);
[1.687s]       |                                [01;31m[K^~~~~[m[K
[1.687s] [01m[K/home/robotdeveloper02/IsaacSim-ros_workspaces-main/humble_ws/src/calc_cpp/src/pose_subscriber.cpp:42:22:[m[K [01;35m[Kwarning: [m[Kunused variable â€˜[01m[Ka[m[Kâ€™ [[01;35m[K]8;;https://gcc.gnu.org/onlinedocs/gcc/Warning-Options.html#index-Wunused-variable-Wunused-variable]8;;[m[K]
[1.687s]    42 |         tf2::Vector3 [01;35m[Ka[m[K(pose1.position.x,pose1.position.y,pose1.position.z);
[1.687s]       |                      [01;35m[K^[m[K
[3.255s] gmake[2]: *** [CMakeFiles/pose_subscriber.dir/build.make:76: CMakeFiles/pose_subscriber.dir/src/pose_subscriber.cpp.o] Error 1
[3.255s] gmake[1]: *** [CMakeFiles/Makefile2:137: CMakeFiles/pose_subscriber.dir/all] Error 2
[3.255s] gmake: *** [Makefile:146: all] Error 2
[3.257s] Invoked command in '/home/robotdeveloper02/IsaacSim-ros_workspaces-main/humble_ws/build/my_cpp_pose_subscriber' returned '2': CMAKE_PREFIX_PATH=/opt/ros/humble /usr/bin/cmake --build /home/robotdeveloper02/IsaacSim-ros_workspaces-main/humble_ws/build/my_cpp_pose_subscriber -- -j16 -l16
