In file included from [01m[K/home/robotdeveloper02/IsaacSim-ros_workspaces-main/humble_ws/src/calc_cpp/src/pose_subscriber.cpp:4[m[K:
[01m[K/opt/ros/humble/include/tf2_geometry_msgs/tf2_geometry_msgs/tf2_geometry_msgs.h:35:2:[m[K [01;35m[Kwarning: [m[K#warning This header is obsolete, please include tf2_geometry_msgs/tf2_geometry_msgs.hpp instead [[01;35m[K]8;;https://gcc.gnu.org/onlinedocs/gcc/Warning-Options.html#index-Wcpp-Wcpp]8;;[m[K]
   35 | #[01;35m[Kwarning[m[K This header is obsolete, please include tf2_geometry_msgs/tf2_geometry_msgs.hpp instead
      |  [01;35m[K^~~~~~~[m[K
[01m[K/home/robotdeveloper02/IsaacSim-ros_workspaces-main/humble_ws/src/calc_cpp/src/pose_subscriber.cpp:8:1:[m[K [01;31m[Kerror: [m[K‚Äò[01m[Kqos_profile[m[K‚Äô does not name a type; did you mean ‚Äò[01m[Krmw_qos_profile_t[m[K‚Äô?
    8 | [01;31m[Kqos_profile[m[K.reliable();  // ‰ø°È†ºÊÄß„ÅÆ„ÅÇ„ÇãÈÄö‰ø°„Çí‰øùË®º
      | [01;31m[K^~~~~~~~~~~[m[K
      | [32m[Krmw_qos_profile_t[m[K
[01m[K/home/robotdeveloper02/IsaacSim-ros_workspaces-main/humble_ws/src/calc_cpp/src/pose_subscriber.cpp:9:1:[m[K [01;31m[Kerror: [m[K‚Äò[01m[Kqos_profile[m[K‚Äô does not name a type; did you mean ‚Äò[01m[Krmw_qos_profile_t[m[K‚Äô?
    9 | [01;31m[Kqos_profile[m[K.durability_volatile();  // ‰∏ÄÊôÇÁöÑ„Å™„Éá„Éº„ÇøÈÄö‰ø°
      | [01;31m[K^~~~~~~~~~~[m[K
      | [32m[Krmw_qos_profile_t[m[K
[01m[K/home/robotdeveloper02/IsaacSim-ros_workspaces-main/humble_ws/src/calc_cpp/src/pose_subscriber.cpp:[m[K In constructor ‚Äò[01m[Kcalc::calc()[m[K‚Äô:
[01m[K/home/robotdeveloper02/IsaacSim-ros_workspaces-main/humble_ws/src/calc_cpp/src/pose_subscriber.cpp:30:34:[m[K [01;31m[Kerror: [m[K‚Äò[01m[KQos[m[K‚Äô is not a member of ‚Äò[01m[Krclcpp[m[K‚Äô; did you mean ‚Äò[01m[KQoS[m[K‚Äô?
   30 |         "/Jetbot_camera",rclcpp::[01;31m[KQos[m[K(10),std::bind(&calc::topic5_callback,this,std::placeholders::_1));
      |                                  [01;31m[K^~~[m[K
      |                                  [32m[KQoS[m[K
gmake[2]: *** [CMakeFiles/pose_subscriber.dir/build.make:76: CMakeFiles/pose_subscriber.dir/src/pose_subscriber.cpp.o] Error 1
gmake[1]: *** [CMakeFiles/Makefile2:137: CMakeFiles/pose_subscriber.dir/all] Error 2
gmake: *** [Makefile:146: all] Error 2
