[0.015s] Invoking command in '/home/robotdeveloper02/IsaacSim-ros_workspaces-main/humble_ws/build/custom_message': CMAKE_PREFIX_PATH=/opt/ros/humble /usr/bin/cmake --build /home/robotdeveloper02/IsaacSim-ros_workspaces-main/humble_ws/build/custom_message -- -j16 -l16
[0.190s] -- Found ament_cmake: 1.3.9 (/opt/ros/humble/share/ament_cmake/cmake)
[0.190s] -- Found std_msgs: 4.2.4 (/opt/ros/humble/share/std_msgs/cmake)
[0.190s] -- Found rosidl_generator_c: 3.1.5 (/opt/ros/humble/share/rosidl_generator_c/cmake)
[0.191s] -- Found rosidl_adapter: 3.1.5 (/opt/ros/humble/share/rosidl_adapter/cmake)
[0.191s] -- Found rosidl_generator_cpp: 3.1.5 (/opt/ros/humble/share/rosidl_generator_cpp/cmake)
[0.191s] -- Using all available rosidl_typesupport_c: rosidl_typesupport_fastrtps_c;rosidl_typesupport_introspection_c
[0.191s] -- Using all available rosidl_typesupport_cpp: rosidl_typesupport_fastrtps_cpp;rosidl_typesupport_introspection_cpp
[0.191s] -- Found rosidl_default_generators: 1.2.0 (/opt/ros/humble/share/rosidl_default_generators/cmake)
[0.191s] -- Found geometry_msgs: 4.2.4 (/opt/ros/humble/share/geometry_msgs/cmake)
[0.318s] [31mCMake Error at /opt/ros/humble/share/rosidl_adapter/cmake/rosidl_adapt_interfaces.cmake:59 (message):
[0.318s]   execute_process(/usr/bin/python3 -m rosidl_adapter --package-name
[0.318s]   custom_message --arguments-file
[0.319s]   /home/robotdeveloper02/IsaacSim-ros_workspaces-main/humble_ws/build/custom_message/rosidl_adapter__arguments__custom_message.json
[0.319s]   --output-dir
[0.319s]   /home/robotdeveloper02/IsaacSim-ros_workspaces-main/humble_ws/build/custom_message/rosidl_adapter/custom_message
[0.319s]   --output-file
[0.319s]   /home/robotdeveloper02/IsaacSim-ros_workspaces-main/humble_ws/build/custom_message/rosidl_adapter/custom_message.idls)
[0.319s]   returned error code 1:
[0.319s] 
[0.319s]   Traceback (most recent call last):
[0.319s] 
[0.319s]     File "/usr/lib/python3.10/runpy.py", line 196, in _run_module_as_main
[0.319s]       return _run_code(code, main_globals, None,
[0.319s]     File "/usr/lib/python3.10/runpy.py", line 86, in _run_code
[0.319s]       exec(code, run_globals)
[0.319s]     File "/opt/ros/humble/local/lib/python3.10/dist-packages/rosidl_adapter/__main__.py", line 19, in <module>
[0.319s]       sys.exit(main())
[0.319s]     File "/opt/ros/humble/local/lib/python3.10/dist-packages/rosidl_adapter/main.py", line 53, in main
[0.319s]       abs_idl_file = convert_to_idl(
[0.319s]     File "/opt/ros/humble/local/lib/python3.10/dist-packages/rosidl_adapter/__init__.py", line 19, in convert_to_idl
[0.319s]       return convert_msg_to_idl(
[0.319s]     File "/opt/ros/humble/local/lib/python3.10/dist-packages/rosidl_adapter/msg/__init__.py", line 28, in convert_msg_to_idl
[0.319s]       msg = parse_message_string(package_name, input_file.stem, content)
[0.319s]     File "/opt/ros/humble/local/lib/python3.10/dist-packages/rosidl_adapter/parser.py", line 544, in parse_message_string
[0.319s]       msg = MessageSpecification(pkg_name, msg_name, fields, constants)
[0.319s]     File "/opt/ros/humble/local/lib/python3.10/dist-packages/rosidl_adapter/parser.py", line 388, in __init__
[0.320s]       self.base_type = BaseType(
[0.320s]     File "/opt/ros/humble/local/lib/python3.10/dist-packages/rosidl_adapter/parser.py", line 205, in __init__
[0.320s]       raise InvalidResourceName(
[0.320s] 
[0.320s]   rosidl_adapter.parser.InvalidResourceName: 'pose_stamped' is an invalid
[0.320s]   message name.  It should have the pattern '^[A-Z][A-Za-z0-9]*$'
[0.320s] 
[0.320s] Call Stack (most recent call first):
[0.320s]   /opt/ros/humble/share/rosidl_cmake/cmake/rosidl_generate_interfaces.cmake:130 (rosidl_adapt_interfaces)
[0.320s]   CMakeLists.txt:24 (rosidl_generate_interfaces)
[0.320s] 
[0.320s] [0m
[0.320s] -- Configuring incomplete, errors occurred!
[0.320s] See also "/home/robotdeveloper02/IsaacSim-ros_workspaces-main/humble_ws/build/custom_message/CMakeFiles/CMakeOutput.log".
[0.322s] gmake: *** [Makefile:963: cmake_check_build_system] Error 1
[0.323s] Invoked command in '/home/robotdeveloper02/IsaacSim-ros_workspaces-main/humble_ws/build/custom_message' returned '2': CMAKE_PREFIX_PATH=/opt/ros/humble /usr/bin/cmake --build /home/robotdeveloper02/IsaacSim-ros_workspaces-main/humble_ws/build/custom_message -- -j16 -l16
