[0.008s] Invoking command in '/home/robotdeveloper02/IsaacSim-ros_workspaces-main/humble_ws/build/my_cpp_pose_subscriber': CMAKE_PREFIX_PATH=${CMAKE_PREFIX_PATH}:/home/robotdeveloper02/IsaacSim-ros_workspaces-main/humble_ws/install/my_ros2_package:/home/robotdeveloper02/IsaacSim-ros_workspaces-main/humble_ws/install/isaacsim:/home/robotdeveloper02/IsaacSim-ros_workspaces-main/humble_ws/install/isaac_tutorials:/home/robotdeveloper02/IsaacSim-ros_workspaces-main/humble_ws/install/isaac_ros_navigation_goal:/home/robotdeveloper02/IsaacSim-ros_workspaces-main/humble_ws/install/carter_navigation:/opt/ros/humble /usr/bin/cmake --build /home/robotdeveloper02/IsaacSim-ros_workspaces-main/humble_ws/build/my_cpp_pose_subscriber -- -j16 -l16
[0.037s] [35m[1mConsolidate compiler generated dependencies of target pose_subscriber[0m
[0.049s] [ 50%] [32mBuilding CXX object CMakeFiles/pose_subscriber.dir/src/pose_subscriber.cpp.o[0m
[0.184s] In file included from [01m[K/home/robotdeveloper02/IsaacSim-ros_workspaces-main/humble_ws/src/calc_cpp/src/pose_subscriber.cpp:3[m[K:
[0.184s] [01m[K/opt/ros/humble/include/tf2_geometry_msgs/tf2_geometry_msgs/tf2_geometry_msgs.h:35:2:[m[K [01;35m[Kwarning: [m[K#warning This header is obsolete, please include tf2_geometry_msgs/tf2_geometry_msgs.hpp instead [[01;35m[K]8;;https://gcc.gnu.org/onlinedocs/gcc/Warning-Options.html#index-Wcpp-Wcpp]8;;[m[K]
[0.184s]    35 | #[01;35m[Kwarning[m[K This header is obsolete, please include tf2_geometry_msgs/tf2_geometry_msgs.hpp instead
[0.184s]       |  [01;35m[K^~~~~~~[m[K
[1.623s] [01m[K/home/robotdeveloper02/IsaacSim-ros_workspaces-main/humble_ws/src/calc_cpp/src/pose_subscriber.cpp:65:2:[m[K [01;31m[Kerror: [m[Kexpected â€˜[01m[K}[m[Kâ€™ at end of input
[1.623s]    65 | }
[1.623s]       |  [01;31m[K^[m[K
[1.623s] [01m[K/home/robotdeveloper02/IsaacSim-ros_workspaces-main/humble_ws/src/calc_cpp/src/pose_subscriber.cpp:14:1:[m[K [01;36m[Knote: [m[Kto match this â€˜[01m[K{[m[Kâ€™
[1.623s]    14 | [01;36m[K{[m[K
[1.623s]       | [01;36m[K^[m[K
[1.628s] [01m[K/home/robotdeveloper02/IsaacSim-ros_workspaces-main/humble_ws/src/calc_cpp/src/pose_subscriber.cpp:[m[K In constructor â€˜[01m[Kcalc::calc()[m[Kâ€™:
[1.628s] [01m[K/home/robotdeveloper02/IsaacSim-ros_workspaces-main/humble_ws/src/calc_cpp/src/pose_subscriber.cpp:20:9:[m[K [01;31m[Kerror: [m[Kâ€˜[01m[Ksubscription1_[m[Kâ€™ was not declared in this scope; did you mean â€˜[01m[Krmw_subscriptions_t[m[Kâ€™?
[1.628s]    20 |         [01;31m[Ksubscription1_[m[K=this->create_subscription<geometry_msgs::msg::PoseStamped>(
[1.628s]       |         [01;31m[K^~~~~~~~~~~~~~[m[K
[1.628s]       |         [32m[Krmw_subscriptions_t[m[K
[1.664s] [01m[K/home/robotdeveloper02/IsaacSim-ros_workspaces-main/humble_ws/src/calc_cpp/src/pose_subscriber.cpp:23:9:[m[K [01;31m[Kerror: [m[Kâ€˜[01m[Ksubscription2_[m[Kâ€™ was not declared in this scope; did you mean â€˜[01m[Krmw_subscriptions_t[m[Kâ€™?
[1.664s]    23 |         [01;31m[Ksubscription2_[m[K=this->create_subscription<geometry_msgs::msg::PoseStamped>(
[1.664s]       |         [01;31m[K^~~~~~~~~~~~~~[m[K
[1.665s]       |         [32m[Krmw_subscriptions_t[m[K
[1.669s] [01m[K/home/robotdeveloper02/IsaacSim-ros_workspaces-main/humble_ws/src/calc_cpp/src/pose_subscriber.cpp:[m[K At global scope:
[1.669s] [01m[K/home/robotdeveloper02/IsaacSim-ros_workspaces-main/humble_ws/src/calc_cpp/src/pose_subscriber.cpp:65:2:[m[K [01;31m[Kerror: [m[Kexpected unqualified-id at end of input
[1.669s]    65 | }
[1.669s]       |  [01;31m[K^[m[K
[3.106s] gmake[2]: *** [CMakeFiles/pose_subscriber.dir/build.make:76: CMakeFiles/pose_subscriber.dir/src/pose_subscriber.cpp.o] Error 1
[3.106s] gmake[1]: *** [CMakeFiles/Makefile2:137: CMakeFiles/pose_subscriber.dir/all] Error 2
[3.106s] gmake: *** [Makefile:146: all] Error 2
[3.108s] Invoked command in '/home/robotdeveloper02/IsaacSim-ros_workspaces-main/humble_ws/build/my_cpp_pose_subscriber' returned '2': CMAKE_PREFIX_PATH=${CMAKE_PREFIX_PATH}:/home/robotdeveloper02/IsaacSim-ros_workspaces-main/humble_ws/install/my_ros2_package:/home/robotdeveloper02/IsaacSim-ros_workspaces-main/humble_ws/install/isaacsim:/home/robotdeveloper02/IsaacSim-ros_workspaces-main/humble_ws/install/isaac_tutorials:/home/robotdeveloper02/IsaacSim-ros_workspaces-main/humble_ws/install/isaac_ros_navigation_goal:/home/robotdeveloper02/IsaacSim-ros_workspaces-main/humble_ws/install/carter_navigation:/opt/ros/humble /usr/bin/cmake --build /home/robotdeveloper02/IsaacSim-ros_workspaces-main/humble_ws/build/my_cpp_pose_subscriber -- -j16 -l16
