[0.420s] Invoking command in '/home/robotdeveloper02/IsaacSim-ros_workspaces-main/humble_ws/build/my_cpp_pose_subscriber': CMAKE_PREFIX_PATH=${CMAKE_PREFIX_PATH}:/home/robotdeveloper02/IsaacSim-ros_workspaces-main/humble_ws/install/my_ros2_package:/home/robotdeveloper02/IsaacSim-ros_workspaces-main/humble_ws/install/jetbot_controller:/home/robotdeveloper02/IsaacSim-ros_workspaces-main/humble_ws/install/isaac_ros_navigation_goal:/opt/ros/humble /usr/bin/cmake --build /home/robotdeveloper02/IsaacSim-ros_workspaces-main/humble_ws/build/my_cpp_pose_subscriber -- -j16 -l16
[0.612s] [35m[1mConsolidate compiler generated dependencies of target pose_subscriber[0m
[0.612s] [ 50%] [32mBuilding CXX object CMakeFiles/pose_subscriber.dir/src/pose_subscriber.cpp.o[0m
[0.612s] In file included from [01m[K/home/robotdeveloper02/IsaacSim-ros_workspaces-main/humble_ws/src/calc_cpp/src/pose_subscriber.cpp:3[m[K:
[0.613s] [01m[K/opt/ros/humble/include/tf2_geometry_msgs/tf2_geometry_msgs/tf2_geometry_msgs.h:35:2:[m[K [01;35m[Kwarning: [m[K#warning This header is obsolete, please include tf2_geometry_msgs/tf2_geometry_msgs.hpp instead [[01;35m[K]8;;https://gcc.gnu.org/onlinedocs/gcc/Warning-Options.html#index-Wcpp-Wcpp]8;;[m[K]
[0.613s]    35 | #[01;35m[Kwarning[m[K This header is obsolete, please include tf2_geometry_msgs/tf2_geometry_msgs.hpp instead
[0.613s]       |  [01;35m[K^~~~~~~[m[K
[2.372s] [01m[K/home/robotdeveloper02/IsaacSim-ros_workspaces-main/humble_ws/src/calc_cpp/src/pose_subscriber.cpp:[m[K In constructor â€˜[01m[Kcalc::calc()[m[Kâ€™:
[2.373s] [01m[K/home/robotdeveloper02/IsaacSim-ros_workspaces-main/humble_ws/src/calc_cpp/src/pose_subscriber.cpp:26:9:[m[K [01;31m[Kerror: [m[Kâ€˜[01m[Ksubscription5_[m[Kâ€™ was not declared in this scope; did you mean â€˜[01m[Ksubscription1_[m[Kâ€™?
[2.373s]    26 |         [01;31m[Ksubscription5_[m[K=this->create_subscription<geometry_msgs::msg::PoseStamped>(
[2.373s]       |         [01;31m[K^~~~~~~~~~~~~~[m[K
[2.373s]       |         [32m[Ksubscription1_[m[K
[2.379s] [01m[K/home/robotdeveloper02/IsaacSim-ros_workspaces-main/humble_ws/src/calc_cpp/src/pose_subscriber.cpp:[m[K In member function â€˜[01m[Kvoid calc::topic5_callback(std::shared_ptr<geometry_msgs::msg::PoseStamped_<std::allocator<void> > >)[m[Kâ€™:
[2.379s] [01m[K/home/robotdeveloper02/IsaacSim-ros_workspaces-main/humble_ws/src/calc_cpp/src/pose_subscriber.cpp:97:9:[m[K [01;31m[Kerror: [m[Kâ€˜[01m[Kcameara[m[Kâ€™ was not declared in this scope; did you mean â€˜[01m[Kcamera[m[Kâ€™?
[2.379s]    97 |         [01;31m[Kcameara[m[K[0]=msg->pose.position.x;
[2.379s]       |         [01;31m[K^~~~~~~[m[K
[2.379s]       |         [32m[Kcamera[m[K
[2.380s] [01m[K/home/robotdeveloper02/IsaacSim-ros_workspaces-main/humble_ws/src/calc_cpp/src/pose_subscriber.cpp:[m[K In member function â€˜[01m[Kvoid calc::henkan()[m[Kâ€™:
[2.380s] [01m[K/home/robotdeveloper02/IsaacSim-ros_workspaces-main/humble_ws/src/calc_cpp/src/pose_subscriber.cpp:108:13:[m[K [01;31m[Kerror: [m[Kâ€˜[01m[KVector3[m[Kâ€™ was not declared in this scope
[2.380s]   108 |             [01;31m[KVector3[m[K Transform.TransformPoint(Vector3 Jetbot_world);
[2.380s]       |             [01;31m[K^~~~~~~[m[K
[2.380s] [01m[K/home/robotdeveloper02/IsaacSim-ros_workspaces-main/humble_ws/src/calc_cpp/src/pose_subscriber.cpp:108:13:[m[K [01;36m[Knote: [m[Ksuggested alternatives:
[2.380s] In file included from [01m[K/opt/ros/humble/include/tf2/tf2/LinearMath/Quaternion.h:21[m[K,
[2.380s]                  from [01m[K/opt/ros/humble/include/tf2_geometry_msgs/tf2_geometry_msgs/tf2_geometry_msgs.hpp:56[m[K,
[2.380s]                  from [01m[K/opt/ros/humble/include/tf2_geometry_msgs/tf2_geometry_msgs/tf2_geometry_msgs.h:37[m[K,
[2.380s]                  from [01m[K/home/robotdeveloper02/IsaacSim-ros_workspaces-main/humble_ws/src/calc_cpp/src/pose_subscriber.cpp:3[m[K:
[2.380s] [01m[K/opt/ros/humble/include/tf2/tf2/LinearMath/Vector3.h:38:28:[m[K [01;36m[Knote: [m[K  â€˜[01m[Ktf2::Vector3[m[Kâ€™
[2.380s]    38 | ATTRIBUTE_ALIGNED16(class) [01;36m[KVector3[m[K
[2.380s]       |                            [01;36m[K^~~~~~~[m[K
[2.380s] In file included from [01m[K/opt/ros/humble/include/geometry_msgs/geometry_msgs/msg/detail/transform__struct.hpp:20[m[K,
[2.380s]                  from [01m[K/opt/ros/humble/include/geometry_msgs/geometry_msgs/msg/transform.hpp:7[m[K,
[2.380s]                  from [01m[K/opt/ros/humble/include/tf2_geometry_msgs/tf2_geometry_msgs/tf2_geometry_msgs.hpp:40[m[K,
[2.380s]                  from [01m[K/opt/ros/humble/include/tf2_geometry_msgs/tf2_geometry_msgs/tf2_geometry_msgs.h:37[m[K,
[2.380s]                  from [01m[K/home/robotdeveloper02/IsaacSim-ros_workspaces-main/humble_ws/src/calc_cpp/src/pose_subscriber.cpp:3[m[K:
[2.380s] [01m[K/opt/ros/humble/include/geometry_msgs/geometry_msgs/msg/detail/vector3__struct.hpp:150:7:[m[K [01;36m[Knote: [m[K  â€˜[01m[Kgeometry_msgs::msg::Vector3[m[Kâ€™
[2.380s]   150 | using [01;36m[KVector3[m[K =
[2.380s]       |       [01;36m[K^~~~~~~[m[K
[4.025s] gmake[2]: *** [CMakeFiles/pose_subscriber.dir/build.make:76: CMakeFiles/pose_subscriber.dir/src/pose_subscriber.cpp.o] Error 1
[4.025s] gmake[1]: *** [CMakeFiles/Makefile2:137: CMakeFiles/pose_subscriber.dir/all] Error 2
[4.025s] gmake: *** [Makefile:146: all] Error 2
[4.027s] Invoked command in '/home/robotdeveloper02/IsaacSim-ros_workspaces-main/humble_ws/build/my_cpp_pose_subscriber' returned '2': CMAKE_PREFIX_PATH=${CMAKE_PREFIX_PATH}:/home/robotdeveloper02/IsaacSim-ros_workspaces-main/humble_ws/install/my_ros2_package:/home/robotdeveloper02/IsaacSim-ros_workspaces-main/humble_ws/install/jetbot_controller:/home/robotdeveloper02/IsaacSim-ros_workspaces-main/humble_ws/install/isaac_ros_navigation_goal:/opt/ros/humble /usr/bin/cmake --build /home/robotdeveloper02/IsaacSim-ros_workspaces-main/humble_ws/build/my_cpp_pose_subscriber -- -j16 -l16
