[0.403s] Invoking command in '/home/robotdeveloper02/IsaacSim-ros_workspaces-main/humble_ws/build/my_cpp_pose_subscriber': CMAKE_PREFIX_PATH=/opt/ros/humble /usr/bin/cmake --build /home/robotdeveloper02/IsaacSim-ros_workspaces-main/humble_ws/build/my_cpp_pose_subscriber -- -j16 -l16
[0.487s] [ 50%] [32mBuilding CXX object CMakeFiles/pose_subscriber.dir/src/pose_subscriber.cpp.o[0m
[0.871s] In file included from [01m[K/home/robotdeveloper02/IsaacSim-ros_workspaces-main/humble_ws/src/calc_cpp/src/pose_subscriber.cpp:4[m[K:
[0.871s] [01m[K/opt/ros/humble/include/tf2_geometry_msgs/tf2_geometry_msgs/tf2_geometry_msgs.h:35:2:[m[K [01;35m[Kwarning: [m[K#warning This header is obsolete, please include tf2_geometry_msgs/tf2_geometry_msgs.hpp instead [[01;35m[K]8;;https://gcc.gnu.org/onlinedocs/gcc/Warning-Options.html#index-Wcpp-Wcpp]8;;[m[K]
[0.871s]    35 | #[01;35m[Kwarning[m[K This header is obsolete, please include tf2_geometry_msgs/tf2_geometry_msgs.hpp instead
[0.871s]       |  [01;35m[K^~~~~~~[m[K
[2.500s] [01m[K/home/robotdeveloper02/IsaacSim-ros_workspaces-main/humble_ws/src/calc_cpp/src/pose_subscriber.cpp:61:17:[m[K [01;31m[Kerror: [m[Kâ€˜[01m[KParticle[m[Kâ€™ was not declared in this scope
[2.500s]    61 |     std::vector<[01;31m[KParticle[m[K> particles_;
[2.500s]       |                 [01;31m[K^~~~~~~~[m[K
[2.500s] [01m[K/home/robotdeveloper02/IsaacSim-ros_workspaces-main/humble_ws/src/calc_cpp/src/pose_subscriber.cpp:61:25:[m[K [01;31m[Kerror: [m[Ktemplate argument 1 is invalid
[2.500s]    61 |     std::vector<Particle[01;31m[K>[m[K particles_;
[2.500s]       |                         [01;31m[K^[m[K
[2.500s] [01m[K/home/robotdeveloper02/IsaacSim-ros_workspaces-main/humble_ws/src/calc_cpp/src/pose_subscriber.cpp:61:25:[m[K [01;31m[Kerror: [m[Ktemplate argument 2 is invalid
[2.508s] [01m[K/home/robotdeveloper02/IsaacSim-ros_workspaces-main/humble_ws/src/calc_cpp/src/pose_subscriber.cpp:[m[K In member function â€˜[01m[Kvoid calc::init_particles()[m[Kâ€™:
[2.508s] [01m[K/home/robotdeveloper02/IsaacSim-ros_workspaces-main/humble_ws/src/calc_cpp/src/pose_subscriber.cpp:72:20:[m[K [01;31m[Kerror: [m[Krequest for member â€˜[01m[Kresize[m[Kâ€™ in â€˜[01m[K((calc*)this)->calc::particles_[m[Kâ€™, which is of non-class type â€˜[01m[Kint[m[Kâ€™
[2.508s]    72 |         particles_.[01;31m[Kresize[m[K(particle_count_);
[2.508s]       |                    [01;31m[K^~~~~~[m[K
[2.509s] [01m[K/home/robotdeveloper02/IsaacSim-ros_workspaces-main/humble_ws/src/calc_cpp/src/pose_subscriber.cpp:73:24:[m[K [01;31m[Kerror: [m[Kâ€˜[01m[Kbegin[m[Kâ€™ was not declared in this scope; did you mean â€˜[01m[Kstd::begin[m[Kâ€™?
[2.509s]    73 |         for (auto& p : [01;31m[Kparticles_[m[K) {
[2.509s]       |                        [01;31m[K^~~~~~~~~~[m[K
[2.509s]       |                        [32m[Kstd::begin[m[K
[2.509s] In file included from [01m[K/usr/include/c++/11/array:41[m[K,
[2.509s]                  from [01m[K/usr/include/c++/11/tuple:39[m[K,
[2.509s]                  from [01m[K/usr/include/c++/11/bits/unique_ptr.h:37[m[K,
[2.509s]                  from [01m[K/usr/include/c++/11/memory:76[m[K,
[2.509s]                  from [01m[K/opt/ros/humble/include/rclcpp/rclcpp/rclcpp.hpp:153[m[K,
[2.509s]                  from [01m[K/home/robotdeveloper02/IsaacSim-ros_workspaces-main/humble_ws/src/calc_cpp/src/pose_subscriber.cpp:1[m[K:
[2.509s] [01m[K/usr/include/c++/11/bits/range_access.h:108:37:[m[K [01;36m[Knote: [m[Kâ€˜[01m[Kstd::begin[m[Kâ€™ declared here
[2.509s]   108 |   template<typename _Tp> const _Tp* [01;36m[Kbegin[m[K(const valarray<_Tp>&) noexcept;
[2.509s]       |                                     [01;36m[K^~~~~[m[K
[2.509s] [01m[K/home/robotdeveloper02/IsaacSim-ros_workspaces-main/humble_ws/src/calc_cpp/src/pose_subscriber.cpp:73:24:[m[K [01;31m[Kerror: [m[Kâ€˜[01m[Kend[m[Kâ€™ was not declared in this scope; did you mean â€˜[01m[Kstd::end[m[Kâ€™?
[2.509s]    73 |         for (auto& p : [01;31m[Kparticles_[m[K) {
[2.509s]       |                        [01;31m[K^~~~~~~~~~[m[K
[2.509s]       |                        [32m[Kstd::end[m[K
[2.509s] In file included from [01m[K/usr/include/c++/11/array:41[m[K,
[2.509s]                  from [01m[K/usr/include/c++/11/tuple:39[m[K,
[2.509s]                  from [01m[K/usr/include/c++/11/bits/unique_ptr.h:37[m[K,
[2.510s]                  from [01m[K/usr/include/c++/11/memory:76[m[K,
[2.510s]                  from [01m[K/opt/ros/humble/include/rclcpp/rclcpp/rclcpp.hpp:153[m[K,
[2.510s]                  from [01m[K/home/robotdeveloper02/IsaacSim-ros_workspaces-main/humble_ws/src/calc_cpp/src/pose_subscriber.cpp:1[m[K:
[2.510s] [01m[K/usr/include/c++/11/bits/range_access.h:110:37:[m[K [01;36m[Knote: [m[Kâ€˜[01m[Kstd::end[m[Kâ€™ declared here
[2.510s]   110 |   template<typename _Tp> const _Tp* [01;36m[Kend[m[K(const valarray<_Tp>&) noexcept;
[2.510s]       |                                     [01;36m[K^~~[m[K
[2.517s] [01m[K/home/robotdeveloper02/IsaacSim-ros_workspaces-main/humble_ws/src/calc_cpp/src/pose_subscriber.cpp:[m[K In member function â€˜[01m[Kvoid calc::calculate_distance()[m[Kâ€™:
[2.517s] [01m[K/home/robotdeveloper02/IsaacSim-ros_workspaces-main/humble_ws/src/calc_cpp/src/pose_subscriber.cpp:156:28:[m[K [01;31m[Kerror: [m[Kâ€˜[01m[Kbegin[m[Kâ€™ was not declared in this scope; did you mean â€˜[01m[Kstd::begin[m[Kâ€™?
[2.517s]   156 |             for (auto& p : [01;31m[Kparticles_[m[K) {
[2.517s]       |                            [01;31m[K^~~~~~~~~~[m[K
[2.517s]       |                            [32m[Kstd::begin[m[K
[2.517s] In file included from [01m[K/usr/include/c++/11/array:41[m[K,
[2.517s]                  from [01m[K/usr/include/c++/11/tuple:39[m[K,
[2.517s]                  from [01m[K/usr/include/c++/11/bits/unique_ptr.h:37[m[K,
[2.517s]                  from [01m[K/usr/include/c++/11/memory:76[m[K,
[2.517s]                  from [01m[K/opt/ros/humble/include/rclcpp/rclcpp/rclcpp.hpp:153[m[K,
[2.517s]                  from [01m[K/home/robotdeveloper02/IsaacSim-ros_workspaces-main/humble_ws/src/calc_cpp/src/pose_subscriber.cpp:1[m[K:
[2.517s] [01m[K/usr/include/c++/11/bits/range_access.h:108:37:[m[K [01;36m[Knote: [m[Kâ€˜[01m[Kstd::begin[m[Kâ€™ declared here
[2.517s]   108 |   template<typename _Tp> const _Tp* [01;36m[Kbegin[m[K(const valarray<_Tp>&) noexcept;
[2.518s]       |                                     [01;36m[K^~~~~[m[K
[2.518s] [01m[K/home/robotdeveloper02/IsaacSim-ros_workspaces-main/humble_ws/src/calc_cpp/src/pose_subscriber.cpp:156:28:[m[K [01;31m[Kerror: [m[Kâ€˜[01m[Kend[m[Kâ€™ was not declared in this scope; did you mean â€˜[01m[Kstd::end[m[Kâ€™?
[2.518s]   156 |             for (auto& p : [01;31m[Kparticles_[m[K) {
[2.518s]       |                            [01;31m[K^~~~~~~~~~[m[K
[2.518s]       |                            [32m[Kstd::end[m[K
[2.518s] In file included from [01m[K/usr/include/c++/11/array:41[m[K,
[2.518s]                  from [01m[K/usr/include/c++/11/tuple:39[m[K,
[2.518s]                  from [01m[K/usr/include/c++/11/bits/unique_ptr.h:37[m[K,
[2.518s]                  from [01m[K/usr/include/c++/11/memory:76[m[K,
[2.518s]                  from [01m[K/opt/ros/humble/include/rclcpp/rclcpp/rclcpp.hpp:153[m[K,
[2.518s]                  from [01m[K/home/robotdeveloper02/IsaacSim-ros_workspaces-main/humble_ws/src/calc_cpp/src/pose_subscriber.cpp:1[m[K:
[2.518s] [01m[K/usr/include/c++/11/bits/range_access.h:110:37:[m[K [01;36m[Knote: [m[Kâ€˜[01m[Kstd::end[m[Kâ€™ declared here
[2.518s]   110 |   template<typename _Tp> const _Tp* [01;36m[Kend[m[K(const valarray<_Tp>&) noexcept;
[2.518s]       |                                     [01;36m[K^~~[m[K
[2.518s] [01m[K/home/robotdeveloper02/IsaacSim-ros_workspaces-main/humble_ws/src/calc_cpp/src/pose_subscriber.cpp:163:90:[m[K [01;31m[Kerror: [m[Kinvalid initialization of reference of type â€˜[01m[Kconst tf2::Vector3&[m[Kâ€™ from expression of type â€˜[01m[Kdouble [3][m[Kâ€™
[2.518s]   163 | hood = 1.0 / (1.0 + std::abs(expected_d1 - tf2::tf2Distance([01;31m[KRobot[m[K, Anchor_1_position))) *
[2.518s]       |                                                             [01;31m[K^~~~~[m[K
[2.518s] 
[2.518s] In file included from [01m[K/opt/ros/humble/include/tf2/tf2/LinearMath/Quaternion.h:21[m[K,
[2.518s]                  from [01m[K/opt/ros/humble/include/tf2_geometry_msgs/tf2_geometry_msgs/tf2_geometry_msgs.hpp:56[m[K,
[2.518s]                  from [01m[K/opt/ros/humble/include/tf2_geometry_msgs/tf2_geometry_msgs/tf2_geometry_msgs.h:37[m[K,
[2.518s]                  from [01m[K/home/robotdeveloper02/IsaacSim-ros_workspaces-main/humble_ws/src/calc_cpp/src/pose_subscriber.cpp:4[m[K:
[2.518s] [01m[K/opt/ros/humble/include/tf2/tf2/LinearMath/Vector3.h:429:28:[m[K [01;36m[Knote: [m[Kin passing argument 1 of â€˜[01m[Ktf2Scalar tf2::tf2Distance(const tf2::Vector3&, const tf2::Vector3&)[m[Kâ€™
[2.519s]   429 | tf2Distance([01;36m[Kconst Vector3& v1[m[K, const Vector3& v2)
[2.519s]       |             [01;36m[K~~~~~~~~~~~~~~~^~[m[K
[2.519s] [01m[K/home/robotdeveloper02/IsaacSim-ros_workspaces-main/humble_ws/src/calc_cpp/src/pose_subscriber.cpp:164:90:[m[K [01;31m[Kerror: [m[Kinvalid initialization of reference of type â€˜[01m[Kconst tf2::Vector3&[m[Kâ€™ from expression of type â€˜[01m[Kdouble [3][m[Kâ€™
[2.519s]   164 |        1.0 / (1.0 + std::abs(expected_d2 - tf2::tf2Distance([01;31m[KRobot[m[K, Anchor_2_position))) *
[2.519s]       |                                                             [01;31m[K^~~~~[m[K
[2.519s] 
[2.519s] In file included from [01m[K/opt/ros/humble/include/tf2/tf2/LinearMath/Quaternion.h:21[m[K,
[2.519s]                  from [01m[K/opt/ros/humble/include/tf2_geometry_msgs/tf2_geometry_msgs/tf2_geometry_msgs.hpp:56[m[K,
[2.519s]                  from [01m[K/opt/ros/humble/include/tf2_geometry_msgs/tf2_geometry_msgs/tf2_geometry_msgs.h:37[m[K,
[2.519s]                  from [01m[K/home/robotdeveloper02/IsaacSim-ros_workspaces-main/humble_ws/src/calc_cpp/src/pose_subscriber.cpp:4[m[K:
[2.519s] [01m[K/opt/ros/humble/include/tf2/tf2/LinearMath/Vector3.h:429:28:[m[K [01;36m[Knote: [m[Kin passing argument 1 of â€˜[01m[Ktf2Scalar tf2::tf2Distance(const tf2::Vector3&, const tf2::Vector3&)[m[Kâ€™
[2.519s]   429 | tf2Distance([01;36m[Kconst Vector3& v1[m[K, const Vector3& v2)
[2.519s]       |             [01;36m[K~~~~~~~~~~~~~~~^~[m[K
[2.519s] [01m[K/home/robotdeveloper02/IsaacSim-ros_workspaces-main/humble_ws/src/calc_cpp/src/pose_subscriber.cpp:165:90:[m[K [01;31m[Kerror: [m[Kinvalid initialization of reference of type â€˜[01m[Kconst tf2::Vector3&[m[Kâ€™ from expression of type â€˜[01m[Kdouble [3][m[Kâ€™
[2.519s]   165 |        1.0 / (1.0 + std::abs(expected_d3 - tf2::tf2Distance([01;31m[KRobot[m[K, Anchor_3_position))) *
[2.519s]       |                                                             [01;31m[K^~~~~[m[K
[2.519s] 
[2.519s] In file included from [01m[K/opt/ros/humble/include/tf2/tf2/LinearMath/Quaternion.h:21[m[K,
[2.519s]                  from [01m[K/opt/ros/humble/include/tf2_geometry_msgs/tf2_geometry_msgs/tf2_geometry_msgs.hpp:56[m[K,
[2.519s]                  from [01m[K/opt/ros/humble/include/tf2_geometry_msgs/tf2_geometry_msgs/tf2_geometry_msgs.h:37[m[K,
[2.519s]                  from [01m[K/home/robotdeveloper02/IsaacSim-ros_workspaces-main/humble_ws/src/calc_cpp/src/pose_subscriber.cpp:4[m[K:
[2.519s] [01m[K/opt/ros/humble/include/tf2/tf2/LinearMath/Vector3.h:429:28:[m[K [01;36m[Knote: [m[Kin passing argument 1 of â€˜[01m[Ktf2Scalar tf2::tf2Distance(const tf2::Vector3&, const tf2::Vector3&)[m[Kâ€™
[2.519s]   429 | tf2Distance([01;36m[Kconst Vector3& v1[m[K, const Vector3& v2)
[2.519s]       |             [01;36m[K~~~~~~~~~~~~~~~^~[m[K
[2.519s] [01m[K/home/robotdeveloper02/IsaacSim-ros_workspaces-main/humble_ws/src/calc_cpp/src/pose_subscriber.cpp:166:90:[m[K [01;31m[Kerror: [m[Kinvalid initialization of reference of type â€˜[01m[Kconst tf2::Vector3&[m[Kâ€™ from expression of type â€˜[01m[Kdouble [3][m[Kâ€™
[2.519s]   166 |        1.0 / (1.0 + std::abs(expected_d4 - tf2::tf2Distance([01;31m[KRobot[m[K, Anchor_4_position)));
[2.519s]       |                                                             [01;31m[K^~~~~[m[K
[2.519s] 
[2.519s] In file included from [01m[K/opt/ros/humble/include/tf2/tf2/LinearMath/Quaternion.h:21[m[K,
[2.519s]                  from [01m[K/opt/ros/humble/include/tf2_geometry_msgs/tf2_geometry_msgs/tf2_geometry_msgs.hpp:56[m[K,
[2.519s]                  from [01m[K/opt/ros/humble/include/tf2_geometry_msgs/tf2_geometry_msgs/tf2_geometry_msgs.h:37[m[K,
[2.520s]                  from [01m[K/home/robotdeveloper02/IsaacSim-ros_workspaces-main/humble_ws/src/calc_cpp/src/pose_subscriber.cpp:4[m[K:
[2.520s] [01m[K/opt/ros/humble/include/tf2/tf2/LinearMath/Vector3.h:429:28:[m[K [01;36m[Knote: [m[Kin passing argument 1 of â€˜[01m[Ktf2Scalar tf2::tf2Distance(const tf2::Vector3&, const tf2::Vector3&)[m[Kâ€™
[2.520s]   429 | tf2Distance([01;36m[Kconst Vector3& v1[m[K, const Vector3& v2)
[2.520s]       |             [01;36m[K~~~~~~~~~~~~~~~^~[m[K
[2.520s] [01m[K/home/robotdeveloper02/IsaacSim-ros_workspaces-main/humble_ws/src/calc_cpp/src/pose_subscriber.cpp:[m[K In member function â€˜[01m[Kvoid calc::normalize_weights()[m[Kâ€™:
[2.520s] [01m[K/home/robotdeveloper02/IsaacSim-ros_workspaces-main/humble_ws/src/calc_cpp/src/pose_subscriber.cpp:178:57:[m[K [01;31m[Kerror: [m[Krequest for member â€˜[01m[Kbegin[m[Kâ€™ in â€˜[01m[K((calc*)this)->calc::particles_[m[Kâ€™, which is of non-class type â€˜[01m[Kint[m[Kâ€™
[2.520s]   178 |         double sum_weights = std::accumulate(particles_.[01;31m[Kbegin[m[K(), particles_.end(), 0.0,
[2.520s]       |                                                         [01;31m[K^~~~~[m[K
[2.520s] [01m[K/home/robotdeveloper02/IsaacSim-ros_workspaces-main/humble_ws/src/calc_cpp/src/pose_subscriber.cpp:178:77:[m[K [01;31m[Kerror: [m[Krequest for member â€˜[01m[Kend[m[Kâ€™ in â€˜[01m[K((calc*)this)->calc::particles_[m[Kâ€™, which is of non-class type â€˜[01m[Kint[m[Kâ€™
[2.520s]   178 | um_weights = std::accumulate(particles_.begin(), particles_.[01;31m[Kend[m[K(), 0.0,
[2.520s]       |                                                             [01;31m[K^~~[m[K
[2.520s] 
[2.520s] [01m[K/home/robotdeveloper02/IsaacSim-ros_workspaces-main/humble_ws/src/calc_cpp/src/pose_subscriber.cpp:180:24:[m[K [01;31m[Kerror: [m[Kâ€˜[01m[Kbegin[m[Kâ€™ was not declared in this scope; did you mean â€˜[01m[Kstd::begin[m[Kâ€™?
[2.520s]   180 |         for (auto& p : [01;31m[Kparticles_[m[K) {
[2.520s]       |                        [01;31m[K^~~~~~~~~~[m[K
[2.520s]       |                        [32m[Kstd::begin[m[K
[2.520s] In file included from [01m[K/usr/include/c++/11/array:41[m[K,
[2.520s]                  from [01m[K/usr/include/c++/11/tuple:39[m[K,
[2.520s]                  from [01m[K/usr/include/c++/11/bits/unique_ptr.h:37[m[K,
[2.520s]                  from [01m[K/usr/include/c++/11/memory:76[m[K,
[2.520s]                  from [01m[K/opt/ros/humble/include/rclcpp/rclcpp/rclcpp.hpp:153[m[K,
[2.520s]                  from [01m[K/home/robotdeveloper02/IsaacSim-ros_workspaces-main/humble_ws/src/calc_cpp/src/pose_subscriber.cpp:1[m[K:
[2.520s] [01m[K/usr/include/c++/11/bits/range_access.h:108:37:[m[K [01;36m[Knote: [m[Kâ€˜[01m[Kstd::begin[m[Kâ€™ declared here
[2.520s]   108 |   template<typename _Tp> const _Tp* [01;36m[Kbegin[m[K(const valarray<_Tp>&) noexcept;
[2.520s]       |                                     [01;36m[K^~~~~[m[K
[2.520s] [01m[K/home/robotdeveloper02/IsaacSim-ros_workspaces-main/humble_ws/src/calc_cpp/src/pose_subscriber.cpp:180:24:[m[K [01;31m[Kerror: [m[Kâ€˜[01m[Kend[m[Kâ€™ was not declared in this scope; did you mean â€˜[01m[Kstd::end[m[Kâ€™?
[2.520s]   180 |         for (auto& p : [01;31m[Kparticles_[m[K) {
[2.520s]       |                        [01;31m[K^~~~~~~~~~[m[K
[2.520s]       |                        [32m[Kstd::end[m[K
[2.520s] In file included from [01m[K/usr/include/c++/11/array:41[m[K,
[2.521s]                  from [01m[K/usr/include/c++/11/tuple:39[m[K,
[2.521s]                  from [01m[K/usr/include/c++/11/bits/unique_ptr.h:37[m[K,
[2.521s]                  from [01m[K/usr/include/c++/11/memory:76[m[K,
[2.521s]                  from [01m[K/opt/ros/humble/include/rclcpp/rclcpp/rclcpp.hpp:153[m[K,
[2.521s]                  from [01m[K/home/robotdeveloper02/IsaacSim-ros_workspaces-main/humble_ws/src/calc_cpp/src/pose_subscriber.cpp:1[m[K:
[2.521s] [01m[K/usr/include/c++/11/bits/range_access.h:110:37:[m[K [01;36m[Knote: [m[Kâ€˜[01m[Kstd::end[m[Kâ€™ declared here
[2.521s]   110 |   template<typename _Tp> const _Tp* [01;36m[Kend[m[K(const valarray<_Tp>&) noexcept;
[2.521s]       |                                     [01;36m[K^~~[m[K
[2.521s] [01m[K/home/robotdeveloper02/IsaacSim-ros_workspaces-main/humble_ws/src/calc_cpp/src/pose_subscriber.cpp:[m[K In member function â€˜[01m[Kvoid calc::estimate_position()[m[Kâ€™:
[2.521s] [01m[K/home/robotdeveloper02/IsaacSim-ros_workspaces-main/humble_ws/src/calc_cpp/src/pose_subscriber.cpp:187:30:[m[K [01;31m[Kerror: [m[Kâ€˜[01m[Kbegin[m[Kâ€™ was not declared in this scope; did you mean â€˜[01m[Kstd::begin[m[Kâ€™?
[2.521s]   187 |         for (const auto& p : [01;31m[Kparticles_[m[K) {
[2.521s]       |                              [01;31m[K^~~~~~~~~~[m[K
[2.521s]       |                              [32m[Kstd::begin[m[K
[2.521s] In file included from [01m[K/usr/include/c++/11/array:41[m[K,
[2.521s]                  from [01m[K/usr/include/c++/11/tuple:39[m[K,
[2.521s]                  from [01m[K/usr/include/c++/11/bits/unique_ptr.h:37[m[K,
[2.521s]                  from [01m[K/usr/include/c++/11/memory:76[m[K,
[2.521s]                  from [01m[K/opt/ros/humble/include/rclcpp/rclcpp/rclcpp.hpp:153[m[K,
[2.521s]                  from [01m[K/home/robotdeveloper02/IsaacSim-ros_workspaces-main/humble_ws/src/calc_cpp/src/pose_subscriber.cpp:1[m[K:
[2.521s] [01m[K/usr/include/c++/11/bits/range_access.h:108:37:[m[K [01;36m[Knote: [m[Kâ€˜[01m[Kstd::begin[m[Kâ€™ declared here
[2.521s]   108 |   template<typename _Tp> const _Tp* [01;36m[Kbegin[m[K(const valarray<_Tp>&) noexcept;
[2.521s]       |                                     [01;36m[K^~~~~[m[K
[2.521s] [01m[K/home/robotdeveloper02/IsaacSim-ros_workspaces-main/humble_ws/src/calc_cpp/src/pose_subscriber.cpp:187:30:[m[K [01;31m[Kerror: [m[Kâ€˜[01m[Kend[m[Kâ€™ was not declared in this scope; did you mean â€˜[01m[Kstd::end[m[Kâ€™?
[2.521s]   187 |         for (const auto& p : [01;31m[Kparticles_[m[K) {
[2.521s]       |                              [01;31m[K^~~~~~~~~~[m[K
[2.521s]       |                              [32m[Kstd::end[m[K
[2.521s] In file included from [01m[K/usr/include/c++/11/array:41[m[K,
[2.521s]                  from [01m[K/usr/include/c++/11/tuple:39[m[K,
[2.521s]                  from [01m[K/usr/include/c++/11/bits/unique_ptr.h:37[m[K,
[2.521s]                  from [01m[K/usr/include/c++/11/memory:76[m[K,
[2.521s]                  from [01m[K/opt/ros/humble/include/rclcpp/rclcpp/rclcpp.hpp:153[m[K,
[2.522s]                  from [01m[K/home/robotdeveloper02/IsaacSim-ros_workspaces-main/humble_ws/src/calc_cpp/src/pose_subscriber.cpp:1[m[K:
[2.522s] [01m[K/usr/include/c++/11/bits/range_access.h:110:37:[m[K [01;36m[Knote: [m[Kâ€˜[01m[Kstd::end[m[Kâ€™ declared here
[2.522s]   110 |   template<typename _Tp> const _Tp* [01;36m[Kend[m[K(const valarray<_Tp>&) noexcept;
[2.522s]       |                                     [01;36m[K^~~[m[K
[2.522s] [01m[K/home/robotdeveloper02/IsaacSim-ros_workspaces-main/humble_ws/src/calc_cpp/src/pose_subscriber.cpp:[m[K In member function â€˜[01m[Kvoid calc::resample_particles()[m[Kâ€™:
[2.522s] [01m[K/home/robotdeveloper02/IsaacSim-ros_workspaces-main/humble_ws/src/calc_cpp/src/pose_subscriber.cpp:202:59:[m[K [01;31m[Kerror: [m[Krequest for member â€˜[01m[Kbegin[m[Kâ€™ in â€˜[01m[K((calc*)this)->calc::particles_[m[Kâ€™, which is of non-class type â€˜[01m[Kint[m[Kâ€™
[2.522s]   202 |         double max_weight = (*std::max_element(particles_.[01;31m[Kbegin[m[K(), particles_.end(),
[2.522s]       |                                                           [01;31m[K^~~~~[m[K
[2.522s] [01m[K/home/robotdeveloper02/IsaacSim-ros_workspaces-main/humble_ws/src/calc_cpp/src/pose_subscriber.cpp:202:79:[m[K [01;31m[Kerror: [m[Krequest for member â€˜[01m[Kend[m[Kâ€™ in â€˜[01m[K((calc*)this)->calc::particles_[m[Kâ€™, which is of non-class type â€˜[01m[Kint[m[Kâ€™
[2.522s]   202 | e max_weight = (*std::max_element(particles_.begin(), particles_.[01;31m[Kend[m[K(),
[2.522s]       |                                                                  [01;31m[K^~~[m[K
[2.522s] 
[2.522s] [01m[K/home/robotdeveloper02/IsaacSim-ros_workspaces-main/humble_ws/src/calc_cpp/src/pose_subscriber.cpp:209:37:[m[K [01;31m[Kerror: [m[Kinvalid types â€˜[01m[Kint[int][m[Kâ€™ for array subscript
[2.522s]   209 |             while (beta > particles_[01;31m[K[[m[Kindex].weight) {
[2.522s]       |                                     [01;31m[K^[m[K
[2.522s] [01m[K/home/robotdeveloper02/IsaacSim-ros_workspaces-main/humble_ws/src/calc_cpp/src/pose_subscriber.cpp:210:35:[m[K [01;31m[Kerror: [m[Kinvalid types â€˜[01m[Kint[int][m[Kâ€™ for array subscript
[2.522s]   210 |                 beta -= particles_[01;31m[K[[m[Kindex].weight;
[2.522s]       |                                   [01;31m[K^[m[K
[2.522s] [01m[K/home/robotdeveloper02/IsaacSim-ros_workspaces-main/humble_ws/src/calc_cpp/src/pose_subscriber.cpp:213:47:[m[K [01;31m[Kerror: [m[Kinvalid types â€˜[01m[Kint[int][m[Kâ€™ for array subscript
[2.522s]   213 |             new_particles.push_back(particles_[01;31m[K[[m[Kindex]);
[2.522s]       |                                               [01;31m[K^[m[K
[2.522s] [01m[K/home/robotdeveloper02/IsaacSim-ros_workspaces-main/humble_ws/src/calc_cpp/src/pose_subscriber.cpp:216:22:[m[K [01;31m[Kerror: [m[Kcannot convert â€˜[01m[Kstd::vector<calc::Particle>[m[Kâ€™ to â€˜[01m[Kint[m[Kâ€™ in assignment
[2.522s]   216 |         particles_ = [01;31m[Knew_particles[m[K;
[2.522s]       |                      [01;31m[K^~~~~~~~~~~~~[m[K
[2.522s]       |                      [01;31m[K|[m[K
[2.522s]       |                      [01;31m[Kstd::vector<calc::Particle>[m[K
[2.522s] [01m[K/home/robotdeveloper02/IsaacSim-ros_workspaces-main/humble_ws/src/calc_cpp/src/pose_subscriber.cpp:[m[K In member function â€˜[01m[Kvoid calc::parse_robot_position(const string&)[m[Kâ€™:
[2.522s] [01m[K/home/robotdeveloper02/IsaacSim-ros_workspaces-main/humble_ws/src/calc_cpp/src/pose_subscriber.cpp:220:50:[m[K [01;35m[Kwarning: [m[Kunused parameter â€˜[01m[Kdata[m[Kâ€™ [[01;35m[K]8;;https://gcc.gnu.org/onlinedocs/gcc/Warning-Options.html#index-Wunused-parameter-Wunused-parameter]8;;[m[K]
[2.522s]   220 |     void parse_robot_position([01;35m[Kconst std::string& data[m[K) {
[2.522s]       |                               [01;35m[K~~~~~~~~~~~~~~~~~~~^~~~[m[K
[4.501s] gmake[2]: *** [CMakeFiles/pose_subscriber.dir/build.make:76: CMakeFiles/pose_subscriber.dir/src/pose_subscriber.cpp.o] Error 1
[4.501s] gmake[1]: *** [CMakeFiles/Makefile2:137: CMakeFiles/pose_subscriber.dir/all] Error 2
[4.501s] gmake: *** [Makefile:146: all] Error 2
[4.502s] Invoked command in '/home/robotdeveloper02/IsaacSim-ros_workspaces-main/humble_ws/build/my_cpp_pose_subscriber' returned '2': CMAKE_PREFIX_PATH=/opt/ros/humble /usr/bin/cmake --build /home/robotdeveloper02/IsaacSim-ros_workspaces-main/humble_ws/build/my_cpp_pose_subscriber -- -j16 -l16
