[0.437s] Invoking command in '/home/robotdeveloper02/IsaacSim-ros_workspaces-main/humble_ws/build/my_cpp_pose_subscriber': CMAKE_PREFIX_PATH=${CMAKE_PREFIX_PATH}:/home/robotdeveloper02/IsaacSim-ros_workspaces-main/humble_ws/install/my_ros2_package:/home/robotdeveloper02/IsaacSim-ros_workspaces-main/humble_ws/install/jetbot_controller:/home/robotdeveloper02/IsaacSim-ros_workspaces-main/humble_ws/install/isaac_ros_navigation_goal:/opt/ros/humble /usr/bin/cmake --build /home/robotdeveloper02/IsaacSim-ros_workspaces-main/humble_ws/build/my_cpp_pose_subscriber -- -j16 -l16
[0.475s] [35m[1mConsolidate compiler generated dependencies of target pose_subscriber[0m
[0.489s] [ 50%] [32mBuilding CXX object CMakeFiles/pose_subscriber.dir/src/pose_subscriber.cpp.o[0m
[0.632s] In file included from [01m[K/home/robotdeveloper02/IsaacSim-ros_workspaces-main/humble_ws/src/calc_cpp/src/pose_subscriber.cpp:4[m[K:
[0.632s] [01m[K/opt/ros/humble/include/tf2_geometry_msgs/tf2_geometry_msgs/tf2_geometry_msgs.h:35:2:[m[K [01;35m[Kwarning: [m[K#warning This header is obsolete, please include tf2_geometry_msgs/tf2_geometry_msgs.hpp instead [[01;35m[K]8;;https://gcc.gnu.org/onlinedocs/gcc/Warning-Options.html#index-Wcpp-Wcpp]8;;[m[K]
[0.632s]    35 | #[01;35m[Kwarning[m[K This header is obsolete, please include tf2_geometry_msgs/tf2_geometry_msgs.hpp instead
[0.632s]       |  [01;35m[K^~~~~~~[m[K
[2.562s] [01m[K/home/robotdeveloper02/IsaacSim-ros_workspaces-main/humble_ws/src/calc_cpp/src/pose_subscriber.cpp:137:18:[m[K [01;31m[Kerror: [m[Kredeclaration of â€˜[01m[Ktf2::Vector3 calc::Anchor_1_position_vector[m[Kâ€™
[2.562s]   137 |     tf2::Vector3 [01;31m[KAnchor_1_position_vector[m[K;
[2.562s]       |                  [01;31m[K^~~~~~~~~~~~~~~~~~~~~~~~[m[K
[2.563s] [01m[K/home/robotdeveloper02/IsaacSim-ros_workspaces-main/humble_ws/src/calc_cpp/src/pose_subscriber.cpp:136:18:[m[K [01;36m[Knote: [m[Kprevious declaration â€˜[01m[Ktf2::Vector3 calc::Anchor_1_position_vector[m[Kâ€™
[2.563s]   136 |     tf2::Vector3 [01;36m[KAnchor_1_position_vector[m[K;
[2.563s]       |                  [01;36m[K^~~~~~~~~~~~~~~~~~~~~~~~[m[K
[2.583s] [01m[K/home/robotdeveloper02/IsaacSim-ros_workspaces-main/humble_ws/src/calc_cpp/src/pose_subscriber.cpp:[m[K In member function â€˜[01m[Kvoid calc::calculate_distance()[m[Kâ€™:
[2.583s] [01m[K/home/robotdeveloper02/IsaacSim-ros_workspaces-main/humble_ws/src/calc_cpp/src/pose_subscriber.cpp:111:39:[m[K [01;31m[Kerror: [m[Kâ€˜[01m[KFalling_vector[m[Kâ€™ was not declared in this scope
[2.583s]   111 |             distance=tf2::tf2Distance([01;31m[KFalling_vector[m[K,Fixed_vector);
[2.583s]       |                                       [01;31m[K^~~~~~~~~~~~~~[m[K
[2.588s] [01m[K/home/robotdeveloper02/IsaacSim-ros_workspaces-main/humble_ws/src/calc_cpp/src/pose_subscriber.cpp:111:54:[m[K [01;31m[Kerror: [m[Kâ€˜[01m[KFixed_vector[m[Kâ€™ was not declared in this scope
[2.588s]   111 |             distance=tf2::tf2Distance(Falling_vector,[01;31m[KFixed_vector[m[K);
[2.589s]       |                                                      [01;31m[K^~~~~~~~~~~~[m[K
[4.822s] gmake[2]: *** [CMakeFiles/pose_subscriber.dir/build.make:76: CMakeFiles/pose_subscriber.dir/src/pose_subscriber.cpp.o] Error 1
[4.823s] gmake[1]: *** [CMakeFiles/Makefile2:137: CMakeFiles/pose_subscriber.dir/all] Error 2
[4.823s] gmake: *** [Makefile:146: all] Error 2
[4.825s] Invoked command in '/home/robotdeveloper02/IsaacSim-ros_workspaces-main/humble_ws/build/my_cpp_pose_subscriber' returned '2': CMAKE_PREFIX_PATH=${CMAKE_PREFIX_PATH}:/home/robotdeveloper02/IsaacSim-ros_workspaces-main/humble_ws/install/my_ros2_package:/home/robotdeveloper02/IsaacSim-ros_workspaces-main/humble_ws/install/jetbot_controller:/home/robotdeveloper02/IsaacSim-ros_workspaces-main/humble_ws/install/isaac_ros_navigation_goal:/opt/ros/humble /usr/bin/cmake --build /home/robotdeveloper02/IsaacSim-ros_workspaces-main/humble_ws/build/my_cpp_pose_subscriber -- -j16 -l16
