[35m[1mConsolidate compiler generated dependencies of target pose_subscriber[0m
[ 50%] [32mBuilding CXX object CMakeFiles/pose_subscriber.dir/src/pose_subscriber.cpp.o[0m
In file included from [01m[K/home/robotdeveloper02/IsaacSim-ros_workspaces-main/humble_ws/src/calc_cpp/src/pose_subscriber.cpp:3[m[K:
[01m[K/opt/ros/humble/include/tf2_geometry_msgs/tf2_geometry_msgs/tf2_geometry_msgs.h:35:2:[m[K [01;35m[Kwarning: [m[K#warning This header is obsolete, please include tf2_geometry_msgs/tf2_geometry_msgs.hpp instead [[01;35m[K]8;;https://gcc.gnu.org/onlinedocs/gcc/Warning-Options.html#index-Wcpp-Wcpp]8;;[m[K]
   35 | #[01;35m[Kwarning[m[K This header is obsolete, please include tf2_geometry_msgs/tf2_geometry_msgs.hpp instead
      |  [01;35m[K^~~~~~~[m[K
[01m[K/home/robotdeveloper02/IsaacSim-ros_workspaces-main/humble_ws/src/calc_cpp/src/pose_subscriber.cpp:[m[K In constructor â€˜[01m[Kcalc::calc()[m[Kâ€™:
[01m[K/home/robotdeveloper02/IsaacSim-ros_workspaces-main/humble_ws/src/calc_cpp/src/pose_subscriber.cpp:12:5:[m[K [01;31m[Kerror: [m[Kclass â€˜[01m[Kcalc[m[Kâ€™ does not have any field named â€˜[01m[Ktf_buffer_[m[Kâ€™
   12 |     [01;31m[Ktf_buffer_[m[K(this->get_clock()), tf_listener_(tf_buffer_)
      |     [01;31m[K^~~~~~~~~~[m[K
[01m[K/home/robotdeveloper02/IsaacSim-ros_workspaces-main/humble_ws/src/calc_cpp/src/pose_subscriber.cpp:12:36:[m[K [01;31m[Kerror: [m[Kclass â€˜[01m[Kcalc[m[Kâ€™ does not have any field named â€˜[01m[Ktf_listener_[m[Kâ€™
   12 |     tf_buffer_(this->get_clock()), [01;31m[Ktf_listener_[m[K(tf_buffer_)
      |                                    [01;31m[K^~~~~~~~~~~~[m[K
[01m[K/home/robotdeveloper02/IsaacSim-ros_workspaces-main/humble_ws/src/calc_cpp/src/pose_subscriber.cpp:12:49:[m[K [01;31m[Kerror: [m[Kâ€˜[01m[Ktf_buffer_[m[Kâ€™ was not declared in this scope
   12 |     tf_buffer_(this->get_clock()), tf_listener_([01;31m[Ktf_buffer_[m[K)
      |                                                 [01;31m[K^~~~~~~~~~[m[K
[01m[K/home/robotdeveloper02/IsaacSim-ros_workspaces-main/humble_ws/src/calc_cpp/src/pose_subscriber.cpp:[m[K In member function â€˜[01m[Kvoid calc::topic5_callback(std::shared_ptr<geometry_msgs::msg::PoseStamped_<std::allocator<void> > >)[m[Kâ€™:
[01m[K/home/robotdeveloper02/IsaacSim-ros_workspaces-main/humble_ws/src/calc_cpp/src/pose_subscriber.cpp:74:9:[m[K [01;31m[Kerror: [m[Kâ€˜[01m[Khenkan[m[Kâ€™ was not declared in this scope
   74 |         [01;31m[Khenkan[m[K();
      |         [01;31m[K^~~~~~[m[K
gmake[2]: *** [CMakeFiles/pose_subscriber.dir/build.make:76: CMakeFiles/pose_subscriber.dir/src/pose_subscriber.cpp.o] Error 1
gmake[1]: *** [CMakeFiles/Makefile2:137: CMakeFiles/pose_subscriber.dir/all] Error 2
gmake: *** [Makefile:146: all] Error 2
