In file included from [01m[K/home/robotdeveloper02/IsaacSim-ros_workspaces-main/humble_ws/src/calc_cpp/src/pose_subscriber.cpp:3[m[K:
[01m[K/opt/ros/humble/include/tf2_geometry_msgs/tf2_geometry_msgs/tf2_geometry_msgs.h:35:2:[m[K [01;35m[Kwarning: [m[K#warning This header is obsolete, please include tf2_geometry_msgs/tf2_geometry_msgs.hpp instead [[01;35m[K]8;;https://gcc.gnu.org/onlinedocs/gcc/Warning-Options.html#index-Wcpp-Wcpp]8;;[m[K]
   35 | #[01;35m[Kwarning[m[K This header is obsolete, please include tf2_geometry_msgs/tf2_geometry_msgs.hpp instead
      |  [01;35m[K^~~~~~~[m[K
[01m[K/home/robotdeveloper02/IsaacSim-ros_workspaces-main/humble_ws/src/calc_cpp/src/pose_subscriber.cpp:[m[K In member function â€˜[01m[Kvoid calc::henkan()[m[Kâ€™:
[01m[K/home/robotdeveloper02/IsaacSim-ros_workspaces-main/humble_ws/src/calc_cpp/src/pose_subscriber.cpp:109:26:[m[K [01;31m[Kerror: [m[Kredeclaration of â€˜[01m[Ktf2::Vector3 Jetbot_local[m[Kâ€™
  109 |             tf2::Vector3 [01;31m[KJetbot_local[m[K = std::transform.TransformPoint(Jetbot_local);
      |                          [01;31m[K^~~~~~~~~~~~[m[K
[01m[K/home/robotdeveloper02/IsaacSim-ros_workspaces-main/humble_ws/src/calc_cpp/src/pose_subscriber.cpp:107:26:[m[K [01;36m[Knote: [m[Kâ€˜[01m[Ktf2::Vector3 Jetbot_local[m[Kâ€™ previously declared here
  107 |             tf2::Vector3 [01;36m[KJetbot_local[m[K(camera[0],camera[1],camera[2]);
      |                          [01;36m[K^~~~~~~~~~~~[m[K
[01m[K/home/robotdeveloper02/IsaacSim-ros_workspaces-main/humble_ws/src/calc_cpp/src/pose_subscriber.cpp:109:56:[m[K [01;31m[Kerror: [m[Koverloaded function with no contextual type information
  109 |             tf2::Vector3 Jetbot_local = std::transform.[01;31m[KTransformPoint[m[K(Jetbot_local);
      |                                                        [01;31m[K^~~~~~~~~~~~~~[m[K
gmake[2]: *** [CMakeFiles/pose_subscriber.dir/build.make:76: CMakeFiles/pose_subscriber.dir/src/pose_subscriber.cpp.o] Error 1
gmake[1]: *** [CMakeFiles/Makefile2:137: CMakeFiles/pose_subscriber.dir/all] Error 2
gmake: *** [Makefile:146: all] Error 2
