[01m[K/home/robotdeveloper02/IsaacSim-ros_workspaces-main/humble_ws/src/calc_cpp/src/pose_subscriber.cpp:1040:2:[m[K [01;31m[Kerror: [m[Kunterminated argument list invoking macro "RCLCPP_INFO"
 1040 | }
      |  [01;31m[K^[m[K
[01m[K/home/robotdeveloper02/IsaacSim-ros_workspaces-main/humble_ws/src/calc_cpp/src/pose_subscriber.cpp:526:24:[m[K [01;31m[Kerror: [m[Kexpected â€˜[01m[K}[m[Kâ€™ at end of input
  526 |             RCLCPP_INFO[01;31m[K([m[Kthis->get_logger(),"Time is %.d",t;
      |                        [01;31m[K^[m[K
[01m[K/home/robotdeveloper02/IsaacSim-ros_workspaces-main/humble_ws/src/calc_cpp/src/pose_subscriber.cpp:29:1:[m[K [01;36m[Knote: [m[Kto match this â€˜[01m[K{[m[Kâ€™
   29 | [01;36m[K{[m[K
      | [01;36m[K^[m[K
[01m[K/home/robotdeveloper02/IsaacSim-ros_workspaces-main/humble_ws/src/calc_cpp/src/pose_subscriber.cpp:[m[K In member function â€˜[01m[Kvoid calc::init_particles(int)[m[Kâ€™:
[01m[K/home/robotdeveloper02/IsaacSim-ros_workspaces-main/humble_ws/src/calc_cpp/src/pose_subscriber.cpp:154:47:[m[K [01;35m[Kwarning: [m[Kcomparison of integer expressions of different signedness: â€˜[01m[Kint[m[Kâ€™ and â€˜[01m[Ksize_t[m[Kâ€™ {aka â€˜[01m[Klong unsigned int[m[Kâ€™} [[01;35m[K]8;;https://gcc.gnu.org/onlinedocs/gcc/Warning-Options.html#index-Wsign-compare-Wsign-compare]8;;[m[K]
  154 |         if ([01;35m[Kgrid_size * grid_size * grid_size < particle_count_[m[K) {
      |             [01;35m[K~~~~~~~~~~~~~~~~~~~~~~~~~~~~~~~~~~^~~~~~~~~~~~~~~~~[m[K
[01m[K/home/robotdeveloper02/IsaacSim-ros_workspaces-main/humble_ws/src/calc_cpp/src/pose_subscriber.cpp:171:52:[m[K [01;35m[Kwarning: [m[Kcomparison of integer expressions of different signedness: â€˜[01m[Kint[m[Kâ€™ and â€˜[01m[Ksize_t[m[Kâ€™ {aka â€˜[01m[Klong unsigned int[m[Kâ€™} [[01;35m[K]8;;https://gcc.gnu.org/onlinedocs/gcc/Warning-Options.html#index-Wsign-compare-Wsign-compare]8;;[m[K]
  171 |             for (int i = 0; i < grid_size && [01;35m[Kindex < particle_count_[m[K; ++i) {
      |                                              [01;35m[K~~~~~~^~~~~~~~~~~~~~~~~[m[K
[01m[K/home/robotdeveloper02/IsaacSim-ros_workspaces-main/humble_ws/src/calc_cpp/src/pose_subscriber.cpp:172:56:[m[K [01;35m[Kwarning: [m[Kcomparison of integer expressions of different signedness: â€˜[01m[Kint[m[Kâ€™ and â€˜[01m[Ksize_t[m[Kâ€™ {aka â€˜[01m[Klong unsigned int[m[Kâ€™} [[01;35m[K]8;;https://gcc.gnu.org/onlinedocs/gcc/Warning-Options.html#index-Wsign-compare-Wsign-compare]8;;[m[K]
  172 |                 for (int j = 0; j < grid_size && [01;35m[Kindex < particle_count_[m[K; ++j) {
      |                                                  [01;35m[K~~~~~~^~~~~~~~~~~~~~~~~[m[K
[01m[K/home/robotdeveloper02/IsaacSim-ros_workspaces-main/humble_ws/src/calc_cpp/src/pose_subscriber.cpp:173:60:[m[K [01;35m[Kwarning: [m[Kcomparison of integer expressions of different signedness: â€˜[01m[Kint[m[Kâ€™ and â€˜[01m[Ksize_t[m[Kâ€™ {aka â€˜[01m[Klong unsigned int[m[Kâ€™} [[01;35m[K]8;;https://gcc.gnu.org/onlinedocs/gcc/Warning-Options.html#index-Wsign-compare-Wsign-compare]8;;[m[K]
  173 |                     for (int k = 0; k < grid_size && [01;35m[Kindex < particle_count_[m[K; ++k) {
      |                                                      [01;35m[K~~~~~~^~~~~~~~~~~~~~~~~[m[K
[01m[K/home/robotdeveloper02/IsaacSim-ros_workspaces-main/humble_ws/src/calc_cpp/src/pose_subscriber.cpp:[m[K In member function â€˜[01m[Kvoid calc::topic1_callback(std::shared_ptr<std_msgs::msg::String_<std::allocator<void> > >)[m[Kâ€™:
[01m[K/home/robotdeveloper02/IsaacSim-ros_workspaces-main/humble_ws/src/calc_cpp/src/pose_subscriber.cpp:248:9:[m[K [01;31m[Kerror: [m[Kâ€˜[01m[Kpublish_robot_marker[m[Kâ€™ was not declared in this scope
  248 |         [01;31m[Kpublish_robot_marker[m[K();
      |         [01;31m[K^~~~~~~~~~~~~~~~~~~~[m[K
[01m[K/home/robotdeveloper02/IsaacSim-ros_workspaces-main/humble_ws/src/calc_cpp/src/pose_subscriber.cpp:[m[K In member function â€˜[01m[Kvoid calc::calculate_distance()[m[Kâ€™:
[01m[K/home/robotdeveloper02/IsaacSim-ros_workspaces-main/humble_ws/src/calc_cpp/src/pose_subscriber.cpp:526:13:[m[K [01;31m[Kerror: [m[Kâ€˜[01m[KRCLCPP_INFO[m[Kâ€™ was not declared in this scope
  526 |             [01;31m[KRCLCPP_INFO[m[K(this->get_logger(),"Time is %.d",t;
      |             [01;31m[K^~~~~~~~~~~[m[K
[01m[K/home/robotdeveloper02/IsaacSim-ros_workspaces-main/humble_ws/src/calc_cpp/src/pose_subscriber.cpp:526:24:[m[K [01;31m[Kerror: [m[Kexpected â€˜[01m[K}[m[Kâ€™ at end of input
  526 |             RCLCPP_INFO[01;31m[K([m[Kthis->get_logger(),"Time is %.d",t;
      |                        [01;31m[K^[m[K
[01m[K/home/robotdeveloper02/IsaacSim-ros_workspaces-main/humble_ws/src/calc_cpp/src/pose_subscriber.cpp:518:91:[m[K [01;36m[Knote: [m[Kto match this â€˜[01m[K{[m[Kâ€™
  518 |         if (received[0]&&received[1]&&received[2]&&received[3]&&received[4]&&received[5]) [01;36m[K{[m[K
      |                                                                                           [01;36m[K^[m[K
[01m[K/home/robotdeveloper02/IsaacSim-ros_workspaces-main/humble_ws/src/calc_cpp/src/pose_subscriber.cpp:522:20:[m[K [01;35m[Kwarning: [m[Kunused variable â€˜[01m[Kresampling_threshold_[m[Kâ€™ [[01;35m[K]8;;https://gcc.gnu.org/onlinedocs/gcc/Warning-Options.html#index-Wunused-variable-Wunused-variable]8;;[m[K]
  522 |             double [01;35m[Kresampling_threshold_[m[K=0.7; // ãƒªã‚µãƒ³ãƒ—ãƒªãƒ³ã‚°ã‚’è¡Œã†æœ€å¤§é‡ã¿ã®ã—ãã„å€¤
      |                    [01;35m[K^~~~~~~~~~~~~~~~~~~~~[m[K
[01m[K/home/robotdeveloper02/IsaacSim-ros_workspaces-main/humble_ws/src/calc_cpp/src/pose_subscriber.cpp:523:20:[m[K [01;35m[Kwarning: [m[Kunused variable â€˜[01m[Ksigma[m[Kâ€™ [[01;35m[K]8;;https://gcc.gnu.org/onlinedocs/gcc/Warning-Options.html#index-Wunused-variable-Wunused-variable]8;;[m[K]
  523 |             double [01;35m[Ksigma[m[K =1;
      |                    [01;35m[K^~~~~[m[K
[01m[K/home/robotdeveloper02/IsaacSim-ros_workspaces-main/humble_ws/src/calc_cpp/src/pose_subscriber.cpp:526:24:[m[K [01;31m[Kerror: [m[Kexpected â€˜[01m[K}[m[Kâ€™ at end of input
  526 |             RCLCPP_INFO[01;31m[K([m[Kthis->get_logger(),"Time is %.d",t;
      |                        [01;31m[K^[m[K
[01m[K/home/robotdeveloper02/IsaacSim-ros_workspaces-main/humble_ws/src/calc_cpp/src/pose_subscriber.cpp:517:31:[m[K [01;36m[Knote: [m[Kto match this â€˜[01m[K{[m[Kâ€™
  517 |     void calculate_distance() [01;36m[K{[m[K
      |                               [01;36m[K^[m[K
[01m[K/home/robotdeveloper02/IsaacSim-ros_workspaces-main/humble_ws/src/calc_cpp/src/pose_subscriber.cpp:[m[K At global scope:
[01m[K/home/robotdeveloper02/IsaacSim-ros_workspaces-main/humble_ws/src/calc_cpp/src/pose_subscriber.cpp:526:24:[m[K [01;31m[Kerror: [m[Kexpected unqualified-id at end of input
  526 |             RCLCPP_INFO[01;31m[K([m[Kthis->get_logger(),"Time is %.d",t;
      |                        [01;31m[K^[m[K
gmake[2]: *** [CMakeFiles/pose_subscriber.dir/build.make:76: CMakeFiles/pose_subscriber.dir/src/pose_subscriber.cpp.o] Error 1
gmake[1]: *** [CMakeFiles/Makefile2:137: CMakeFiles/pose_subscriber.dir/all] Error 2
gmake: *** [Makefile:146: all] Error 2
