[0.382s] Invoking command in '/home/robotdeveloper02/IsaacSim-ros_workspaces-main/humble_ws/build/my_cpp_pose_subscriber': CMAKE_PREFIX_PATH=/opt/ros/humble /usr/bin/cmake --build /home/robotdeveloper02/IsaacSim-ros_workspaces-main/humble_ws/build/my_cpp_pose_subscriber -- -j16 -l16
[0.415s] [35m[1mConsolidate compiler generated dependencies of target pose_subscriber[0m
[0.428s] [ 50%] [32mBuilding CXX object CMakeFiles/pose_subscriber.dir/src/pose_subscriber.cpp.o[0m
[0.562s] In file included from [01m[K/home/robotdeveloper02/IsaacSim-ros_workspaces-main/humble_ws/src/calc_cpp/src/pose_subscriber.cpp:4[m[K:
[0.562s] [01m[K/opt/ros/humble/include/tf2_geometry_msgs/tf2_geometry_msgs/tf2_geometry_msgs.h:35:2:[m[K [01;35m[Kwarning: [m[K#warning This header is obsolete, please include tf2_geometry_msgs/tf2_geometry_msgs.hpp instead [[01;35m[K]8;;https://gcc.gnu.org/onlinedocs/gcc/Warning-Options.html#index-Wcpp-Wcpp]8;;[m[K]
[0.562s]    35 | #[01;35m[Kwarning[m[K This header is obsolete, please include tf2_geometry_msgs/tf2_geometry_msgs.hpp instead
[0.562s]       |  [01;35m[K^~~~~~~[m[K
[2.144s] [01m[K/home/robotdeveloper02/IsaacSim-ros_workspaces-main/humble_ws/src/calc_cpp/src/pose_subscriber.cpp:45:21:[m[K [01;31m[Kerror: [m[Kexpected â€˜[01m[K;[m[Kâ€™ at end of member declaration
[2.144s]    45 |     bool received_[5[01;31m[K][m[K_ = { false, false, false, false, false };
[2.144s]       |                     [01;31m[K^[m[K
[2.144s]       |                      [32m[K;[m[K
[2.144s] [01m[K/home/robotdeveloper02/IsaacSim-ros_workspaces-main/humble_ws/src/calc_cpp/src/pose_subscriber.cpp:45:22:[m[K [01;31m[Kerror: [m[Kâ€˜[01m[K_[m[Kâ€™ does not name a type
[2.145s]    45 |     bool received_[5][01;31m[K_[m[K = { false, false, false, false, false };
[2.145s]       |                      [01;31m[K^[m[K
[2.145s] [01m[K/home/robotdeveloper02/IsaacSim-ros_workspaces-main/humble_ws/src/calc_cpp/src/pose_subscriber.cpp:45:63:[m[K [01;35m[Kwarning: [m[Kextra â€˜[01m[K;[m[Kâ€™ [[01;35m[K]8;;https://gcc.gnu.org/onlinedocs/gcc/Warning-Options.html#index-Wpedantic-Wpedantic]8;;[m[K]
[2.145s]    45 |     bool received_[5]_ = { false, false, false, false, false }[01;35m[K;[m[K
[2.145s]       |                                                               [01;35m[K^[m[K
[2.145s]       |                                                               [31m[K-[m[K
[2.149s] [01m[K/home/robotdeveloper02/IsaacSim-ros_workspaces-main/humble_ws/src/calc_cpp/src/pose_subscriber.cpp:47:17:[m[K [01;31m[Kerror: [m[Kâ€˜[01m[KParticle[m[Kâ€™ was not declared in this scope
[2.149s]    47 |     std::vector<[01;31m[KParticle[m[K> particles_;
[2.149s]       |                 [01;31m[K^~~~~~~~[m[K
[2.149s] [01m[K/home/robotdeveloper02/IsaacSim-ros_workspaces-main/humble_ws/src/calc_cpp/src/pose_subscriber.cpp:47:25:[m[K [01;31m[Kerror: [m[Ktemplate argument 1 is invalid
[2.149s]    47 |     std::vector<Particle[01;31m[K>[m[K particles_;
[2.149s]       |                         [01;31m[K^[m[K
[2.149s] [01m[K/home/robotdeveloper02/IsaacSim-ros_workspaces-main/humble_ws/src/calc_cpp/src/pose_subscriber.cpp:47:25:[m[K [01;31m[Kerror: [m[Ktemplate argument 2 is invalid
[2.157s] [01m[K/home/robotdeveloper02/IsaacSim-ros_workspaces-main/humble_ws/src/calc_cpp/src/pose_subscriber.cpp:[m[K In member function â€˜[01m[Kvoid calc::init_particles()[m[Kâ€™:
[2.157s] [01m[K/home/robotdeveloper02/IsaacSim-ros_workspaces-main/humble_ws/src/calc_cpp/src/pose_subscriber.cpp:58:43:[m[K [01;35m[Kwarning: [m[Kcomparison of integer expressions of different signedness: â€˜[01m[Kint[m[Kâ€™ and â€˜[01m[Ksize_t[m[Kâ€™ {aka â€˜[01m[Klong unsigned int[m[Kâ€™} [[01;35m[K]8;;https://gcc.gnu.org/onlinedocs/gcc/Warning-Options.html#index-Wsign-compare-Wsign-compare]8;;[m[K]
[2.157s]    58 |     if ([01;35m[Kgrid_size * grid_size * grid_size < particle_count_[m[K) {
[2.157s]       |         [01;35m[K~~~~~~~~~~~~~~~~~~~~~~~~~~~~~~~~~~^~~~~~~~~~~~~~~~~[m[K
[2.157s] [01m[K/home/robotdeveloper02/IsaacSim-ros_workspaces-main/humble_ws/src/calc_cpp/src/pose_subscriber.cpp:68:16:[m[K [01;31m[Kerror: [m[Krequest for member â€˜[01m[Kresize[m[Kâ€™ in â€˜[01m[K((calc*)this)->calc::particles_[m[Kâ€™, which is of non-class type â€˜[01m[Kint[m[Kâ€™
[2.157s]    68 |     particles_.[01;31m[Kresize[m[K(particle_count_);
[2.157s]       |                [01;31m[K^~~~~~[m[K
[2.157s] [01m[K/home/robotdeveloper02/IsaacSim-ros_workspaces-main/humble_ws/src/calc_cpp/src/pose_subscriber.cpp:72:44:[m[K [01;35m[Kwarning: [m[Kcomparison of integer expressions of different signedness: â€˜[01m[Kint[m[Kâ€™ and â€˜[01m[Ksize_t[m[Kâ€™ {aka â€˜[01m[Klong unsigned int[m[Kâ€™} [[01;35m[K]8;;https://gcc.gnu.org/onlinedocs/gcc/Warning-Options.html#index-Wsign-compare-Wsign-compare]8;;[m[K]
[2.157s]    72 |     for (int i = 0; i < grid_size && [01;35m[Kindex < particle_count_[m[K; ++i) {
[2.157s]       |                                      [01;35m[K~~~~~~^~~~~~~~~~~~~~~~~[m[K
[2.157s] [01m[K/home/robotdeveloper02/IsaacSim-ros_workspaces-main/humble_ws/src/calc_cpp/src/pose_subscriber.cpp:73:48:[m[K [01;35m[Kwarning: [m[Kcomparison of integer expressions of different signedness: â€˜[01m[Kint[m[Kâ€™ and â€˜[01m[Ksize_t[m[Kâ€™ {aka â€˜[01m[Klong unsigned int[m[Kâ€™} [[01;35m[K]8;;https://gcc.gnu.org/onlinedocs/gcc/Warning-Options.html#index-Wsign-compare-Wsign-compare]8;;[m[K]
[2.157s]    73 |         for (int j = 0; j < grid_size && [01;35m[Kindex < particle_count_[m[K; ++j) {
[2.157s]       |                                          [01;35m[K~~~~~~^~~~~~~~~~~~~~~~~[m[K
[2.157s] [01m[K/home/robotdeveloper02/IsaacSim-ros_workspaces-main/humble_ws/src/calc_cpp/src/pose_subscriber.cpp:74:52:[m[K [01;35m[Kwarning: [m[Kcomparison of integer expressions of different signedness: â€˜[01m[Kint[m[Kâ€™ and â€˜[01m[Ksize_t[m[Kâ€™ {aka â€˜[01m[Klong unsigned int[m[Kâ€™} [[01;35m[K]8;;https://gcc.gnu.org/onlinedocs/gcc/Warning-Options.html#index-Wsign-compare-Wsign-compare]8;;[m[K]
[2.157s]    74 |             for (int k = 0; k < grid_size && [01;35m[Kindex < particle_count_[m[K; ++k) {
[2.157s]       |                                              [01;35m[K~~~~~~^~~~~~~~~~~~~~~~~[m[K
[2.157s] [01m[K/home/robotdeveloper02/IsaacSim-ros_workspaces-main/humble_ws/src/calc_cpp/src/pose_subscriber.cpp:80:27:[m[K [01;31m[Kerror: [m[Kinvalid types â€˜[01m[Kint[int][m[Kâ€™ for array subscript
[2.157s]    80 |                 particles_[01;31m[K[[m[Kindex].position.setValue(x, y, z);
[2.157s]       |                           [01;31m[K^[m[K
[2.157s] [01m[K/home/robotdeveloper02/IsaacSim-ros_workspaces-main/humble_ws/src/calc_cpp/src/pose_subscriber.cpp:81:27:[m[K [01;31m[Kerror: [m[Kinvalid types â€˜[01m[Kint[int][m[Kâ€™ for array subscript
[2.157s]    81 |                 particles_[01;31m[K[[m[Kindex].weight = 1.0 / particle_count_; // åˆæœŸé‡ã¿ã‚’å‡ç­‰ã«è¨­å®š
[2.157s]       |                           [01;31m[K^[m[K
[2.162s] [01m[K/home/robotdeveloper02/IsaacSim-ros_workspaces-main/humble_ws/src/calc_cpp/src/pose_subscriber.cpp:[m[K In member function â€˜[01m[Kvoid calc::topic1_callback(std::shared_ptr<std_msgs::msg::String_<std::allocator<void> > >)[m[Kâ€™:
[2.162s] [01m[K/home/robotdeveloper02/IsaacSim-ros_workspaces-main/humble_ws/src/calc_cpp/src/pose_subscriber.cpp:96:9:[m[K [01;31m[Kerror: [m[Kâ€˜[01m[Kreceived[m[Kâ€™ was not declared in this scope; did you mean â€˜[01m[Kreceived_[m[Kâ€™?
[2.162s]    96 |         [01;31m[Kreceived[m[K[0] = true;
[2.162s]       |         [01;31m[K^~~~~~~~[m[K
[2.162s]       |         [32m[Kreceived_[m[K
[2.170s] [01m[K/home/robotdeveloper02/IsaacSim-ros_workspaces-main/humble_ws/src/calc_cpp/src/pose_subscriber.cpp:[m[K In member function â€˜[01m[Kvoid calc::topic2_callback(std::shared_ptr<geometry_msgs::msg::PoseStamped_<std::allocator<void> > >)[m[Kâ€™:
[2.171s] [01m[K/home/robotdeveloper02/IsaacSim-ros_workspaces-main/humble_ws/src/calc_cpp/src/pose_subscriber.cpp:122:9:[m[K [01;31m[Kerror: [m[Kâ€˜[01m[Kreceived[m[Kâ€™ was not declared in this scope; did you mean â€˜[01m[Kreceived_[m[Kâ€™?
[2.171s]   122 |         [01;31m[Kreceived[m[K[1] = true;
[2.171s]       |         [01;31m[K^~~~~~~~[m[K
[2.171s]       |         [32m[Kreceived_[m[K
[2.173s] [01m[K/home/robotdeveloper02/IsaacSim-ros_workspaces-main/humble_ws/src/calc_cpp/src/pose_subscriber.cpp:[m[K In member function â€˜[01m[Kvoid calc::topic3_callback(std::shared_ptr<geometry_msgs::msg::PoseStamped_<std::allocator<void> > >)[m[Kâ€™:
[2.173s] [01m[K/home/robotdeveloper02/IsaacSim-ros_workspaces-main/humble_ws/src/calc_cpp/src/pose_subscriber.cpp:128:9:[m[K [01;31m[Kerror: [m[Kâ€˜[01m[Kreceived[m[Kâ€™ was not declared in this scope; did you mean â€˜[01m[Kreceived_[m[Kâ€™?
[2.173s]   128 |         [01;31m[Kreceived[m[K[2] = true;
[2.173s]       |         [01;31m[K^~~~~~~~[m[K
[2.173s]       |         [32m[Kreceived_[m[K
[2.176s] [01m[K/home/robotdeveloper02/IsaacSim-ros_workspaces-main/humble_ws/src/calc_cpp/src/pose_subscriber.cpp:[m[K In member function â€˜[01m[Kvoid calc::topic4_callback(std::shared_ptr<geometry_msgs::msg::PoseStamped_<std::allocator<void> > >)[m[Kâ€™:
[2.176s] [01m[K/home/robotdeveloper02/IsaacSim-ros_workspaces-main/humble_ws/src/calc_cpp/src/pose_subscriber.cpp:134:9:[m[K [01;31m[Kerror: [m[Kâ€˜[01m[Kreceived[m[Kâ€™ was not declared in this scope; did you mean â€˜[01m[Kreceived_[m[Kâ€™?
[2.176s]   134 |         [01;31m[Kreceived[m[K[3] = true;
[2.176s]       |         [01;31m[K^~~~~~~~[m[K
[2.176s]       |         [32m[Kreceived_[m[K
[2.179s] [01m[K/home/robotdeveloper02/IsaacSim-ros_workspaces-main/humble_ws/src/calc_cpp/src/pose_subscriber.cpp:[m[K In member function â€˜[01m[Kvoid calc::topic5_callback(std::shared_ptr<geometry_msgs::msg::PoseStamped_<std::allocator<void> > >)[m[Kâ€™:
[2.179s] [01m[K/home/robotdeveloper02/IsaacSim-ros_workspaces-main/humble_ws/src/calc_cpp/src/pose_subscriber.cpp:140:9:[m[K [01;31m[Kerror: [m[Kâ€˜[01m[Kreceived[m[Kâ€™ was not declared in this scope; did you mean â€˜[01m[Kreceived_[m[Kâ€™?
[2.179s]   140 |         [01;31m[Kreceived[m[K[4] = true;
[2.179s]       |         [01;31m[K^~~~~~~~[m[K
[2.179s]       |         [32m[Kreceived_[m[K
[2.179s] [01m[K/home/robotdeveloper02/IsaacSim-ros_workspaces-main/humble_ws/src/calc_cpp/src/pose_subscriber.cpp:[m[K In member function â€˜[01m[Kvoid calc::calculate_distance()[m[Kâ€™:
[2.179s] [01m[K/home/robotdeveloper02/IsaacSim-ros_workspaces-main/humble_ws/src/calc_cpp/src/pose_subscriber.cpp:149:28:[m[K [01;31m[Kerror: [m[Kâ€˜[01m[Kbegin[m[Kâ€™ was not declared in this scope; did you mean â€˜[01m[Kstd::begin[m[Kâ€™?
[2.179s]   149 |             for (auto &p : [01;31m[Kparticles_[m[K) {
[2.179s]       |                            [01;31m[K^~~~~~~~~~[m[K
[2.180s]       |                            [32m[Kstd::begin[m[K
[2.180s] In file included from [01m[K/usr/include/c++/11/array:41[m[K,
[2.180s]                  from [01m[K/usr/include/c++/11/tuple:39[m[K,
[2.180s]                  from [01m[K/usr/include/c++/11/bits/unique_ptr.h:37[m[K,
[2.180s]                  from [01m[K/usr/include/c++/11/memory:76[m[K,
[2.180s]                  from [01m[K/opt/ros/humble/include/rclcpp/rclcpp/rclcpp.hpp:153[m[K,
[2.180s]                  from [01m[K/home/robotdeveloper02/IsaacSim-ros_workspaces-main/humble_ws/src/calc_cpp/src/pose_subscriber.cpp:1[m[K:
[2.180s] [01m[K/usr/include/c++/11/bits/range_access.h:108:37:[m[K [01;36m[Knote: [m[Kâ€˜[01m[Kstd::begin[m[Kâ€™ declared here
[2.180s]   108 |   template<typename _Tp> const _Tp* [01;36m[Kbegin[m[K(const valarray<_Tp>&) noexcept;
[2.180s]       |                                     [01;36m[K^~~~~[m[K
[2.180s] [01m[K/home/robotdeveloper02/IsaacSim-ros_workspaces-main/humble_ws/src/calc_cpp/src/pose_subscriber.cpp:149:28:[m[K [01;31m[Kerror: [m[Kâ€˜[01m[Kend[m[Kâ€™ was not declared in this scope; did you mean â€˜[01m[Kstd::end[m[Kâ€™?
[2.180s]   149 |             for (auto &p : [01;31m[Kparticles_[m[K) {
[2.180s]       |                            [01;31m[K^~~~~~~~~~[m[K
[2.180s]       |                            [32m[Kstd::end[m[K
[2.180s] In file included from [01m[K/usr/include/c++/11/array:41[m[K,
[2.180s]                  from [01m[K/usr/include/c++/11/tuple:39[m[K,
[2.180s]                  from [01m[K/usr/include/c++/11/bits/unique_ptr.h:37[m[K,
[2.180s]                  from [01m[K/usr/include/c++/11/memory:76[m[K,
[2.180s]                  from [01m[K/opt/ros/humble/include/rclcpp/rclcpp/rclcpp.hpp:153[m[K,
[2.180s]                  from [01m[K/home/robotdeveloper02/IsaacSim-ros_workspaces-main/humble_ws/src/calc_cpp/src/pose_subscriber.cpp:1[m[K:
[2.180s] [01m[K/usr/include/c++/11/bits/range_access.h:110:37:[m[K [01;36m[Knote: [m[Kâ€˜[01m[Kstd::end[m[Kâ€™ declared here
[2.180s]   110 |   template<typename _Tp> const _Tp* [01;36m[Kend[m[K(const valarray<_Tp>&) noexcept;
[2.180s]       |                                     [01;36m[K^~~[m[K
[2.180s] [01m[K/home/robotdeveloper02/IsaacSim-ros_workspaces-main/humble_ws/src/calc_cpp/src/pose_subscriber.cpp:[m[K In member function â€˜[01m[Kvoid calc::normalize_weights()[m[Kâ€™:
[2.180s] [01m[K/home/robotdeveloper02/IsaacSim-ros_workspaces-main/humble_ws/src/calc_cpp/src/pose_subscriber.cpp:171:57:[m[K [01;31m[Kerror: [m[Krequest for member â€˜[01m[Kbegin[m[Kâ€™ in â€˜[01m[K((calc*)this)->calc::particles_[m[Kâ€™, which is of non-class type â€˜[01m[Kint[m[Kâ€™
[2.180s]   171 |         double sum_weights = std::accumulate(particles_.[01;31m[Kbegin[m[K(), particles_.end(), 0.0,
[2.181s]       |                                                         [01;31m[K^~~~~[m[K
[2.181s] [01m[K/home/robotdeveloper02/IsaacSim-ros_workspaces-main/humble_ws/src/calc_cpp/src/pose_subscriber.cpp:171:77:[m[K [01;31m[Kerror: [m[Krequest for member â€˜[01m[Kend[m[Kâ€™ in â€˜[01m[K((calc*)this)->calc::particles_[m[Kâ€™, which is of non-class type â€˜[01m[Kint[m[Kâ€™
[2.181s]   171 | um_weights = std::accumulate(particles_.begin(), particles_.[01;31m[Kend[m[K(), 0.0,
[2.181s]       |                                                             [01;31m[K^~~[m[K
[2.181s] 
[2.181s] [01m[K/home/robotdeveloper02/IsaacSim-ros_workspaces-main/humble_ws/src/calc_cpp/src/pose_subscriber.cpp:173:24:[m[K [01;31m[Kerror: [m[Kâ€˜[01m[Kbegin[m[Kâ€™ was not declared in this scope; did you mean â€˜[01m[Kstd::begin[m[Kâ€™?
[2.181s]   173 |         for (auto& p : [01;31m[Kparticles_[m[K) {
[2.181s]       |                        [01;31m[K^~~~~~~~~~[m[K
[2.181s]       |                        [32m[Kstd::begin[m[K
[2.181s] In file included from [01m[K/usr/include/c++/11/array:41[m[K,
[2.181s]                  from [01m[K/usr/include/c++/11/tuple:39[m[K,
[2.181s]                  from [01m[K/usr/include/c++/11/bits/unique_ptr.h:37[m[K,
[2.181s]                  from [01m[K/usr/include/c++/11/memory:76[m[K,
[2.181s]                  from [01m[K/opt/ros/humble/include/rclcpp/rclcpp/rclcpp.hpp:153[m[K,
[2.181s]                  from [01m[K/home/robotdeveloper02/IsaacSim-ros_workspaces-main/humble_ws/src/calc_cpp/src/pose_subscriber.cpp:1[m[K:
[2.181s] [01m[K/usr/include/c++/11/bits/range_access.h:108:37:[m[K [01;36m[Knote: [m[Kâ€˜[01m[Kstd::begin[m[Kâ€™ declared here
[2.181s]   108 |   template<typename _Tp> const _Tp* [01;36m[Kbegin[m[K(const valarray<_Tp>&) noexcept;
[2.181s]       |                                     [01;36m[K^~~~~[m[K
[2.181s] [01m[K/home/robotdeveloper02/IsaacSim-ros_workspaces-main/humble_ws/src/calc_cpp/src/pose_subscriber.cpp:173:24:[m[K [01;31m[Kerror: [m[Kâ€˜[01m[Kend[m[Kâ€™ was not declared in this scope; did you mean â€˜[01m[Kstd::end[m[Kâ€™?
[2.181s]   173 |         for (auto& p : [01;31m[Kparticles_[m[K) {
[2.181s]       |                        [01;31m[K^~~~~~~~~~[m[K
[2.181s]       |                        [32m[Kstd::end[m[K
[2.181s] In file included from [01m[K/usr/include/c++/11/array:41[m[K,
[2.181s]                  from [01m[K/usr/include/c++/11/tuple:39[m[K,
[2.181s]                  from [01m[K/usr/include/c++/11/bits/unique_ptr.h:37[m[K,
[2.181s]                  from [01m[K/usr/include/c++/11/memory:76[m[K,
[2.181s]                  from [01m[K/opt/ros/humble/include/rclcpp/rclcpp/rclcpp.hpp:153[m[K,
[2.181s]                  from [01m[K/home/robotdeveloper02/IsaacSim-ros_workspaces-main/humble_ws/src/calc_cpp/src/pose_subscriber.cpp:1[m[K:
[2.181s] [01m[K/usr/include/c++/11/bits/range_access.h:110:37:[m[K [01;36m[Knote: [m[Kâ€˜[01m[Kstd::end[m[Kâ€™ declared here
[2.181s]   110 |   template<typename _Tp> const _Tp* [01;36m[Kend[m[K(const valarray<_Tp>&) noexcept;
[2.181s]       |                                     [01;36m[K^~~[m[K
[2.182s] [01m[K/home/robotdeveloper02/IsaacSim-ros_workspaces-main/humble_ws/src/calc_cpp/src/pose_subscriber.cpp:[m[K In member function â€˜[01m[Kvoid calc::estimate_position()[m[Kâ€™:
[2.182s] [01m[K/home/robotdeveloper02/IsaacSim-ros_workspaces-main/humble_ws/src/calc_cpp/src/pose_subscriber.cpp:179:20:[m[K [01;31m[Kerror: [m[Krequest for member â€˜[01m[Kempty[m[Kâ€™ in â€˜[01m[K((calc*)this)->calc::particles_[m[Kâ€™, which is of non-class type â€˜[01m[Kint[m[Kâ€™
[2.182s]   179 |     if (particles_.[01;31m[Kempty[m[K()) {
[2.182s]       |                    [01;31m[K^~~~~[m[K
[2.182s] [01m[K/home/robotdeveloper02/IsaacSim-ros_workspaces-main/humble_ws/src/calc_cpp/src/pose_subscriber.cpp:186:20:[m[K [01;31m[Kerror: [m[Krequest for member â€˜[01m[Kbegin[m[Kâ€™ in â€˜[01m[K((calc*)this)->calc::particles_[m[Kâ€™, which is of non-class type â€˜[01m[Kint[m[Kâ€™
[2.182s]   186 |         particles_.[01;31m[Kbegin[m[K(), particles_.end(),
[2.182s]       |                    [01;31m[K^~~~~[m[K
[2.182s] [01m[K/home/robotdeveloper02/IsaacSim-ros_workspaces-main/humble_ws/src/calc_cpp/src/pose_subscriber.cpp:186:40:[m[K [01;31m[Kerror: [m[Krequest for member â€˜[01m[Kend[m[Kâ€™ in â€˜[01m[K((calc*)this)->calc::particles_[m[Kâ€™, which is of non-class type â€˜[01m[Kint[m[Kâ€™
[2.182s]   186 |         particles_.begin(), particles_.[01;31m[Kend[m[K(),
[2.182s]       |                                        [01;31m[K^~~[m[K
[2.183s] [01m[K/home/robotdeveloper02/IsaacSim-ros_workspaces-main/humble_ws/src/calc_cpp/src/pose_subscriber.cpp:[m[K In member function â€˜[01m[Kvoid calc::resample_particles()[m[Kâ€™:
[2.183s] [01m[K/home/robotdeveloper02/IsaacSim-ros_workspaces-main/humble_ws/src/calc_cpp/src/pose_subscriber.cpp:207:59:[m[K [01;31m[Kerror: [m[Krequest for member â€˜[01m[Kbegin[m[Kâ€™ in â€˜[01m[K((calc*)this)->calc::particles_[m[Kâ€™, which is of non-class type â€˜[01m[Kint[m[Kâ€™
[2.183s]   207 |         double max_weight = (*std::max_element(particles_.[01;31m[Kbegin[m[K(), particles_.end(),
[2.183s]       |                                                           [01;31m[K^~~~~[m[K
[2.183s] [01m[K/home/robotdeveloper02/IsaacSim-ros_workspaces-main/humble_ws/src/calc_cpp/src/pose_subscriber.cpp:207:79:[m[K [01;31m[Kerror: [m[Krequest for member â€˜[01m[Kend[m[Kâ€™ in â€˜[01m[K((calc*)this)->calc::particles_[m[Kâ€™, which is of non-class type â€˜[01m[Kint[m[Kâ€™
[2.183s]   207 | e max_weight = (*std::max_element(particles_.begin(), particles_.[01;31m[Kend[m[K(),
[2.183s]       |                                                                  [01;31m[K^~~[m[K
[2.183s] 
[2.184s] [01m[K/home/robotdeveloper02/IsaacSim-ros_workspaces-main/humble_ws/src/calc_cpp/src/pose_subscriber.cpp:220:37:[m[K [01;31m[Kerror: [m[Kinvalid types â€˜[01m[Kint[int][m[Kâ€™ for array subscript
[2.184s]   220 |             while (beta > particles_[01;31m[K[[m[Kindex].weight) {
[2.184s]       |                                     [01;31m[K^[m[K
[2.184s] [01m[K/home/robotdeveloper02/IsaacSim-ros_workspaces-main/humble_ws/src/calc_cpp/src/pose_subscriber.cpp:221:35:[m[K [01;31m[Kerror: [m[Kinvalid types â€˜[01m[Kint[int][m[Kâ€™ for array subscript
[2.184s]   221 |                 beta -= particles_[01;31m[K[[m[Kindex].weight;
[2.184s]       |                                   [01;31m[K^[m[K
[2.184s] [01m[K/home/robotdeveloper02/IsaacSim-ros_workspaces-main/humble_ws/src/calc_cpp/src/pose_subscriber.cpp:225:47:[m[K [01;31m[Kerror: [m[Kinvalid types â€˜[01m[Kint[int][m[Kâ€™ for array subscript
[2.184s]   225 |             new_particles.push_back(particles_[01;31m[K[[m[Kindex]);
[2.184s]       |                                               [01;31m[K^[m[K
[2.184s] [01m[K/home/robotdeveloper02/IsaacSim-ros_workspaces-main/humble_ws/src/calc_cpp/src/pose_subscriber.cpp:229:22:[m[K [01;31m[Kerror: [m[Kcannot convert â€˜[01m[Kstd::vector<calc::Particle>[m[Kâ€™ to â€˜[01m[Kint[m[Kâ€™ in assignment
[2.184s]   229 |         particles_ = [01;31m[Knew_particles[m[K;
[2.184s]       |                      [01;31m[K^~~~~~~~~~~~~[m[K
[2.184s]       |                      [01;31m[K|[m[K
[2.184s]       |                      [01;31m[Kstd::vector<calc::Particle>[m[K
[4.127s] gmake[2]: *** [CMakeFiles/pose_subscriber.dir/build.make:76: CMakeFiles/pose_subscriber.dir/src/pose_subscriber.cpp.o] Error 1
[4.127s] gmake[1]: *** [CMakeFiles/Makefile2:137: CMakeFiles/pose_subscriber.dir/all] Error 2
[4.127s] gmake: *** [Makefile:146: all] Error 2
[4.129s] Invoked command in '/home/robotdeveloper02/IsaacSim-ros_workspaces-main/humble_ws/build/my_cpp_pose_subscriber' returned '2': CMAKE_PREFIX_PATH=/opt/ros/humble /usr/bin/cmake --build /home/robotdeveloper02/IsaacSim-ros_workspaces-main/humble_ws/build/my_cpp_pose_subscriber -- -j16 -l16
