[0.410s] Invoking command in '/home/robotdeveloper02/IsaacSim-ros_workspaces-main/humble_ws/src/build/my_cpp_pose_subscriber': CMAKE_PREFIX_PATH=/opt/ros/humble /usr/bin/cmake --build /home/robotdeveloper02/IsaacSim-ros_workspaces-main/humble_ws/src/build/my_cpp_pose_subscriber -- -j16 -l16
[0.596s] [ 50%] [32mBuilding CXX object CMakeFiles/pose_subscriber.dir/src/pose_subscriber.cpp.o[0m
[0.596s] In file included from [01m[K/home/robotdeveloper02/IsaacSim-ros_workspaces-main/humble_ws/src/calc_cpp/src/pose_subscriber.cpp:3[m[K:
[0.596s] [01m[K/opt/ros/humble/include/tf2_geometry_msgs/tf2_geometry_msgs/tf2_geometry_msgs.h:35:2:[m[K [01;35m[Kwarning: [m[K#warning This header is obsolete, please include tf2_geometry_msgs/tf2_geometry_msgs.hpp instead [[01;35m[K]8;;https://gcc.gnu.org/onlinedocs/gcc/Warning-Options.html#index-Wcpp-Wcpp]8;;[m[K]
[0.596s]    35 | #[01;35m[Kwarning[m[K This header is obsolete, please include tf2_geometry_msgs/tf2_geometry_msgs.hpp instead
[0.596s]       |  [01;35m[K^~~~~~~[m[K
[2.319s] [01m[K/home/robotdeveloper02/IsaacSim-ros_workspaces-main/humble_ws/src/calc_cpp/src/pose_subscriber.cpp:[m[K In constructor â€˜[01m[Kcalc::calc()[m[Kâ€™:
[2.320s] [01m[K/home/robotdeveloper02/IsaacSim-ros_workspaces-main/humble_ws/src/calc_cpp/src/pose_subscriber.cpp:17:9:[m[K [01;31m[Kerror: [m[Kâ€˜[01m[Ksubscription3_[m[Kâ€™ was not declared in this scope; did you mean â€˜[01m[Ksubscription1_[m[Kâ€™?
[2.320s]    17 |         [01;31m[Ksubscription3_[m[K=this->create_subscription<geometry_msgs::msg::PoseStamped>(
[2.320s]       |         [01;31m[K^~~~~~~~~~~~~~[m[K
[2.320s]       |         [32m[Ksubscription1_[m[K
[2.325s] [01m[K/home/robotdeveloper02/IsaacSim-ros_workspaces-main/humble_ws/src/calc_cpp/src/pose_subscriber.cpp:[m[K In member function â€˜[01m[Kvoid calc::topic3_callback(std::shared_ptr<geometry_msgs::msg::PoseStamped_<std::allocator<void> > >)[m[Kâ€™:
[2.325s] [01m[K/home/robotdeveloper02/IsaacSim-ros_workspaces-main/humble_ws/src/calc_cpp/src/pose_subscriber.cpp:42:9:[m[K [01;31m[Kerror: [m[Kâ€˜[01m[Kreceived_3_[m[Kâ€™ was not declared in this scope; did you mean â€˜[01m[Kreceived_1_[m[Kâ€™?
[2.325s]    42 |         [01;31m[Kreceived_3_[m[K=true;
[2.325s]       |         [01;31m[K^~~~~~~~~~~[m[K
[2.326s]       |         [32m[Kreceived_1_[m[K
[3.993s] gmake[2]: *** [CMakeFiles/pose_subscriber.dir/build.make:76: CMakeFiles/pose_subscriber.dir/src/pose_subscriber.cpp.o] Error 1
[3.993s] gmake[1]: *** [CMakeFiles/Makefile2:137: CMakeFiles/pose_subscriber.dir/all] Error 2
[3.993s] gmake: *** [Makefile:146: all] Error 2
[3.995s] Invoked command in '/home/robotdeveloper02/IsaacSim-ros_workspaces-main/humble_ws/src/build/my_cpp_pose_subscriber' returned '2': CMAKE_PREFIX_PATH=/opt/ros/humble /usr/bin/cmake --build /home/robotdeveloper02/IsaacSim-ros_workspaces-main/humble_ws/src/build/my_cpp_pose_subscriber -- -j16 -l16
