[01m[K/home/robotdeveloper02/IsaacSim-ros_workspaces-main/humble_ws/src/calc_cpp/src/pose_subscriber.cpp:[m[K In member function ‚Äò[01m[Kvoid calc::init_particles(int)[m[K‚Äô:
[01m[K/home/robotdeveloper02/IsaacSim-ros_workspaces-main/humble_ws/src/calc_cpp/src/pose_subscriber.cpp:122:47:[m[K [01;35m[Kwarning: [m[Kcomparison of integer expressions of different signedness: ‚Äò[01m[Kint[m[K‚Äô and ‚Äò[01m[Ksize_t[m[K‚Äô {aka ‚Äò[01m[Klong unsigned int[m[K‚Äô} [[01;35m[K]8;;https://gcc.gnu.org/onlinedocs/gcc/Warning-Options.html#index-Wsign-compare-Wsign-compare]8;;[m[K]
  122 |         if ([01;35m[Kgrid_size * grid_size * grid_size < particle_count_[m[K) {
      |             [01;35m[K~~~~~~~~~~~~~~~~~~~~~~~~~~~~~~~~~~^~~~~~~~~~~~~~~~~[m[K
[01m[K/home/robotdeveloper02/IsaacSim-ros_workspaces-main/humble_ws/src/calc_cpp/src/pose_subscriber.cpp:139:52:[m[K [01;35m[Kwarning: [m[Kcomparison of integer expressions of different signedness: ‚Äò[01m[Kint[m[K‚Äô and ‚Äò[01m[Ksize_t[m[K‚Äô {aka ‚Äò[01m[Klong unsigned int[m[K‚Äô} [[01;35m[K]8;;https://gcc.gnu.org/onlinedocs/gcc/Warning-Options.html#index-Wsign-compare-Wsign-compare]8;;[m[K]
  139 |             for (int i = 0; i < grid_size && [01;35m[Kindex < particle_count_[m[K; ++i) {
      |                                              [01;35m[K~~~~~~^~~~~~~~~~~~~~~~~[m[K
[01m[K/home/robotdeveloper02/IsaacSim-ros_workspaces-main/humble_ws/src/calc_cpp/src/pose_subscriber.cpp:140:56:[m[K [01;35m[Kwarning: [m[Kcomparison of integer expressions of different signedness: ‚Äò[01m[Kint[m[K‚Äô and ‚Äò[01m[Ksize_t[m[K‚Äô {aka ‚Äò[01m[Klong unsigned int[m[K‚Äô} [[01;35m[K]8;;https://gcc.gnu.org/onlinedocs/gcc/Warning-Options.html#index-Wsign-compare-Wsign-compare]8;;[m[K]
  140 |                 for (int j = 0; j < grid_size && [01;35m[Kindex < particle_count_[m[K; ++j) {
      |                                                  [01;35m[K~~~~~~^~~~~~~~~~~~~~~~~[m[K
[01m[K/home/robotdeveloper02/IsaacSim-ros_workspaces-main/humble_ws/src/calc_cpp/src/pose_subscriber.cpp:141:60:[m[K [01;35m[Kwarning: [m[Kcomparison of integer expressions of different signedness: ‚Äò[01m[Kint[m[K‚Äô and ‚Äò[01m[Ksize_t[m[K‚Äô {aka ‚Äò[01m[Klong unsigned int[m[K‚Äô} [[01;35m[K]8;;https://gcc.gnu.org/onlinedocs/gcc/Warning-Options.html#index-Wsign-compare-Wsign-compare]8;;[m[K]
  141 |                     for (int k = 0; k < grid_size && [01;35m[Kindex < particle_count_[m[K; ++k) {
      |                                                      [01;35m[K~~~~~~^~~~~~~~~~~~~~~~~[m[K
[01m[K/home/robotdeveloper02/IsaacSim-ros_workspaces-main/humble_ws/src/calc_cpp/src/pose_subscriber.cpp:[m[K In member function ‚Äò[01m[Kvoid calc::imu_callback1(custom_message::msg::ImuMsg_<std::allocator<void> >::SharedPtr)[m[K‚Äô:
[01m[K/home/robotdeveloper02/IsaacSim-ros_workspaces-main/humble_ws/src/calc_cpp/src/pose_subscriber.cpp:273:13:[m[K [01;31m[Kerror: [m[K‚Äò[01m[Kanchor_move[m[K‚Äô was not declared in this scope
  273 |             [01;31m[Kanchor_move[m[K[0] = 1;  // ÁßªÂãï‰∏≠
      |             [01;31m[K^~~~~~~~~~~[m[K
[01m[K/home/robotdeveloper02/IsaacSim-ros_workspaces-main/humble_ws/src/calc_cpp/src/pose_subscriber.cpp:276:13:[m[K [01;31m[Kerror: [m[K‚Äò[01m[Kanchor_move[m[K‚Äô was not declared in this scope
  276 |             [01;31m[Kanchor_move[m[K[0] = 0;  // ÈùôÊ≠¢
      |             [01;31m[K^~~~~~~~~~~[m[K
[01m[K/home/robotdeveloper02/IsaacSim-ros_workspaces-main/humble_ws/src/calc_cpp/src/pose_subscriber.cpp:[m[K In member function ‚Äò[01m[Kvoid calc::imu_callback2(custom_message::msg::ImuMsg_<std::allocator<void> >::SharedPtr)[m[K‚Äô:
[01m[K/home/robotdeveloper02/IsaacSim-ros_workspaces-main/humble_ws/src/calc_cpp/src/pose_subscriber.cpp:317:13:[m[K [01;31m[Kerror: [m[K‚Äò[01m[Kanchor_move[m[K‚Äô was not declared in this scope
  317 |             [01;31m[Kanchor_move[m[K[1] = 1;  // ÁßªÂãï‰∏≠
      |             [01;31m[K^~~~~~~~~~~[m[K
[01m[K/home/robotdeveloper02/IsaacSim-ros_workspaces-main/humble_ws/src/calc_cpp/src/pose_subscriber.cpp:320:13:[m[K [01;31m[Kerror: [m[K‚Äò[01m[Kanchor_move[m[K‚Äô was not declared in this scope
  320 |             [01;31m[Kanchor_move[m[K[1] = 0;  // ÈùôÊ≠¢
      |             [01;31m[K^~~~~~~~~~~[m[K
[01m[K/home/robotdeveloper02/IsaacSim-ros_workspaces-main/humble_ws/src/calc_cpp/src/pose_subscriber.cpp:[m[K In member function ‚Äò[01m[Kvoid calc::imu_callback3(custom_message::msg::ImuMsg_<std::allocator<void> >::SharedPtr)[m[K‚Äô:
[01m[K/home/robotdeveloper02/IsaacSim-ros_workspaces-main/humble_ws/src/calc_cpp/src/pose_subscriber.cpp:360:13:[m[K [01;31m[Kerror: [m[K‚Äò[01m[Kanchor_move[m[K‚Äô was not declared in this scope
  360 |             [01;31m[Kanchor_move[m[K[2] = 1;  // ÁßªÂãï‰∏≠
      |             [01;31m[K^~~~~~~~~~~[m[K
[01m[K/home/robotdeveloper02/IsaacSim-ros_workspaces-main/humble_ws/src/calc_cpp/src/pose_subscriber.cpp:363:13:[m[K [01;31m[Kerror: [m[K‚Äò[01m[Kanchor_move[m[K‚Äô was not declared in this scope
  363 |             [01;31m[Kanchor_move[m[K[2] = 0;  // ÈùôÊ≠¢
      |             [01;31m[K^~~~~~~~~~~[m[K
[01m[K/home/robotdeveloper02/IsaacSim-ros_workspaces-main/humble_ws/src/calc_cpp/src/pose_subscriber.cpp:[m[K In member function ‚Äò[01m[Kvoid calc::imu_callback4(custom_message::msg::ImuMsg_<std::allocator<void> >::SharedPtr)[m[K‚Äô:
[01m[K/home/robotdeveloper02/IsaacSim-ros_workspaces-main/humble_ws/src/calc_cpp/src/pose_subscriber.cpp:403:13:[m[K [01;31m[Kerror: [m[K‚Äò[01m[Kanchor_move[m[K‚Äô was not declared in this scope
  403 |             [01;31m[Kanchor_move[m[K[3] = 1;// ÁßªÂãï‰∏≠
      |             [01;31m[K^~~~~~~~~~~[m[K
[01m[K/home/robotdeveloper02/IsaacSim-ros_workspaces-main/humble_ws/src/calc_cpp/src/pose_subscriber.cpp:406:13:[m[K [01;31m[Kerror: [m[K‚Äò[01m[Kanchor_move[m[K‚Äô was not declared in this scope
  406 |             [01;31m[Kanchor_move[m[K[3] = 0;  // ÈùôÊ≠¢
      |             [01;31m[K^~~~~~~~~~~[m[K
[01m[K/home/robotdeveloper02/IsaacSim-ros_workspaces-main/humble_ws/src/calc_cpp/src/pose_subscriber.cpp:[m[K In member function ‚Äò[01m[Kvoid calc::estimate_position(size_t)[m[K‚Äô:
[01m[K/home/robotdeveloper02/IsaacSim-ros_workspaces-main/humble_ws/src/calc_cpp/src/pose_subscriber.cpp:553:17:[m[K [01;31m[Kerror: [m[K‚Äò[01m[Kanchor_estimation_complete[m[K‚Äô was not declared in this scope
  553 |                 [01;31m[Kanchor_estimation_complete[m[K[anchor_idx] = 1;
      |                 [01;31m[K^~~~~~~~~~~~~~~~~~~~~~~~~~[m[K
[01m[K/home/robotdeveloper02/IsaacSim-ros_workspaces-main/humble_ws/src/calc_cpp/src/pose_subscriber.cpp:556:17:[m[K [01;31m[Kerror: [m[K‚Äò[01m[Kanchor_estimation_complete[m[K‚Äô was not declared in this scope
  556 |                 [01;31m[Kanchor_estimation_complete[m[K[anchor_idx] = 0;
      |                 [01;31m[K^~~~~~~~~~~~~~~~~~~~~~~~~~[m[K
[01m[K/home/robotdeveloper02/IsaacSim-ros_workspaces-main/humble_ws/src/calc_cpp/src/pose_subscriber.cpp:614:36:[m[K [01;35m[Kwarning: [m[Kcomparison of integer expressions of different signedness: ‚Äò[01m[Kstd::queue<int>::size_type[m[K‚Äô {aka ‚Äò[01m[Klong unsigned int[m[K‚Äô} and ‚Äò[01m[Kconst int[m[K‚Äô [[01;35m[K]8;;https://gcc.gnu.org/onlinedocs/gcc/Warning-Options.html#index-Wsign-compare-Wsign-compare]8;;[m[K]
  614 |         if ([01;35m[Kmarker_history_.size() > max_markers_[m[K) {
      |             [01;35m[K~~~~~~~~~~~~~~~~~~~~~~~^~~~~~~~~~~~~~[m[K
[01m[K/home/robotdeveloper02/IsaacSim-ros_workspaces-main/humble_ws/src/calc_cpp/src/pose_subscriber.cpp:[m[K In member function ‚Äò[01m[Kvoid calc::check_estimation_and_movement()[m[K‚Äô:
[01m[K/home/robotdeveloper02/IsaacSim-ros_workspaces-main/humble_ws/src/calc_cpp/src/pose_subscriber.cpp:665:13:[m[K [01;31m[Kerror: [m[K‚Äò[01m[Kanchor_estimation_complete[m[K‚Äô was not declared in this scope
  665 |         if ([01;31m[Kanchor_estimation_complete[m[K[anchor_idx] == 1 && anchor_move[anchor_idx] == 0) {
      |             [01;31m[K^~~~~~~~~~~~~~~~~~~~~~~~~~[m[K
[01m[K/home/robotdeveloper02/IsaacSim-ros_workspaces-main/humble_ws/src/calc_cpp/src/pose_subscriber.cpp:665:40:[m[K [01;31m[Kerror: [m[K‚Äò[01m[Kanchor_idx[m[K‚Äô was not declared in this scope
  665 |         if (anchor_estimation_complete[[01;31m[Kanchor_idx[m[K] == 1 && anchor_move[anchor_idx] == 0) {
      |                                        [01;31m[K^~~~~~~~~~[m[K
[01m[K/home/robotdeveloper02/IsaacSim-ros_workspaces-main/humble_ws/src/calc_cpp/src/pose_subscriber.cpp:665:60:[m[K [01;31m[Kerror: [m[K‚Äò[01m[Kanchor_move[m[K‚Äô was not declared in this scope
  665 |         if (anchor_estimation_complete[anchor_idx] == 1 && [01;31m[Kanchor_move[m[K[anchor_idx] == 0) {
      |                                                            [01;31m[K^~~~~~~~~~~[m[K
[01m[K/home/robotdeveloper02/IsaacSim-ros_workspaces-main/humble_ws/src/calc_cpp/src/pose_subscriber.cpp:[m[K In member function ‚Äò[01m[Kvoid calc::publish_robot_marker()[m[K‚Äô:
[01m[K/home/robotdeveloper02/IsaacSim-ros_workspaces-main/humble_ws/src/calc_cpp/src/pose_subscriber.cpp:699:42:[m[K [01;35m[Kwarning: [m[Kcomparison of integer expressions of different signedness: ‚Äò[01m[Kstd::queue<int>::size_type[m[K‚Äô {aka ‚Äò[01m[Klong unsigned int[m[K‚Äô} and ‚Äò[01m[Kconst int[m[K‚Äô [[01;35m[K]8;;https://gcc.gnu.org/onlinedocs/gcc/Warning-Options.html#index-Wsign-compare-Wsign-compare]8;;[m[K]
  699 |         if ([01;35m[Krobot_marker_history_.size() > robot_max_markers_[m[K) {
      |             [01;35m[K~~~~~~~~~~~~~~~~~~~~~~~~~~~~~^~~~~~~~~~~~~~~~~~~~[m[K
gmake[2]: *** [CMakeFiles/pose_subscriber.dir/build.make:76: CMakeFiles/pose_subscriber.dir/src/pose_subscriber.cpp.o] Error 1
gmake[1]: *** [CMakeFiles/Makefile2:137: CMakeFiles/pose_subscriber.dir/all] Error 2
gmake: *** [Makefile:146: all] Error 2
