[0.007s] Invoking command in '/home/robotdeveloper02/IsaacSim-ros_workspaces-main/humble_ws/build/my_cpp_pose_subscriber': CMAKE_PREFIX_PATH=/opt/ros/humble /usr/bin/cmake --build /home/robotdeveloper02/IsaacSim-ros_workspaces-main/humble_ws/build/my_cpp_pose_subscriber -- -j16 -l16
[0.034s] [35m[1mConsolidate compiler generated dependencies of target pose_subscriber[0m
[0.046s] [ 50%] [32mBuilding CXX object CMakeFiles/pose_subscriber.dir/src/pose_subscriber.cpp.o[0m
[0.183s] In file included from [01m[K/home/robotdeveloper02/IsaacSim-ros_workspaces-main/humble_ws/src/calc_cpp/src/pose_subscriber.cpp:3[m[K:
[0.183s] [01m[K/opt/ros/humble/include/tf2_geometry_msgs/tf2_geometry_msgs/tf2_geometry_msgs.h:35:2:[m[K [01;35m[Kwarning: [m[K#warning This header is obsolete, please include tf2_geometry_msgs/tf2_geometry_msgs.hpp instead [[01;35m[K]8;;https://gcc.gnu.org/onlinedocs/gcc/Warning-Options.html#index-Wcpp-Wcpp]8;;[m[K]
[0.184s]    35 | #[01;35m[Kwarning[m[K This header is obsolete, please include tf2_geometry_msgs/tf2_geometry_msgs.hpp instead
[0.184s]       |  [01;35m[K^~~~~~~[m[K
[1.667s] [01m[K/home/robotdeveloper02/IsaacSim-ros_workspaces-main/humble_ws/src/calc_cpp/src/pose_subscriber.cpp:[m[K In member function â€˜[01m[Kvoid calc::topic1_callback(std::shared_ptr<geometry_msgs::msg::PoseStamped_<std::allocator<void> > >)[m[Kâ€™:
[1.667s] [01m[K/home/robotdeveloper02/IsaacSim-ros_workspaces-main/humble_ws/src/calc_cpp/src/pose_subscriber.cpp:23:6:[m[K [01;31m[Kerror: [m[Kâ€˜[01m[KFall[m[Kâ€™ was not declared in this scope
[1.667s]    23 |      [01;31m[KFall[m[K.x=msg->pose1.position.x;
[1.667s]       |      [01;31m[K^~~~[m[K
[1.667s] [01m[K/home/robotdeveloper02/IsaacSim-ros_workspaces-main/humble_ws/src/calc_cpp/src/pose_subscriber.cpp:23:18:[m[K [01;31m[Kerror: [m[Kâ€˜[01m[Kusing element_type = struct geometry_msgs::msg::PoseStamped_<std::allocator<void> >[m[Kâ€™ {aka â€˜[01m[Kstruct geometry_msgs::msg::PoseStamped_<std::allocator<void> >[m[Kâ€™} has no member named â€˜[01m[Kpose1[m[Kâ€™; did you mean â€˜[01m[Kpose[m[Kâ€™?
[1.667s]    23 |      Fall.x=msg->[01;31m[Kpose1[m[K.position.x;
[1.667s]       |                  [01;31m[K^~~~~[m[K
[1.667s]       |                  [32m[Kpose[m[K
[1.667s] [01m[K/home/robotdeveloper02/IsaacSim-ros_workspaces-main/humble_ws/src/calc_cpp/src/pose_subscriber.cpp:24:18:[m[K [01;31m[Kerror: [m[Kâ€˜[01m[Kusing element_type = struct geometry_msgs::msg::PoseStamped_<std::allocator<void> >[m[Kâ€™ {aka â€˜[01m[Kstruct geometry_msgs::msg::PoseStamped_<std::allocator<void> >[m[Kâ€™} has no member named â€˜[01m[Kpose1[m[Kâ€™; did you mean â€˜[01m[Kpose[m[Kâ€™?
[1.667s]    24 |      Fall.y=msg->[01;31m[Kpose1[m[K.position.y;
[1.667s]       |                  [01;31m[K^~~~~[m[K
[1.667s]       |                  [32m[Kpose[m[K
[1.668s] [01m[K/home/robotdeveloper02/IsaacSim-ros_workspaces-main/humble_ws/src/calc_cpp/src/pose_subscriber.cpp:25:18:[m[K [01;31m[Kerror: [m[Kâ€˜[01m[Kusing element_type = struct geometry_msgs::msg::PoseStamped_<std::allocator<void> >[m[Kâ€™ {aka â€˜[01m[Kstruct geometry_msgs::msg::PoseStamped_<std::allocator<void> >[m[Kâ€™} has no member named â€˜[01m[Kpose1[m[Kâ€™; did you mean â€˜[01m[Kpose[m[Kâ€™?
[1.668s]    25 |      Fall.z=msg->[01;31m[Kpose1[m[K.position.z;
[1.668s]       |                  [01;31m[K^~~~~[m[K
[1.668s]       |                  [32m[Kpose[m[K
[1.668s] [01m[K/home/robotdeveloper02/IsaacSim-ros_workspaces-main/humble_ws/src/calc_cpp/src/pose_subscriber.cpp:[m[K In member function â€˜[01m[Kvoid calc::topic2_callback(std::shared_ptr<geometry_msgs::msg::PoseStamped_<std::allocator<void> > >)[m[Kâ€™:
[1.668s] [01m[K/home/robotdeveloper02/IsaacSim-ros_workspaces-main/humble_ws/src/calc_cpp/src/pose_subscriber.cpp:29:26:[m[K [01;31m[Kerror: [m[Kâ€˜[01m[KtransformStamped[m[Kâ€™ is not a member of â€˜[01m[Kgeometry_msgs::msg[m[Kâ€™; did you mean â€˜[01m[KTransformStamped[m[Kâ€™?
[1.668s]    29 |      geometry_msgs::msg::[01;31m[KtransformStamped[m[K;
[1.668s]       |                          [01;31m[K^~~~~~~~~~~~~~~~[m[K
[1.668s]       |                          [32m[KTransformStamped[m[K
[1.670s] [01m[K/home/robotdeveloper02/IsaacSim-ros_workspaces-main/humble_ws/src/calc_cpp/src/pose_subscriber.cpp:30:6:[m[K [01;31m[Kerror: [m[Kâ€˜[01m[KFixed[m[Kâ€™ was not declared in this scope
[1.670s]    30 |      [01;31m[KFixed[m[K.x=msg_2->pose2.position.x;
[1.670s]       |      [01;31m[K^~~~~[m[K
[1.673s] [01m[K/home/robotdeveloper02/IsaacSim-ros_workspaces-main/humble_ws/src/calc_cpp/src/pose_subscriber.cpp:30:14:[m[K [01;31m[Kerror: [m[Kâ€˜[01m[Kmsg_2[m[Kâ€™ was not declared in this scope; did you mean â€˜[01m[Kmsg[m[Kâ€™?
[1.673s]    30 |      Fixed.x=[01;31m[Kmsg_2[m[K->pose2.position.x;
[1.673s]       |              [01;31m[K^~~~~[m[K
[1.673s]       |              [32m[Kmsg[m[K
[1.673s] [01m[K/home/robotdeveloper02/IsaacSim-ros_workspaces-main/humble_ws/src/calc_cpp/src/pose_subscriber.cpp:27:80:[m[K [01;35m[Kwarning: [m[Kunused parameter â€˜[01m[Kmsg[m[Kâ€™ [[01;35m[K]8;;https://gcc.gnu.org/onlinedocs/gcc/Warning-Options.html#index-Wunused-parameter-Wunused-parameter]8;;[m[K]
[1.673s]    27 | ic2_callback([01;35m[Kconst std::shared_ptr<geometry_msgs::msg::PoseStamped>msg[m[K)
[1.673s]       |              [01;35m[K~~~~~~~~~~~~~~~~~~~~~~~~~~~~~~~~~~~~~~~~~~~~~~~~~~~~~~^~~[m[K
[1.673s] 
[1.676s] [01m[K/home/robotdeveloper02/IsaacSim-ros_workspaces-main/humble_ws/src/calc_cpp/src/pose_subscriber.cpp:[m[K In member function â€˜[01m[Kvoid calc::calculate_distance()[m[Kâ€™:
[1.677s] [01m[K/home/robotdeveloper02/IsaacSim-ros_workspaces-main/humble_ws/src/calc_cpp/src/pose_subscriber.cpp:36:24:[m[K [01;31m[Kerror: [m[Kâ€˜[01m[KFall[m[Kâ€™ was not declared in this scope
[1.677s]    36 |         tf2::Vector3 a([01;31m[KFall[m[K.x,Fall.y,Fall.z);
[1.677s]       |                        [01;31m[K^~~~[m[K
[1.680s] [01m[K/home/robotdeveloper02/IsaacSim-ros_workspaces-main/humble_ws/src/calc_cpp/src/pose_subscriber.cpp:38:24:[m[K [01;31m[Kerror: [m[Kâ€˜[01m[KFixed[m[Kâ€™ was not declared in this scope
[1.680s]    38 |         tf2::Vector3 b([01;31m[KFixed[m[K.x,Fixed.y,Fixed.z)
[1.680s]       |                        [01;31m[K^~~~~[m[K
[1.680s] [01m[K/home/robotdeveloper02/IsaacSim-ros_workspaces-main/humble_ws/src/calc_cpp/src/pose_subscriber.cpp:40:9:[m[K [01;31m[Kerror: [m[Kexpected â€˜[01m[K,[m[Kâ€™ or â€˜[01m[K;[m[Kâ€™ before â€˜[01m[Kdistance[m[Kâ€™
[1.680s]    40 |         [01;31m[Kdistance[m[K=tf2::distance(Vector3 a&b);
[1.680s]       |         [01;31m[K^~~~~~~~[m[K
[1.680s] In file included from [01m[K/opt/ros/humble/include/rclcpp/rclcpp/logging.hpp:24[m[K,
[1.680s]                  from [01m[K/opt/ros/humble/include/rclcpp/rclcpp/client.hpp:40[m[K,
[1.681s]                  from [01m[K/opt/ros/humble/include/rclcpp/rclcpp/callback_group.hpp:24[m[K,
[1.681s]                  from [01m[K/opt/ros/humble/include/rclcpp/rclcpp/any_executable.hpp:20[m[K,
[1.681s]                  from [01m[K/opt/ros/humble/include/rclcpp/rclcpp/memory_strategy.hpp:25[m[K,
[1.681s]                  from [01m[K/opt/ros/humble/include/rclcpp/rclcpp/memory_strategies.hpp:18[m[K,
[1.681s]                  from [01m[K/opt/ros/humble/include/rclcpp/rclcpp/executor_options.hpp:20[m[K,
[1.681s]                  from [01m[K/opt/ros/humble/include/rclcpp/rclcpp/executor.hpp:37[m[K,
[1.681s]                  from [01m[K/opt/ros/humble/include/rclcpp/rclcpp/executors/multi_threaded_executor.hpp:25[m[K,
[1.681s]                  from [01m[K/opt/ros/humble/include/rclcpp/rclcpp/executors.hpp:21[m[K,
[1.681s]                  from [01m[K/opt/ros/humble/include/rclcpp/rclcpp/rclcpp.hpp:155[m[K,
[1.681s]                  from [01m[K/home/robotdeveloper02/IsaacSim-ros_workspaces-main/humble_ws/src/calc_cpp/src/pose_subscriber.cpp:1[m[K:
[1.681s] [01m[K/home/robotdeveloper02/IsaacSim-ros_workspaces-main/humble_ws/src/calc_cpp/src/pose_subscriber.cpp:41:78:[m[K [01;31m[Kerror: [m[Kâ€˜[01m[Kdistance[m[Kâ€™ was not declared in this scope; did you mean â€˜[01m[Kstd::distance[m[Kâ€™?
[1.681s]    41 | NFO(this->get_logger(),"Distance between two objects: %.2f ",[01;31m[Kdistance[m[K);
[1.681s]       |                                                              [01;31m[K^~~~~~~~[m[K
[1.681s] 
[1.681s] In file included from [01m[K/usr/include/c++/11/bits/stl_algobase.h:66[m[K,
[1.681s]                  from [01m[K/usr/include/c++/11/memory:63[m[K,
[1.681s]                  from [01m[K/opt/ros/humble/include/rclcpp/rclcpp/rclcpp.hpp:153[m[K,
[1.681s]                  from [01m[K/home/robotdeveloper02/IsaacSim-ros_workspaces-main/humble_ws/src/calc_cpp/src/pose_subscriber.cpp:1[m[K:
[1.681s] [01m[K/usr/include/c++/11/bits/stl_iterator_base_funcs.h:138:5:[m[K [01;36m[Knote: [m[Kâ€˜[01m[Kstd::distance[m[Kâ€™ declared here
[1.681s]   138 |     [01;36m[Kdistance[m[K(_InputIterator __first, _InputIterator __last)
[1.681s]       |     [01;36m[K^~~~~~~~[m[K
[1.681s] [01m[K/home/robotdeveloper02/IsaacSim-ros_workspaces-main/humble_ws/src/calc_cpp/src/pose_subscriber.cpp:36:22:[m[K [01;35m[Kwarning: [m[Kunused variable â€˜[01m[Ka[m[Kâ€™ [[01;35m[K]8;;https://gcc.gnu.org/onlinedocs/gcc/Warning-Options.html#index-Wunused-variable-Wunused-variable]8;;[m[K]
[1.681s]    36 |         tf2::Vector3 [01;35m[Ka[m[K(Fall.x,Fall.y,Fall.z);
[1.681s]       |                      [01;35m[K^[m[K
[1.681s] [01m[K/home/robotdeveloper02/IsaacSim-ros_workspaces-main/humble_ws/src/calc_cpp/src/pose_subscriber.cpp:38:22:[m[K [01;35m[Kwarning: [m[Kunused variable â€˜[01m[Kb[m[Kâ€™ [[01;35m[K]8;;https://gcc.gnu.org/onlinedocs/gcc/Warning-Options.html#index-Wunused-variable-Wunused-variable]8;;[m[K]
[1.681s]    38 |         tf2::Vector3 [01;35m[Kb[m[K(Fixed.x,Fixed.y,Fixed.z)
[1.681s]       |                      [01;35m[K^[m[K
[3.238s] gmake[2]: *** [CMakeFiles/pose_subscriber.dir/build.make:76: CMakeFiles/pose_subscriber.dir/src/pose_subscriber.cpp.o] Error 1
[3.238s] gmake[1]: *** [CMakeFiles/Makefile2:137: CMakeFiles/pose_subscriber.dir/all] Error 2
[3.238s] gmake: *** [Makefile:146: all] Error 2
[3.240s] Invoked command in '/home/robotdeveloper02/IsaacSim-ros_workspaces-main/humble_ws/build/my_cpp_pose_subscriber' returned '2': CMAKE_PREFIX_PATH=/opt/ros/humble /usr/bin/cmake --build /home/robotdeveloper02/IsaacSim-ros_workspaces-main/humble_ws/build/my_cpp_pose_subscriber -- -j16 -l16
