[0.215s] Invoking command in '/home/robotdeveloper02/IsaacSim-ros_workspaces-main/humble_ws/build/my_cpp_pose_subscriber': CMAKE_PREFIX_PATH=/opt/ros/humble /usr/bin/cmake --build /home/robotdeveloper02/IsaacSim-ros_workspaces-main/humble_ws/build/my_cpp_pose_subscriber -- -j16 -l16
[0.246s] [35m[1mConsolidate compiler generated dependencies of target pose_subscriber[0m
[0.260s] [ 50%] [32mBuilding CXX object CMakeFiles/pose_subscriber.dir/src/pose_subscriber.cpp.o[0m
[1.672s] [01m[K/home/robotdeveloper02/IsaacSim-ros_workspaces-main/humble_ws/src/calc_cpp/src/pose_subscriber.cpp:23:10:[m[K [01;31m[Kerror: [m[Kâ€˜[01m[Kvoid calc::topic1_callback(geometry_msgs::msg::PoseStamped_<std::allocator<void> >::SharedPtr) const[m[Kâ€™ cannot be overloaded with â€˜[01m[Kvoid calc::topic1_callback(geometry_msgs::msg::PoseStamped_<std::allocator<void> >::SharedPtr) const[m[Kâ€™
[1.672s]    23 |     void [01;31m[Ktopic1_callback[m[K(const geometry_msgs::msg::PoseStamped::SharedPtr msg)const
[1.672s]       |          [01;31m[K^~~~~~~~~~~~~~~[m[K
[1.672s] [01m[K/home/robotdeveloper02/IsaacSim-ros_workspaces-main/humble_ws/src/calc_cpp/src/pose_subscriber.cpp:18:10:[m[K [01;36m[Knote: [m[Kprevious declaration â€˜[01m[Kvoid calc::topic1_callback(geometry_msgs::msg::PoseStamped_<std::allocator<void> >::SharedPtr) const[m[Kâ€™
[1.672s]    18 |     void [01;36m[Ktopic1_callback[m[K(const geometry_msgs::msg::PoseStamped::SharedPtr msg)const
[1.672s]       |          [01;36m[K^~~~~~~~~~~~~~~[m[K
[1.700s] [01m[K/home/robotdeveloper02/IsaacSim-ros_workspaces-main/humble_ws/src/calc_cpp/src/pose_subscriber.cpp:[m[K In constructor â€˜[01m[Kcalc::calc()[m[Kâ€™:
[1.700s] [01m[K/home/robotdeveloper02/IsaacSim-ros_workspaces-main/humble_ws/src/calc_cpp/src/pose_subscriber.cpp:14:44:[m[K [01;31m[Kerror: [m[Kâ€˜[01m[Ktopic2_callback[m[Kâ€™ is not a member of â€˜[01m[Kcalc[m[Kâ€™
[1.700s]    14 |         "pose_topic_2",10,std::bind(&calc::[01;31m[Ktopic2_callback[m[K,this,std::placeholders::_1));
[1.700s]       |                                            [01;31m[K^~~~~~~~~~~~~~~[m[K
[3.106s] gmake[2]: *** [CMakeFiles/pose_subscriber.dir/build.make:76: CMakeFiles/pose_subscriber.dir/src/pose_subscriber.cpp.o] Error 1
[3.106s] gmake[1]: *** [CMakeFiles/Makefile2:137: CMakeFiles/pose_subscriber.dir/all] Error 2
[3.106s] gmake: *** [Makefile:146: all] Error 2
[3.108s] Invoked command in '/home/robotdeveloper02/IsaacSim-ros_workspaces-main/humble_ws/build/my_cpp_pose_subscriber' returned '2': CMAKE_PREFIX_PATH=/opt/ros/humble /usr/bin/cmake --build /home/robotdeveloper02/IsaacSim-ros_workspaces-main/humble_ws/build/my_cpp_pose_subscriber -- -j16 -l16
