In file included from [01m[K/home/robotdeveloper02/IsaacSim-ros_workspaces-main/humble_ws/src/calc_cpp/src/pose_subscriber.cpp:3[m[K:
[01m[K/opt/ros/humble/include/tf2_geometry_msgs/tf2_geometry_msgs/tf2_geometry_msgs.h:35:2:[m[K [01;35m[Kwarning: [m[K#warning This header is obsolete, please include tf2_geometry_msgs/tf2_geometry_msgs.hpp instead [[01;35m[K]8;;https://gcc.gnu.org/onlinedocs/gcc/Warning-Options.html#index-Wcpp-Wcpp]8;;[m[K]
   35 | #[01;35m[Kwarning[m[K This header is obsolete, please include tf2_geometry_msgs/tf2_geometry_msgs.hpp instead
      |  [01;35m[K^~~~~~~[m[K
[01m[K/home/robotdeveloper02/IsaacSim-ros_workspaces-main/humble_ws/src/calc_cpp/src/pose_subscriber.cpp:[m[K In member function â€˜[01m[Kvoid calc::topic1_callback(geometry_msgs::msg::PoseStamped_<std::allocator<void> >::SharedPtr) const[m[Kâ€™:
[01m[K/home/robotdeveloper02/IsaacSim-ros_workspaces-main/humble_ws/src/calc_cpp/src/pose_subscriber.cpp:21:6:[m[K [01;31m[Kerror: [m[Kâ€˜[01m[Kpose1_[m[Kâ€™ was not declared in this scope
   21 |      [01;31m[Kpose1_[m[K=*msg;
      |      [01;31m[K^~~~~~[m[K
[01m[K/home/robotdeveloper02/IsaacSim-ros_workspaces-main/humble_ws/src/calc_cpp/src/pose_subscriber.cpp:22:6:[m[K [01;31m[Kerror: [m[Kâ€˜[01m[Kpose1_received_[m[Kâ€™ was not declared in this scope
   22 |      [01;31m[Kpose1_received_[m[K=true;
      |      [01;31m[K^~~~~~~~~~~~~~~[m[K
[01m[K/home/robotdeveloper02/IsaacSim-ros_workspaces-main/humble_ws/src/calc_cpp/src/pose_subscriber.cpp:24:27:[m[K [01;31m[Kerror: [m[Kâ€˜[01m[Kpose2_received_[m[Kâ€™ was not declared in this scope
   24 |      if(pose1_received_&& [01;31m[Kpose2_received_[m[K)
      |                           [01;31m[K^~~~~~~~~~~~~~~[m[K
[01m[K/home/robotdeveloper02/IsaacSim-ros_workspaces-main/humble_ws/src/calc_cpp/src/pose_subscriber.cpp:26:27:[m[K [01;31m[Kerror: [m[Kpassing â€˜[01m[Kconst calc[m[Kâ€™ as â€˜[01m[Kthis[m[Kâ€™ argument discards qualifiers [[01;31m[K]8;;https://gcc.gnu.org/onlinedocs/gcc/Warning-Options.html#index-fpermissive-fpermissive]8;;[m[K]
   26 |         [01;31m[Kcalculate_distance()[m[K;
      |         [01;31m[K~~~~~~~~~~~~~~~~~~^~[m[K
[01m[K/home/robotdeveloper02/IsaacSim-ros_workspaces-main/humble_ws/src/calc_cpp/src/pose_subscriber.cpp:40:10:[m[K [01;36m[Knote: [m[K  in call to â€˜[01m[Kvoid calc::calculate_distance()[m[Kâ€™
   40 |     void [01;36m[Kcalculate_distance[m[K()
      |          [01;36m[K^~~~~~~~~~~~~~~~~~[m[K
[01m[K/home/robotdeveloper02/IsaacSim-ros_workspaces-main/humble_ws/src/calc_cpp/src/pose_subscriber.cpp:[m[K In member function â€˜[01m[Kvoid calc::topic2_callback(geometry_msgs::msg::PoseStamped_<std::allocator<void> >::SharedPtr) const[m[Kâ€™:
[01m[K/home/robotdeveloper02/IsaacSim-ros_workspaces-main/humble_ws/src/calc_cpp/src/pose_subscriber.cpp:32:6:[m[K [01;31m[Kerror: [m[Kâ€˜[01m[Kpose2_[m[Kâ€™ was not declared in this scope
   32 |      [01;31m[Kpose2_[m[K=*msg;
      |      [01;31m[K^~~~~~[m[K
[01m[K/home/robotdeveloper02/IsaacSim-ros_workspaces-main/humble_ws/src/calc_cpp/src/pose_subscriber.cpp:33:6:[m[K [01;31m[Kerror: [m[Kâ€˜[01m[Kpose2_received_[m[Kâ€™ was not declared in this scope
   33 |      [01;31m[Kpose2_received_[m[K=true;
      |      [01;31m[K^~~~~~~~~~~~~~~[m[K
[01m[K/home/robotdeveloper02/IsaacSim-ros_workspaces-main/humble_ws/src/calc_cpp/src/pose_subscriber.cpp:35:9:[m[K [01;31m[Kerror: [m[Kâ€˜[01m[Kpose1_received_[m[Kâ€™ was not declared in this scope
   35 |      if([01;31m[Kpose1_received_[m[K&& pose2_received_)
      |         [01;31m[K^~~~~~~~~~~~~~~[m[K
[01m[K/home/robotdeveloper02/IsaacSim-ros_workspaces-main/humble_ws/src/calc_cpp/src/pose_subscriber.cpp:37:27:[m[K [01;31m[Kerror: [m[Kpassing â€˜[01m[Kconst calc[m[Kâ€™ as â€˜[01m[Kthis[m[Kâ€™ argument discards qualifiers [[01;31m[K]8;;https://gcc.gnu.org/onlinedocs/gcc/Warning-Options.html#index-fpermissive-fpermissive]8;;[m[K]
   37 |         [01;31m[Kcalculate_distance()[m[K;
      |         [01;31m[K~~~~~~~~~~~~~~~~~~^~[m[K
[01m[K/home/robotdeveloper02/IsaacSim-ros_workspaces-main/humble_ws/src/calc_cpp/src/pose_subscriber.cpp:40:10:[m[K [01;36m[Knote: [m[K  in call to â€˜[01m[Kvoid calc::calculate_distance()[m[Kâ€™
   40 |     void [01;36m[Kcalculate_distance[m[K()
      |          [01;36m[K^~~~~~~~~~~~~~~~~~[m[K
[01m[K/home/robotdeveloper02/IsaacSim-ros_workspaces-main/humble_ws/src/calc_cpp/src/pose_subscriber.cpp:[m[K In member function â€˜[01m[Kvoid calc::calculate_distance()[m[Kâ€™:
[01m[K/home/robotdeveloper02/IsaacSim-ros_workspaces-main/humble_ws/src/calc_cpp/src/pose_subscriber.cpp:42:24:[m[K [01;31m[Kerror: [m[Kâ€˜[01m[Kpose1[m[Kâ€™ was not declared in this scope
   42 |         tf2::Vector3 a([01;31m[Kpose1[m[K.position.x,pose1.position.y,pose1.position.z)
      |                        [01;31m[K^~~~~[m[K
[01m[K/home/robotdeveloper02/IsaacSim-ros_workspaces-main/humble_ws/src/calc_cpp/src/pose_subscriber.cpp:43:9:[m[K [01;31m[Kerror: [m[Kexpected â€˜[01m[K,[m[Kâ€™ or â€˜[01m[K;[m[Kâ€™ before â€˜[01m[Kv1[m[Kâ€™
   43 |         [01;31m[Kv1[m[K=(pose2.position.x,pose2.position.y,pose2.position.z)
      |         [01;31m[K^~[m[K
[01m[K/home/robotdeveloper02/IsaacSim-ros_workspaces-main/humble_ws/src/calc_cpp/src/pose_subscriber.cpp:42:22:[m[K [01;35m[Kwarning: [m[Kunused variable â€˜[01m[Ka[m[Kâ€™ [[01;35m[K]8;;https://gcc.gnu.org/onlinedocs/gcc/Warning-Options.html#index-Wunused-variable-Wunused-variable]8;;[m[K]
   42 |         tf2::Vector3 [01;35m[Ka[m[K(pose1.position.x,pose1.position.y,pose1.position.z)
      |                      [01;35m[K^[m[K
gmake[2]: *** [CMakeFiles/pose_subscriber.dir/build.make:76: CMakeFiles/pose_subscriber.dir/src/pose_subscriber.cpp.o] Error 1
gmake[1]: *** [CMakeFiles/Makefile2:137: CMakeFiles/pose_subscriber.dir/all] Error 2
gmake: *** [Makefile:146: all] Error 2
