[0.382s] Invoking command in '/home/robotdeveloper02/IsaacSim-ros_workspaces-main/humble_ws/build/my_cpp_pose_subscriber': CMAKE_PREFIX_PATH=/opt/ros/humble /usr/bin/cmake --build /home/robotdeveloper02/IsaacSim-ros_workspaces-main/humble_ws/build/my_cpp_pose_subscriber -- -j16 -l16
[0.412s] [35m[1mConsolidate compiler generated dependencies of target pose_subscriber[0m
[0.423s] [ 50%] [32mBuilding CXX object CMakeFiles/pose_subscriber.dir/src/pose_subscriber.cpp.o[0m
[0.553s] In file included from [01m[K/home/robotdeveloper02/IsaacSim-ros_workspaces-main/humble_ws/src/calc_cpp/src/pose_subscriber.cpp:4[m[K:
[0.553s] [01m[K/opt/ros/humble/include/tf2_geometry_msgs/tf2_geometry_msgs/tf2_geometry_msgs.h:35:2:[m[K [01;35m[Kwarning: [m[K#warning This header is obsolete, please include tf2_geometry_msgs/tf2_geometry_msgs.hpp instead [[01;35m[K]8;;https://gcc.gnu.org/onlinedocs/gcc/Warning-Options.html#index-Wcpp-Wcpp]8;;[m[K]
[0.553s]    35 | #[01;35m[Kwarning[m[K This header is obsolete, please include tf2_geometry_msgs/tf2_geometry_msgs.hpp instead
[0.553s]       |  [01;35m[K^~~~~~~[m[K
[2.140s] [01m[K/home/robotdeveloper02/IsaacSim-ros_workspaces-main/humble_ws/src/calc_cpp/src/pose_subscriber.cpp:50:17:[m[K [01;31m[Kerror: [m[Kâ€˜[01m[KParticle[m[Kâ€™ was not declared in this scope
[2.140s]    50 |     std::vector<[01;31m[KParticle[m[K> particles_;
[2.140s]       |                 [01;31m[K^~~~~~~~[m[K
[2.140s] [01m[K/home/robotdeveloper02/IsaacSim-ros_workspaces-main/humble_ws/src/calc_cpp/src/pose_subscriber.cpp:50:25:[m[K [01;31m[Kerror: [m[Ktemplate argument 1 is invalid
[2.140s]    50 |     std::vector<Particle[01;31m[K>[m[K particles_;
[2.140s]       |                         [01;31m[K^[m[K
[2.140s] [01m[K/home/robotdeveloper02/IsaacSim-ros_workspaces-main/humble_ws/src/calc_cpp/src/pose_subscriber.cpp:50:25:[m[K [01;31m[Kerror: [m[Ktemplate argument 2 is invalid
[2.147s] [01m[K/home/robotdeveloper02/IsaacSim-ros_workspaces-main/humble_ws/src/calc_cpp/src/pose_subscriber.cpp:[m[K In member function â€˜[01m[Kvoid calc::init_particles()[m[Kâ€™:
[2.147s] [01m[K/home/robotdeveloper02/IsaacSim-ros_workspaces-main/humble_ws/src/calc_cpp/src/pose_subscriber.cpp:61:43:[m[K [01;35m[Kwarning: [m[Kcomparison of integer expressions of different signedness: â€˜[01m[Kint[m[Kâ€™ and â€˜[01m[Ksize_t[m[Kâ€™ {aka â€˜[01m[Klong unsigned int[m[Kâ€™} [[01;35m[K]8;;https://gcc.gnu.org/onlinedocs/gcc/Warning-Options.html#index-Wsign-compare-Wsign-compare]8;;[m[K]
[2.147s]    61 |     if ([01;35m[Kgrid_size * grid_size * grid_size < particle_count_[m[K) {
[2.147s]       |         [01;35m[K~~~~~~~~~~~~~~~~~~~~~~~~~~~~~~~~~~^~~~~~~~~~~~~~~~~[m[K
[2.147s] [01m[K/home/robotdeveloper02/IsaacSim-ros_workspaces-main/humble_ws/src/calc_cpp/src/pose_subscriber.cpp:71:16:[m[K [01;31m[Kerror: [m[Krequest for member â€˜[01m[Kresize[m[Kâ€™ in â€˜[01m[K((calc*)this)->calc::particles_[m[Kâ€™, which is of non-class type â€˜[01m[Kint[m[Kâ€™
[2.147s]    71 |     particles_.[01;31m[Kresize[m[K(particle_count_);
[2.148s]       |                [01;31m[K^~~~~~[m[K
[2.148s] [01m[K/home/robotdeveloper02/IsaacSim-ros_workspaces-main/humble_ws/src/calc_cpp/src/pose_subscriber.cpp:75:44:[m[K [01;35m[Kwarning: [m[Kcomparison of integer expressions of different signedness: â€˜[01m[Kint[m[Kâ€™ and â€˜[01m[Ksize_t[m[Kâ€™ {aka â€˜[01m[Klong unsigned int[m[Kâ€™} [[01;35m[K]8;;https://gcc.gnu.org/onlinedocs/gcc/Warning-Options.html#index-Wsign-compare-Wsign-compare]8;;[m[K]
[2.148s]    75 |     for (int i = 0; i < grid_size && [01;35m[Kindex < particle_count_[m[K; ++i) {
[2.148s]       |                                      [01;35m[K~~~~~~^~~~~~~~~~~~~~~~~[m[K
[2.148s] [01m[K/home/robotdeveloper02/IsaacSim-ros_workspaces-main/humble_ws/src/calc_cpp/src/pose_subscriber.cpp:76:48:[m[K [01;35m[Kwarning: [m[Kcomparison of integer expressions of different signedness: â€˜[01m[Kint[m[Kâ€™ and â€˜[01m[Ksize_t[m[Kâ€™ {aka â€˜[01m[Klong unsigned int[m[Kâ€™} [[01;35m[K]8;;https://gcc.gnu.org/onlinedocs/gcc/Warning-Options.html#index-Wsign-compare-Wsign-compare]8;;[m[K]
[2.148s]    76 |         for (int j = 0; j < grid_size && [01;35m[Kindex < particle_count_[m[K; ++j) {
[2.148s]       |                                          [01;35m[K~~~~~~^~~~~~~~~~~~~~~~~[m[K
[2.148s] [01m[K/home/robotdeveloper02/IsaacSim-ros_workspaces-main/humble_ws/src/calc_cpp/src/pose_subscriber.cpp:77:52:[m[K [01;35m[Kwarning: [m[Kcomparison of integer expressions of different signedness: â€˜[01m[Kint[m[Kâ€™ and â€˜[01m[Ksize_t[m[Kâ€™ {aka â€˜[01m[Klong unsigned int[m[Kâ€™} [[01;35m[K]8;;https://gcc.gnu.org/onlinedocs/gcc/Warning-Options.html#index-Wsign-compare-Wsign-compare]8;;[m[K]
[2.148s]    77 |             for (int k = 0; k < grid_size && [01;35m[Kindex < particle_count_[m[K; ++k) {
[2.148s]       |                                              [01;35m[K~~~~~~^~~~~~~~~~~~~~~~~[m[K
[2.148s] [01m[K/home/robotdeveloper02/IsaacSim-ros_workspaces-main/humble_ws/src/calc_cpp/src/pose_subscriber.cpp:83:27:[m[K [01;31m[Kerror: [m[Kinvalid types â€˜[01m[Kint[int][m[Kâ€™ for array subscript
[2.148s]    83 |                 particles_[01;31m[K[[m[Kindex].position.setValue(x, y, z);
[2.148s]       |                           [01;31m[K^[m[K
[2.148s] [01m[K/home/robotdeveloper02/IsaacSim-ros_workspaces-main/humble_ws/src/calc_cpp/src/pose_subscriber.cpp:84:27:[m[K [01;31m[Kerror: [m[Kinvalid types â€˜[01m[Kint[int][m[Kâ€™ for array subscript
[2.148s]    84 |                 particles_[01;31m[K[[m[Kindex].weight = 1.0 / particle_count_; // åˆæœŸé‡ã¿ã‚’å‡ç­‰ã«è¨­å®š
[2.148s]       |                           [01;31m[K^[m[K
[2.158s] [01m[K/home/robotdeveloper02/IsaacSim-ros_workspaces-main/humble_ws/src/calc_cpp/src/pose_subscriber.cpp:[m[K In member function â€˜[01m[Kvoid calc::calculate_distance()[m[Kâ€™:
[2.158s] [01m[K/home/robotdeveloper02/IsaacSim-ros_workspaces-main/humble_ws/src/calc_cpp/src/pose_subscriber.cpp:158:36:[m[K [01;31m[Kerror: [m[Kâ€˜[01m[Kreceived_[m[Kâ€™ was not declared in this scope; did you mean â€˜[01m[Kreceived_1_[m[Kâ€™?
[2.158s]   158 |         if (std::all_of(std::begin([01;31m[Kreceived_[m[K), std::end(received_), [](bool r) { return r; })) {
[2.158s]       |                                    [01;31m[K^~~~~~~~~[m[K
[2.158s]       |                                    [32m[Kreceived_1_[m[K
[2.158s] [01m[K/home/robotdeveloper02/IsaacSim-ros_workspaces-main/humble_ws/src/calc_cpp/src/pose_subscriber.cpp:162:28:[m[K [01;31m[Kerror: [m[Kâ€˜[01m[Kbegin[m[Kâ€™ was not declared in this scope; did you mean â€˜[01m[Kstd::begin[m[Kâ€™?
[2.159s]   162 |             for (auto &p : [01;31m[Kparticles_[m[K) {
[2.159s]       |                            [01;31m[K^~~~~~~~~~[m[K
[2.159s]       |                            [32m[Kstd::begin[m[K
[2.159s] In file included from [01m[K/usr/include/c++/11/array:41[m[K,
[2.159s]                  from [01m[K/usr/include/c++/11/tuple:39[m[K,
[2.159s]                  from [01m[K/usr/include/c++/11/bits/unique_ptr.h:37[m[K,
[2.159s]                  from [01m[K/usr/include/c++/11/memory:76[m[K,
[2.159s]                  from [01m[K/opt/ros/humble/include/rclcpp/rclcpp/rclcpp.hpp:153[m[K,
[2.159s]                  from [01m[K/home/robotdeveloper02/IsaacSim-ros_workspaces-main/humble_ws/src/calc_cpp/src/pose_subscriber.cpp:1[m[K:
[2.159s] [01m[K/usr/include/c++/11/bits/range_access.h:108:37:[m[K [01;36m[Knote: [m[Kâ€˜[01m[Kstd::begin[m[Kâ€™ declared here
[2.159s]   108 |   template<typename _Tp> const _Tp* [01;36m[Kbegin[m[K(const valarray<_Tp>&) noexcept;
[2.159s]       |                                     [01;36m[K^~~~~[m[K
[2.159s] [01m[K/home/robotdeveloper02/IsaacSim-ros_workspaces-main/humble_ws/src/calc_cpp/src/pose_subscriber.cpp:162:28:[m[K [01;31m[Kerror: [m[Kâ€˜[01m[Kend[m[Kâ€™ was not declared in this scope; did you mean â€˜[01m[Kstd::end[m[Kâ€™?
[2.159s]   162 |             for (auto &p : [01;31m[Kparticles_[m[K) {
[2.159s]       |                            [01;31m[K^~~~~~~~~~[m[K
[2.159s]       |                            [32m[Kstd::end[m[K
[2.159s] In file included from [01m[K/usr/include/c++/11/array:41[m[K,
[2.159s]                  from [01m[K/usr/include/c++/11/tuple:39[m[K,
[2.159s]                  from [01m[K/usr/include/c++/11/bits/unique_ptr.h:37[m[K,
[2.159s]                  from [01m[K/usr/include/c++/11/memory:76[m[K,
[2.159s]                  from [01m[K/opt/ros/humble/include/rclcpp/rclcpp/rclcpp.hpp:153[m[K,
[2.159s]                  from [01m[K/home/robotdeveloper02/IsaacSim-ros_workspaces-main/humble_ws/src/calc_cpp/src/pose_subscriber.cpp:1[m[K:
[2.159s] [01m[K/usr/include/c++/11/bits/range_access.h:110:37:[m[K [01;36m[Knote: [m[Kâ€˜[01m[Kstd::end[m[Kâ€™ declared here
[2.159s]   110 |   template<typename _Tp> const _Tp* [01;36m[Kend[m[K(const valarray<_Tp>&) noexcept;
[2.159s]       |                                     [01;36m[K^~~[m[K
[2.163s] [01m[K/home/robotdeveloper02/IsaacSim-ros_workspaces-main/humble_ws/src/calc_cpp/src/pose_subscriber.cpp:166:63:[m[K [01;31m[Kerror: [m[Kâ€˜[01m[KRobot_position[m[Kâ€™ was not declared in this scope; did you mean â€˜[01m[KAnchor_positions[m[Kâ€™?
[2.163s]   166 |                   double actual_distance = tf2::tf2Distance([01;31m[KRobot_position[m[K, Anchor_positions[i]);
[2.163s]       |                                                             [01;31m[K^~~~~~~~~~~~~~[m[K
[2.163s]       |                                                             [32m[KAnchor_positions[m[K
[2.163s] [01m[K/home/robotdeveloper02/IsaacSim-ros_workspaces-main/humble_ws/src/calc_cpp/src/pose_subscriber.cpp:[m[K In member function â€˜[01m[Kvoid calc::normalize_weights()[m[Kâ€™:
[2.163s] [01m[K/home/robotdeveloper02/IsaacSim-ros_workspaces-main/humble_ws/src/calc_cpp/src/pose_subscriber.cpp:184:57:[m[K [01;31m[Kerror: [m[Krequest for member â€˜[01m[Kbegin[m[Kâ€™ in â€˜[01m[K((calc*)this)->calc::particles_[m[Kâ€™, which is of non-class type â€˜[01m[Kint[m[Kâ€™
[2.163s]   184 |         double sum_weights = std::accumulate(particles_.[01;31m[Kbegin[m[K(), particles_.end(), 0.0,
[2.163s]       |                                                         [01;31m[K^~~~~[m[K
[2.164s] [01m[K/home/robotdeveloper02/IsaacSim-ros_workspaces-main/humble_ws/src/calc_cpp/src/pose_subscriber.cpp:184:77:[m[K [01;31m[Kerror: [m[Krequest for member â€˜[01m[Kend[m[Kâ€™ in â€˜[01m[K((calc*)this)->calc::particles_[m[Kâ€™, which is of non-class type â€˜[01m[Kint[m[Kâ€™
[2.164s]   184 | um_weights = std::accumulate(particles_.begin(), particles_.[01;31m[Kend[m[K(), 0.0,
[2.164s]       |                                                             [01;31m[K^~~[m[K
[2.164s] 
[2.164s] [01m[K/home/robotdeveloper02/IsaacSim-ros_workspaces-main/humble_ws/src/calc_cpp/src/pose_subscriber.cpp:186:24:[m[K [01;31m[Kerror: [m[Kâ€˜[01m[Kbegin[m[Kâ€™ was not declared in this scope; did you mean â€˜[01m[Kstd::begin[m[Kâ€™?
[2.164s]   186 |         for (auto& p : [01;31m[Kparticles_[m[K) {
[2.164s]       |                        [01;31m[K^~~~~~~~~~[m[K
[2.164s]       |                        [32m[Kstd::begin[m[K
[2.164s] In file included from [01m[K/usr/include/c++/11/array:41[m[K,
[2.164s]                  from [01m[K/usr/include/c++/11/tuple:39[m[K,
[2.164s]                  from [01m[K/usr/include/c++/11/bits/unique_ptr.h:37[m[K,
[2.164s]                  from [01m[K/usr/include/c++/11/memory:76[m[K,
[2.164s]                  from [01m[K/opt/ros/humble/include/rclcpp/rclcpp/rclcpp.hpp:153[m[K,
[2.164s]                  from [01m[K/home/robotdeveloper02/IsaacSim-ros_workspaces-main/humble_ws/src/calc_cpp/src/pose_subscriber.cpp:1[m[K:
[2.164s] [01m[K/usr/include/c++/11/bits/range_access.h:108:37:[m[K [01;36m[Knote: [m[Kâ€˜[01m[Kstd::begin[m[Kâ€™ declared here
[2.164s]   108 |   template<typename _Tp> const _Tp* [01;36m[Kbegin[m[K(const valarray<_Tp>&) noexcept;
[2.164s]       |                                     [01;36m[K^~~~~[m[K
[2.164s] [01m[K/home/robotdeveloper02/IsaacSim-ros_workspaces-main/humble_ws/src/calc_cpp/src/pose_subscriber.cpp:186:24:[m[K [01;31m[Kerror: [m[Kâ€˜[01m[Kend[m[Kâ€™ was not declared in this scope; did you mean â€˜[01m[Kstd::end[m[Kâ€™?
[2.164s]   186 |         for (auto& p : [01;31m[Kparticles_[m[K) {
[2.164s]       |                        [01;31m[K^~~~~~~~~~[m[K
[2.164s]       |                        [32m[Kstd::end[m[K
[2.164s] In file included from [01m[K/usr/include/c++/11/array:41[m[K,
[2.164s]                  from [01m[K/usr/include/c++/11/tuple:39[m[K,
[2.164s]                  from [01m[K/usr/include/c++/11/bits/unique_ptr.h:37[m[K,
[2.164s]                  from [01m[K/usr/include/c++/11/memory:76[m[K,
[2.164s]                  from [01m[K/opt/ros/humble/include/rclcpp/rclcpp/rclcpp.hpp:153[m[K,
[2.164s]                  from [01m[K/home/robotdeveloper02/IsaacSim-ros_workspaces-main/humble_ws/src/calc_cpp/src/pose_subscriber.cpp:1[m[K:
[2.165s] [01m[K/usr/include/c++/11/bits/range_access.h:110:37:[m[K [01;36m[Knote: [m[Kâ€˜[01m[Kstd::end[m[Kâ€™ declared here
[2.165s]   110 |   template<typename _Tp> const _Tp* [01;36m[Kend[m[K(const valarray<_Tp>&) noexcept;
[2.165s]       |                                     [01;36m[K^~~[m[K
[2.165s] [01m[K/home/robotdeveloper02/IsaacSim-ros_workspaces-main/humble_ws/src/calc_cpp/src/pose_subscriber.cpp:[m[K In member function â€˜[01m[Kvoid calc::estimate_position()[m[Kâ€™:
[2.165s] [01m[K/home/robotdeveloper02/IsaacSim-ros_workspaces-main/humble_ws/src/calc_cpp/src/pose_subscriber.cpp:192:20:[m[K [01;31m[Kerror: [m[Krequest for member â€˜[01m[Kempty[m[Kâ€™ in â€˜[01m[K((calc*)this)->calc::particles_[m[Kâ€™, which is of non-class type â€˜[01m[Kint[m[Kâ€™
[2.165s]   192 |     if (particles_.[01;31m[Kempty[m[K()) {
[2.165s]       |                    [01;31m[K^~~~~[m[K
[2.165s] [01m[K/home/robotdeveloper02/IsaacSim-ros_workspaces-main/humble_ws/src/calc_cpp/src/pose_subscriber.cpp:199:20:[m[K [01;31m[Kerror: [m[Krequest for member â€˜[01m[Kbegin[m[Kâ€™ in â€˜[01m[K((calc*)this)->calc::particles_[m[Kâ€™, which is of non-class type â€˜[01m[Kint[m[Kâ€™
[2.165s]   199 |         particles_.[01;31m[Kbegin[m[K(), particles_.end(),
[2.165s]       |                    [01;31m[K^~~~~[m[K
[2.165s] [01m[K/home/robotdeveloper02/IsaacSim-ros_workspaces-main/humble_ws/src/calc_cpp/src/pose_subscriber.cpp:199:40:[m[K [01;31m[Kerror: [m[Krequest for member â€˜[01m[Kend[m[Kâ€™ in â€˜[01m[K((calc*)this)->calc::particles_[m[Kâ€™, which is of non-class type â€˜[01m[Kint[m[Kâ€™
[2.165s]   199 |         particles_.begin(), particles_.[01;31m[Kend[m[K(),
[2.165s]       |                                        [01;31m[K^~~[m[K
[2.167s] [01m[K/home/robotdeveloper02/IsaacSim-ros_workspaces-main/humble_ws/src/calc_cpp/src/pose_subscriber.cpp:[m[K In member function â€˜[01m[Kvoid calc::resample_particles()[m[Kâ€™:
[2.167s] [01m[K/home/robotdeveloper02/IsaacSim-ros_workspaces-main/humble_ws/src/calc_cpp/src/pose_subscriber.cpp:220:59:[m[K [01;31m[Kerror: [m[Krequest for member â€˜[01m[Kbegin[m[Kâ€™ in â€˜[01m[K((calc*)this)->calc::particles_[m[Kâ€™, which is of non-class type â€˜[01m[Kint[m[Kâ€™
[2.167s]   220 |         double max_weight = (*std::max_element(particles_.[01;31m[Kbegin[m[K(), particles_.end(),
[2.167s]       |                                                           [01;31m[K^~~~~[m[K
[2.167s] [01m[K/home/robotdeveloper02/IsaacSim-ros_workspaces-main/humble_ws/src/calc_cpp/src/pose_subscriber.cpp:220:79:[m[K [01;31m[Kerror: [m[Krequest for member â€˜[01m[Kend[m[Kâ€™ in â€˜[01m[K((calc*)this)->calc::particles_[m[Kâ€™, which is of non-class type â€˜[01m[Kint[m[Kâ€™
[2.167s]   220 | e max_weight = (*std::max_element(particles_.begin(), particles_.[01;31m[Kend[m[K(),
[2.167s]       |                                                                  [01;31m[K^~~[m[K
[2.167s] 
[2.167s] [01m[K/home/robotdeveloper02/IsaacSim-ros_workspaces-main/humble_ws/src/calc_cpp/src/pose_subscriber.cpp:233:37:[m[K [01;31m[Kerror: [m[Kinvalid types â€˜[01m[Kint[int][m[Kâ€™ for array subscript
[2.167s]   233 |             while (beta > particles_[01;31m[K[[m[Kindex].weight) {
[2.167s]       |                                     [01;31m[K^[m[K
[2.167s] [01m[K/home/robotdeveloper02/IsaacSim-ros_workspaces-main/humble_ws/src/calc_cpp/src/pose_subscriber.cpp:234:35:[m[K [01;31m[Kerror: [m[Kinvalid types â€˜[01m[Kint[int][m[Kâ€™ for array subscript
[2.167s]   234 |                 beta -= particles_[01;31m[K[[m[Kindex].weight;
[2.167s]       |                                   [01;31m[K^[m[K
[2.167s] [01m[K/home/robotdeveloper02/IsaacSim-ros_workspaces-main/humble_ws/src/calc_cpp/src/pose_subscriber.cpp:238:47:[m[K [01;31m[Kerror: [m[Kinvalid types â€˜[01m[Kint[int][m[Kâ€™ for array subscript
[2.167s]   238 |             new_particles.push_back(particles_[01;31m[K[[m[Kindex]);
[2.167s]       |                                               [01;31m[K^[m[K
[2.167s] [01m[K/home/robotdeveloper02/IsaacSim-ros_workspaces-main/humble_ws/src/calc_cpp/src/pose_subscriber.cpp:242:22:[m[K [01;31m[Kerror: [m[Kcannot convert â€˜[01m[Kstd::vector<calc::Particle>[m[Kâ€™ to â€˜[01m[Kint[m[Kâ€™ in assignment
[2.167s]   242 |         particles_ = [01;31m[Knew_particles[m[K;
[2.167s]       |                      [01;31m[K^~~~~~~~~~~~~[m[K
[2.167s]       |                      [01;31m[K|[m[K
[2.167s]       |                      [01;31m[Kstd::vector<calc::Particle>[m[K
[4.110s] gmake[2]: *** [CMakeFiles/pose_subscriber.dir/build.make:76: CMakeFiles/pose_subscriber.dir/src/pose_subscriber.cpp.o] Error 1
[4.110s] gmake[1]: *** [CMakeFiles/Makefile2:137: CMakeFiles/pose_subscriber.dir/all] Error 2
[4.110s] gmake: *** [Makefile:146: all] Error 2
[4.111s] Invoked command in '/home/robotdeveloper02/IsaacSim-ros_workspaces-main/humble_ws/build/my_cpp_pose_subscriber' returned '2': CMAKE_PREFIX_PATH=/opt/ros/humble /usr/bin/cmake --build /home/robotdeveloper02/IsaacSim-ros_workspaces-main/humble_ws/build/my_cpp_pose_subscriber -- -j16 -l16
