[01m[K/home/robotdeveloper02/IsaacSim-ros_workspaces-main/humble_ws/src/calc_cpp/src/pose_subscriber.cpp:1186:2:[m[K [01;31m[Kerror: [m[Kexpected â€˜[01m[K}[m[Kâ€™ at end of input
 1186 | }
      |  [01;31m[K^[m[K
[01m[K/home/robotdeveloper02/IsaacSim-ros_workspaces-main/humble_ws/src/calc_cpp/src/pose_subscriber.cpp:30:1:[m[K [01;36m[Knote: [m[Kto match this â€˜[01m[K{[m[Kâ€™
   30 | [01;36m[K{[m[K
      | [01;36m[K^[m[K
[01m[K/home/robotdeveloper02/IsaacSim-ros_workspaces-main/humble_ws/src/calc_cpp/src/pose_subscriber.cpp:[m[K In member function â€˜[01m[Kvoid calc::init_particles(int)[m[Kâ€™:
[01m[K/home/robotdeveloper02/IsaacSim-ros_workspaces-main/humble_ws/src/calc_cpp/src/pose_subscriber.cpp:176:47:[m[K [01;35m[Kwarning: [m[Kcomparison of integer expressions of different signedness: â€˜[01m[Kint[m[Kâ€™ and â€˜[01m[Ksize_t[m[Kâ€™ {aka â€˜[01m[Klong unsigned int[m[Kâ€™} [[01;35m[K]8;;https://gcc.gnu.org/onlinedocs/gcc/Warning-Options.html#index-Wsign-compare-Wsign-compare]8;;[m[K]
  176 |         if ([01;35m[Kgrid_size * grid_size * grid_size < particle_count_[m[K) {
      |             [01;35m[K~~~~~~~~~~~~~~~~~~~~~~~~~~~~~~~~~~^~~~~~~~~~~~~~~~~[m[K
[01m[K/home/robotdeveloper02/IsaacSim-ros_workspaces-main/humble_ws/src/calc_cpp/src/pose_subscriber.cpp:193:52:[m[K [01;35m[Kwarning: [m[Kcomparison of integer expressions of different signedness: â€˜[01m[Kint[m[Kâ€™ and â€˜[01m[Ksize_t[m[Kâ€™ {aka â€˜[01m[Klong unsigned int[m[Kâ€™} [[01;35m[K]8;;https://gcc.gnu.org/onlinedocs/gcc/Warning-Options.html#index-Wsign-compare-Wsign-compare]8;;[m[K]
  193 |             for (int i = 0; i < grid_size && [01;35m[Kindex < particle_count_[m[K; ++i) {
      |                                              [01;35m[K~~~~~~^~~~~~~~~~~~~~~~~[m[K
[01m[K/home/robotdeveloper02/IsaacSim-ros_workspaces-main/humble_ws/src/calc_cpp/src/pose_subscriber.cpp:194:56:[m[K [01;35m[Kwarning: [m[Kcomparison of integer expressions of different signedness: â€˜[01m[Kint[m[Kâ€™ and â€˜[01m[Ksize_t[m[Kâ€™ {aka â€˜[01m[Klong unsigned int[m[Kâ€™} [[01;35m[K]8;;https://gcc.gnu.org/onlinedocs/gcc/Warning-Options.html#index-Wsign-compare-Wsign-compare]8;;[m[K]
  194 |                 for (int j = 0; j < grid_size && [01;35m[Kindex < particle_count_[m[K; ++j) {
      |                                                  [01;35m[K~~~~~~^~~~~~~~~~~~~~~~~[m[K
[01m[K/home/robotdeveloper02/IsaacSim-ros_workspaces-main/humble_ws/src/calc_cpp/src/pose_subscriber.cpp:195:60:[m[K [01;35m[Kwarning: [m[Kcomparison of integer expressions of different signedness: â€˜[01m[Kint[m[Kâ€™ and â€˜[01m[Ksize_t[m[Kâ€™ {aka â€˜[01m[Klong unsigned int[m[Kâ€™} [[01;35m[K]8;;https://gcc.gnu.org/onlinedocs/gcc/Warning-Options.html#index-Wsign-compare-Wsign-compare]8;;[m[K]
  195 |                     for (int k = 0; k < grid_size && [01;35m[Kindex < particle_count_[m[K; ++k) {
      |                                                      [01;35m[K~~~~~~^~~~~~~~~~~~~~~~~[m[K
[01m[K/home/robotdeveloper02/IsaacSim-ros_workspaces-main/humble_ws/src/calc_cpp/src/pose_subscriber.cpp:[m[K In member function â€˜[01m[Kvoid calc::topic1_callback(std::shared_ptr<std_msgs::msg::String_<std::allocator<void> > >)[m[Kâ€™:
[01m[K/home/robotdeveloper02/IsaacSim-ros_workspaces-main/humble_ws/src/calc_cpp/src/pose_subscriber.cpp:270:9:[m[K [01;31m[Kerror: [m[Kâ€˜[01m[Kpublish_robot_marker[m[Kâ€™ was not declared in this scope
  270 |         [01;31m[Kpublish_robot_marker[m[K();
      |         [01;31m[K^~~~~~~~~~~~~~~~~~~~[m[K
[01m[K/home/robotdeveloper02/IsaacSim-ros_workspaces-main/humble_ws/src/calc_cpp/src/pose_subscriber.cpp:[m[K In member function â€˜[01m[Kvoid calc::topic6_callback(std::shared_ptr<geometry_msgs::msg::PoseStamped_<std::allocator<void> > >)[m[Kâ€™:
[01m[K/home/robotdeveloper02/IsaacSim-ros_workspaces-main/humble_ws/src/calc_cpp/src/pose_subscriber.cpp:302:9:[m[K [01;31m[Kerror: [m[Kâ€˜[01m[Kpublish_anchor4_marker[m[Kâ€™ was not declared in this scope
  302 |         [01;31m[Kpublish_anchor4_marker[m[K();
      |         [01;31m[K^~~~~~~~~~~~~~~~~~~~~~[m[K
[01m[K/home/robotdeveloper02/IsaacSim-ros_workspaces-main/humble_ws/src/calc_cpp/src/pose_subscriber.cpp:[m[K In member function â€˜[01m[Kvoid calc::calculate_distance()[m[Kâ€™:
[01m[K/home/robotdeveloper02/IsaacSim-ros_workspaces-main/humble_ws/src/calc_cpp/src/pose_subscriber.cpp:579:17:[m[K [01;31m[Kerror: [m[Kâ€˜[01m[Kcheck_estimation_and_movement[m[Kâ€™ was not declared in this scope
  579 |                 [01;31m[Kcheck_estimation_and_movement[m[K(anchor_idx);
      |                 [01;31m[K^~~~~~~~~~~~~~~~~~~~~~~~~~~~~[m[K
[01m[K/home/robotdeveloper02/IsaacSim-ros_workspaces-main/humble_ws/src/calc_cpp/src/pose_subscriber.cpp:601:17:[m[K [01;31m[Kerror: [m[Kâ€˜[01m[Kstate_transition[m[Kâ€™ was not declared in this scope
  601 |                 [01;31m[Kstate_transition[m[K(x, imu_acc, imu_gyro, imu_dt, x_next);
      |                 [01;31m[K^~~~~~~~~~~~~~~~[m[K
[01m[K/home/robotdeveloper02/IsaacSim-ros_workspaces-main/humble_ws/src/calc_cpp/src/pose_subscriber.cpp:706:17:[m[K [01;31m[Kerror: [m[Kâ€˜[01m[Knormalize_weights[m[Kâ€™ was not declared in this scope
  706 |                 [01;31m[Knormalize_weights[m[K(anchor_idx);
      |                 [01;31m[K^~~~~~~~~~~~~~~~~[m[K
[01m[K/home/robotdeveloper02/IsaacSim-ros_workspaces-main/humble_ws/src/calc_cpp/src/pose_subscriber.cpp:707:17:[m[K [01;31m[Kerror: [m[Kâ€˜[01m[Kestimate_position[m[Kâ€™ was not declared in this scope
  707 |                 [01;31m[Kestimate_position[m[K(anchor_idx);
      |                 [01;31m[K^~~~~~~~~~~~~~~~~[m[K
[01m[K/home/robotdeveloper02/IsaacSim-ros_workspaces-main/humble_ws/src/calc_cpp/src/pose_subscriber.cpp:722:49:[m[K [01;31m[Kerror: [m[Kâ€˜[01m[KerrorEllipse[m[Kâ€™ was not declared in this scope
  722 |                 previousEllipses_[anchor_idx] = [01;31m[KerrorEllipse[m[K(particle_positions);
      |                                                 [01;31m[K^~~~~~~~~~~~[m[K
[01m[K/home/robotdeveloper02/IsaacSim-ros_workspaces-main/humble_ws/src/calc_cpp/src/pose_subscriber.cpp:726:21:[m[K [01;31m[Kerror: [m[Kâ€˜[01m[Kresample_particles[m[Kâ€™ was not declared in this scope
  726 |                     [01;31m[Kresample_particles[m[K(anchor_idx);
      |                     [01;31m[K^~~~~~~~~~~~~~~~~~[m[K
[01m[K/home/robotdeveloper02/IsaacSim-ros_workspaces-main/humble_ws/src/calc_cpp/src/pose_subscriber.cpp:730:21:[m[K [01;31m[Kerror: [m[Kâ€˜[01m[Kpublish_particle_markers[m[Kâ€™ was not declared in this scope
  730 |                     [01;31m[Kpublish_particle_markers[m[K(anchor_idx);
      |                     [01;31m[K^~~~~~~~~~~~~~~~~~~~~~~~[m[K
[01m[K/home/robotdeveloper02/IsaacSim-ros_workspaces-main/humble_ws/src/calc_cpp/src/pose_subscriber.cpp:733:21:[m[K [01;31m[Kerror: [m[Kâ€˜[01m[Kpublish_particle_markers[m[Kâ€™ was not declared in this scope
  733 |                     [01;31m[Kpublish_particle_markers[m[K(anchor_idx);
      |                     [01;31m[K^~~~~~~~~~~~~~~~~~~~~~~~[m[K
[01m[K/home/robotdeveloper02/IsaacSim-ros_workspaces-main/humble_ws/src/calc_cpp/src/pose_subscriber.cpp:740:47:[m[K [01;31m[Kerror: [m[Ka function-definition is not allowed here before â€˜[01m[K{[m[Kâ€™ token
  740 |     void normalize_weights(size_t anchor_idx) [01;31m[K{[m[K
      |                                               [01;31m[K^[m[K
[01m[K/home/robotdeveloper02/IsaacSim-ros_workspaces-main/humble_ws/src/calc_cpp/src/pose_subscriber.cpp:755:47:[m[K [01;31m[Kerror: [m[Ka function-definition is not allowed here before â€˜[01m[K{[m[Kâ€™ token
  755 |     void estimate_position(size_t anchor_idx) [01;31m[K{[m[K
      |                                               [01;31m[K^[m[K
[01m[K/home/robotdeveloper02/IsaacSim-ros_workspaces-main/humble_ws/src/calc_cpp/src/pose_subscriber.cpp:900:48:[m[K [01;31m[Kerror: [m[Ka function-definition is not allowed here before â€˜[01m[K{[m[Kâ€™ token
  900 |     void resample_particles(size_t anchor_idx) [01;31m[K{[m[K
      |                                                [01;31m[K^[m[K
[01m[K/home/robotdeveloper02/IsaacSim-ros_workspaces-main/humble_ws/src/calc_cpp/src/pose_subscriber.cpp:939:59:[m[K [01;31m[Kerror: [m[Ka function-definition is not allowed here before â€˜[01m[K{[m[Kâ€™ token
  939 |     void check_estimation_and_movement(size_t anchor_idx) [01;31m[K{[m[K
      |                                                           [01;31m[K^[m[K
[01m[K/home/robotdeveloper02/IsaacSim-ros_workspaces-main/humble_ws/src/calc_cpp/src/pose_subscriber.cpp:953:105:[m[K [01;31m[Kerror: [m[Ka function-definition is not allowed here before â€˜[01m[K{[m[Kâ€™ token
  953 |     Eigen::Vector4d computeQuaternionDerivative(const Eigen::Vector4d &q, const Eigen::Vector3d &omega) [01;31m[K{[m[K
      |                                                                                                         [01;31m[K^[m[K
[01m[K/home/robotdeveloper02/IsaacSim-ros_workspaces-main/humble_ws/src/calc_cpp/src/pose_subscriber.cpp:974:5:[m[K [01;31m[Kerror: [m[Ka function-definition is not allowed here before â€˜[01m[K{[m[Kâ€™ token
  974 |     [01;31m[K{[m[K
      |     [01;31m[K^[m[K
[01m[K/home/robotdeveloper02/IsaacSim-ros_workspaces-main/humble_ws/src/calc_cpp/src/pose_subscriber.cpp:1005:70:[m[K [01;31m[Kerror: [m[Ka function-definition is not allowed here before â€˜[01m[K{[m[Kâ€™ token
 1005 |     Ellipse errorEllipse(const std::vector<Eigen::Vector3d>& points) [01;31m[K{[m[K
      |                                                                      [01;31m[K^[m[K
[01m[K/home/robotdeveloper02/IsaacSim-ros_workspaces-main/humble_ws/src/calc_cpp/src/pose_subscriber.cpp:1061:33:[m[K [01;31m[Kerror: [m[Ka function-definition is not allowed here before â€˜[01m[K{[m[Kâ€™ token
 1061 |     void publish_robot_marker() [01;31m[K{[m[K
      |                                 [01;31m[K^[m[K
[01m[K/home/robotdeveloper02/IsaacSim-ros_workspaces-main/humble_ws/src/calc_cpp/src/pose_subscriber.cpp:1098:39:[m[K [01;31m[Kerror: [m[Ka function-definition is not allowed here before â€˜[01m[K{[m[Kâ€™ token
 1098 |         void publish_anchor4_marker() [01;31m[K{[m[K
      |                                       [01;31m[K^[m[K
[01m[K/home/robotdeveloper02/IsaacSim-ros_workspaces-main/humble_ws/src/calc_cpp/src/pose_subscriber.cpp:1135:54:[m[K [01;31m[Kerror: [m[Ka function-definition is not allowed here before â€˜[01m[K{[m[Kâ€™ token
 1135 |     void publish_particle_markers(size_t anchor_idx) [01;31m[K{[m[K
      |                                                      [01;31m[K^[m[K
[01m[K/home/robotdeveloper02/IsaacSim-ros_workspaces-main/humble_ws/src/calc_cpp/src/pose_subscriber.cpp:1168:47:[m[K [01;31m[Kerror: [m[Ka function-definition is not allowed here before â€˜[01m[K{[m[Kâ€™ token
 1168 |     void display_particles(size_t anchor_idx) [01;31m[K{[m[K
      |                                               [01;31m[K^[m[K
[01m[K/home/robotdeveloper02/IsaacSim-ros_workspaces-main/humble_ws/src/calc_cpp/src/pose_subscriber.cpp:1181:1:[m[K [01;31m[Kerror: [m[Ka function-definition is not allowed here before â€˜[01m[K{[m[Kâ€™ token
 1181 | [01;31m[K{[m[K
      | [01;31m[K^[m[K
[01m[K/home/robotdeveloper02/IsaacSim-ros_workspaces-main/humble_ws/src/calc_cpp/src/pose_subscriber.cpp:1186:2:[m[K [01;31m[Kerror: [m[Kexpected â€˜[01m[K}[m[Kâ€™ at end of input
 1186 | }
      |  [01;31m[K^[m[K
[01m[K/home/robotdeveloper02/IsaacSim-ros_workspaces-main/humble_ws/src/calc_cpp/src/pose_subscriber.cpp:558:31:[m[K [01;36m[Knote: [m[Kto match this â€˜[01m[K{[m[Kâ€™
  558 |     void calculate_distance() [01;36m[K{[m[K
      |                               [01;36m[K^[m[K
[01m[K/home/robotdeveloper02/IsaacSim-ros_workspaces-main/humble_ws/src/calc_cpp/src/pose_subscriber.cpp:[m[K At global scope:
[01m[K/home/robotdeveloper02/IsaacSim-ros_workspaces-main/humble_ws/src/calc_cpp/src/pose_subscriber.cpp:1186:2:[m[K [01;31m[Kerror: [m[Kexpected unqualified-id at end of input
 1186 | }
      |  [01;31m[K^[m[K
gmake[2]: *** [CMakeFiles/pose_subscriber.dir/build.make:76: CMakeFiles/pose_subscriber.dir/src/pose_subscriber.cpp.o] Error 1
gmake[1]: *** [CMakeFiles/Makefile2:137: CMakeFiles/pose_subscriber.dir/all] Error 2
gmake: *** [Makefile:146: all] Error 2
