[0.012s] Invoking command in '/home/robotdeveloper02/IsaacSim-ros_workspaces-main/humble_ws/build/my_cpp_pose_subscriber': CMAKE_PREFIX_PATH=/home/robotdeveloper02/IsaacSim-ros_workspaces-main/humble_ws/install/custom_message:/home/robotdeveloper02/IsaacSim-ros_workspaces-main/humble_ws/install/IMU_otamesi:/home/robotdeveloper02/IsaacSim-ros_workspaces-main/humble_ws/install/my_cpp_pose_subscriber:/home/robotdeveloper02/IsaacSim-ros_workspaces-main/humble_ws/install/isaacsim:/home/robotdeveloper02/IsaacSim-ros_workspaces-main/humble_ws/install/isaac_tutorials:/home/robotdeveloper02/IsaacSim-ros_workspaces-main/humble_ws/install/isaac_ros2_messages:/home/robotdeveloper02/IsaacSim-ros_workspaces-main/humble_ws/install/carter_navigation:/home/robotdeveloper02/IsaacSim-ros_workspaces-main/humble_ws/install/Jettbot_position:/home/robotdeveloper02/IsaacSim-ros_workspaces-main/humble_ws/install/cube_controller:/home/robotdeveloper02/IsaacSim-ros_workspaces-main/humble_ws/install/my_ros2_package:/home/robotdeveloper02/IsaacSim-ros_workspaces-main/humble_ws/install/jetbot_controller:/home/robotdeveloper02/IsaacSim-ros_workspaces-main/humble_ws/install/isaac_ros_navigation_goal:/home/robotdeveloper02/IsaacSim-ros_workspaces-main/humble_ws/install/error_subscriber:/opt/ros/humble LD_LIBRARY_PATH=/home/robotdeveloper02/IsaacSim-ros_workspaces-main/humble_ws/install/custom_message/lib:/home/robotdeveloper02/IsaacSim-ros_workspaces-main/humble_ws/install/isaac_ros2_messages/lib:/usr/lib/x86_64-linux-gnu/gazebo-11/plugins:/opt/ros/humble/opt/rviz_ogre_vendor/lib:/opt/ros/humble/lib/x86_64-linux-gnu:/opt/ros/humble/lib /usr/bin/cmake --build /home/robotdeveloper02/IsaacSim-ros_workspaces-main/humble_ws/build/my_cpp_pose_subscriber -- -j16 -l16
[0.080s] [ 50%] [32mBuilding CXX object CMakeFiles/pose_subscriber.dir/src/pose_subscriber.cpp.o[0m
[2.745s] [01m[K/home/robotdeveloper02/IsaacSim-ros_workspaces-main/humble_ws/src/calc_cpp/src/pose_subscriber.cpp:1186:2:[m[K [01;31m[Kerror: [m[Kexpected â€˜[01m[K}[m[Kâ€™ at end of input
[2.745s]  1186 | }
[2.745s]       |  [01;31m[K^[m[K
[2.745s] [01m[K/home/robotdeveloper02/IsaacSim-ros_workspaces-main/humble_ws/src/calc_cpp/src/pose_subscriber.cpp:30:1:[m[K [01;36m[Knote: [m[Kto match this â€˜[01m[K{[m[Kâ€™
[2.746s]    30 | [01;36m[K{[m[K
[2.746s]       | [01;36m[K^[m[K
[2.768s] [01m[K/home/robotdeveloper02/IsaacSim-ros_workspaces-main/humble_ws/src/calc_cpp/src/pose_subscriber.cpp:[m[K In member function â€˜[01m[Kvoid calc::init_particles(int)[m[Kâ€™:
[2.768s] [01m[K/home/robotdeveloper02/IsaacSim-ros_workspaces-main/humble_ws/src/calc_cpp/src/pose_subscriber.cpp:176:47:[m[K [01;35m[Kwarning: [m[Kcomparison of integer expressions of different signedness: â€˜[01m[Kint[m[Kâ€™ and â€˜[01m[Ksize_t[m[Kâ€™ {aka â€˜[01m[Klong unsigned int[m[Kâ€™} [[01;35m[K]8;;https://gcc.gnu.org/onlinedocs/gcc/Warning-Options.html#index-Wsign-compare-Wsign-compare]8;;[m[K]
[2.768s]   176 |         if ([01;35m[Kgrid_size * grid_size * grid_size < particle_count_[m[K) {
[2.768s]       |             [01;35m[K~~~~~~~~~~~~~~~~~~~~~~~~~~~~~~~~~~^~~~~~~~~~~~~~~~~[m[K
[2.768s] [01m[K/home/robotdeveloper02/IsaacSim-ros_workspaces-main/humble_ws/src/calc_cpp/src/pose_subscriber.cpp:193:52:[m[K [01;35m[Kwarning: [m[Kcomparison of integer expressions of different signedness: â€˜[01m[Kint[m[Kâ€™ and â€˜[01m[Ksize_t[m[Kâ€™ {aka â€˜[01m[Klong unsigned int[m[Kâ€™} [[01;35m[K]8;;https://gcc.gnu.org/onlinedocs/gcc/Warning-Options.html#index-Wsign-compare-Wsign-compare]8;;[m[K]
[2.768s]   193 |             for (int i = 0; i < grid_size && [01;35m[Kindex < particle_count_[m[K; ++i) {
[2.768s]       |                                              [01;35m[K~~~~~~^~~~~~~~~~~~~~~~~[m[K
[2.769s] [01m[K/home/robotdeveloper02/IsaacSim-ros_workspaces-main/humble_ws/src/calc_cpp/src/pose_subscriber.cpp:194:56:[m[K [01;35m[Kwarning: [m[Kcomparison of integer expressions of different signedness: â€˜[01m[Kint[m[Kâ€™ and â€˜[01m[Ksize_t[m[Kâ€™ {aka â€˜[01m[Klong unsigned int[m[Kâ€™} [[01;35m[K]8;;https://gcc.gnu.org/onlinedocs/gcc/Warning-Options.html#index-Wsign-compare-Wsign-compare]8;;[m[K]
[2.769s]   194 |                 for (int j = 0; j < grid_size && [01;35m[Kindex < particle_count_[m[K; ++j) {
[2.769s]       |                                                  [01;35m[K~~~~~~^~~~~~~~~~~~~~~~~[m[K
[2.769s] [01m[K/home/robotdeveloper02/IsaacSim-ros_workspaces-main/humble_ws/src/calc_cpp/src/pose_subscriber.cpp:195:60:[m[K [01;35m[Kwarning: [m[Kcomparison of integer expressions of different signedness: â€˜[01m[Kint[m[Kâ€™ and â€˜[01m[Ksize_t[m[Kâ€™ {aka â€˜[01m[Klong unsigned int[m[Kâ€™} [[01;35m[K]8;;https://gcc.gnu.org/onlinedocs/gcc/Warning-Options.html#index-Wsign-compare-Wsign-compare]8;;[m[K]
[2.769s]   195 |                     for (int k = 0; k < grid_size && [01;35m[Kindex < particle_count_[m[K; ++k) {
[2.769s]       |                                                      [01;35m[K~~~~~~^~~~~~~~~~~~~~~~~[m[K
[2.782s] [01m[K/home/robotdeveloper02/IsaacSim-ros_workspaces-main/humble_ws/src/calc_cpp/src/pose_subscriber.cpp:[m[K In member function â€˜[01m[Kvoid calc::topic1_callback(std::shared_ptr<std_msgs::msg::String_<std::allocator<void> > >)[m[Kâ€™:
[2.782s] [01m[K/home/robotdeveloper02/IsaacSim-ros_workspaces-main/humble_ws/src/calc_cpp/src/pose_subscriber.cpp:270:9:[m[K [01;31m[Kerror: [m[Kâ€˜[01m[Kpublish_robot_marker[m[Kâ€™ was not declared in this scope
[2.782s]   270 |         [01;31m[Kpublish_robot_marker[m[K();
[2.782s]       |         [01;31m[K^~~~~~~~~~~~~~~~~~~~[m[K
[2.794s] [01m[K/home/robotdeveloper02/IsaacSim-ros_workspaces-main/humble_ws/src/calc_cpp/src/pose_subscriber.cpp:[m[K In member function â€˜[01m[Kvoid calc::topic6_callback(std::shared_ptr<geometry_msgs::msg::PoseStamped_<std::allocator<void> > >)[m[Kâ€™:
[2.795s] [01m[K/home/robotdeveloper02/IsaacSim-ros_workspaces-main/humble_ws/src/calc_cpp/src/pose_subscriber.cpp:302:9:[m[K [01;31m[Kerror: [m[Kâ€˜[01m[Kpublish_anchor4_marker[m[Kâ€™ was not declared in this scope
[2.795s]   302 |         [01;31m[Kpublish_anchor4_marker[m[K();
[2.795s]       |         [01;31m[K^~~~~~~~~~~~~~~~~~~~~~[m[K
[2.813s] [01m[K/home/robotdeveloper02/IsaacSim-ros_workspaces-main/humble_ws/src/calc_cpp/src/pose_subscriber.cpp:[m[K In member function â€˜[01m[Kvoid calc::calculate_distance()[m[Kâ€™:
[2.813s] [01m[K/home/robotdeveloper02/IsaacSim-ros_workspaces-main/humble_ws/src/calc_cpp/src/pose_subscriber.cpp:579:17:[m[K [01;31m[Kerror: [m[Kâ€˜[01m[Kcheck_estimation_and_movement[m[Kâ€™ was not declared in this scope
[2.813s]   579 |                 [01;31m[Kcheck_estimation_and_movement[m[K(anchor_idx);
[2.813s]       |                 [01;31m[K^~~~~~~~~~~~~~~~~~~~~~~~~~~~~[m[K
[2.837s] [01m[K/home/robotdeveloper02/IsaacSim-ros_workspaces-main/humble_ws/src/calc_cpp/src/pose_subscriber.cpp:601:17:[m[K [01;31m[Kerror: [m[Kâ€˜[01m[Kstate_transition[m[Kâ€™ was not declared in this scope
[2.837s]   601 |                 [01;31m[Kstate_transition[m[K(x, imu_acc, imu_gyro, imu_dt, x_next);
[2.837s]       |                 [01;31m[K^~~~~~~~~~~~~~~~[m[K
[2.858s] [01m[K/home/robotdeveloper02/IsaacSim-ros_workspaces-main/humble_ws/src/calc_cpp/src/pose_subscriber.cpp:706:17:[m[K [01;31m[Kerror: [m[Kâ€˜[01m[Knormalize_weights[m[Kâ€™ was not declared in this scope
[2.858s]   706 |                 [01;31m[Knormalize_weights[m[K(anchor_idx);
[2.858s]       |                 [01;31m[K^~~~~~~~~~~~~~~~~[m[K
[2.866s] [01m[K/home/robotdeveloper02/IsaacSim-ros_workspaces-main/humble_ws/src/calc_cpp/src/pose_subscriber.cpp:707:17:[m[K [01;31m[Kerror: [m[Kâ€˜[01m[Kestimate_position[m[Kâ€™ was not declared in this scope
[2.866s]   707 |                 [01;31m[Kestimate_position[m[K(anchor_idx);
[2.867s]       |                 [01;31m[K^~~~~~~~~~~~~~~~~[m[K
[2.876s] [01m[K/home/robotdeveloper02/IsaacSim-ros_workspaces-main/humble_ws/src/calc_cpp/src/pose_subscriber.cpp:722:49:[m[K [01;31m[Kerror: [m[Kâ€˜[01m[KerrorEllipse[m[Kâ€™ was not declared in this scope
[2.876s]   722 |                 previousEllipses_[anchor_idx] = [01;31m[KerrorEllipse[m[K(particle_positions);
[2.876s]       |                                                 [01;31m[K^~~~~~~~~~~~[m[K
[2.885s] [01m[K/home/robotdeveloper02/IsaacSim-ros_workspaces-main/humble_ws/src/calc_cpp/src/pose_subscriber.cpp:726:21:[m[K [01;31m[Kerror: [m[Kâ€˜[01m[Kresample_particles[m[Kâ€™ was not declared in this scope
[2.885s]   726 |                     [01;31m[Kresample_particles[m[K(anchor_idx);
[2.885s]       |                     [01;31m[K^~~~~~~~~~~~~~~~~~[m[K
[2.896s] [01m[K/home/robotdeveloper02/IsaacSim-ros_workspaces-main/humble_ws/src/calc_cpp/src/pose_subscriber.cpp:730:21:[m[K [01;31m[Kerror: [m[Kâ€˜[01m[Kpublish_particle_markers[m[Kâ€™ was not declared in this scope
[2.896s]   730 |                     [01;31m[Kpublish_particle_markers[m[K(anchor_idx);
[2.896s]       |                     [01;31m[K^~~~~~~~~~~~~~~~~~~~~~~~[m[K
[2.906s] [01m[K/home/robotdeveloper02/IsaacSim-ros_workspaces-main/humble_ws/src/calc_cpp/src/pose_subscriber.cpp:733:21:[m[K [01;31m[Kerror: [m[Kâ€˜[01m[Kpublish_particle_markers[m[Kâ€™ was not declared in this scope
[2.906s]   733 |                     [01;31m[Kpublish_particle_markers[m[K(anchor_idx);
[2.907s]       |                     [01;31m[K^~~~~~~~~~~~~~~~~~~~~~~~[m[K
[2.907s] [01m[K/home/robotdeveloper02/IsaacSim-ros_workspaces-main/humble_ws/src/calc_cpp/src/pose_subscriber.cpp:740:47:[m[K [01;31m[Kerror: [m[Ka function-definition is not allowed here before â€˜[01m[K{[m[Kâ€™ token
[2.907s]   740 |     void normalize_weights(size_t anchor_idx) [01;31m[K{[m[K
[2.907s]       |                                               [01;31m[K^[m[K
[2.907s] [01m[K/home/robotdeveloper02/IsaacSim-ros_workspaces-main/humble_ws/src/calc_cpp/src/pose_subscriber.cpp:755:47:[m[K [01;31m[Kerror: [m[Ka function-definition is not allowed here before â€˜[01m[K{[m[Kâ€™ token
[2.907s]   755 |     void estimate_position(size_t anchor_idx) [01;31m[K{[m[K
[2.907s]       |                                               [01;31m[K^[m[K
[2.907s] [01m[K/home/robotdeveloper02/IsaacSim-ros_workspaces-main/humble_ws/src/calc_cpp/src/pose_subscriber.cpp:900:48:[m[K [01;31m[Kerror: [m[Ka function-definition is not allowed here before â€˜[01m[K{[m[Kâ€™ token
[2.907s]   900 |     void resample_particles(size_t anchor_idx) [01;31m[K{[m[K
[2.907s]       |                                                [01;31m[K^[m[K
[2.907s] [01m[K/home/robotdeveloper02/IsaacSim-ros_workspaces-main/humble_ws/src/calc_cpp/src/pose_subscriber.cpp:939:59:[m[K [01;31m[Kerror: [m[Ka function-definition is not allowed here before â€˜[01m[K{[m[Kâ€™ token
[2.907s]   939 |     void check_estimation_and_movement(size_t anchor_idx) [01;31m[K{[m[K
[2.907s]       |                                                           [01;31m[K^[m[K
[2.907s] [01m[K/home/robotdeveloper02/IsaacSim-ros_workspaces-main/humble_ws/src/calc_cpp/src/pose_subscriber.cpp:953:105:[m[K [01;31m[Kerror: [m[Ka function-definition is not allowed here before â€˜[01m[K{[m[Kâ€™ token
[2.907s]   953 |     Eigen::Vector4d computeQuaternionDerivative(const Eigen::Vector4d &q, const Eigen::Vector3d &omega) [01;31m[K{[m[K
[2.907s]       |                                                                                                         [01;31m[K^[m[K
[2.907s] [01m[K/home/robotdeveloper02/IsaacSim-ros_workspaces-main/humble_ws/src/calc_cpp/src/pose_subscriber.cpp:974:5:[m[K [01;31m[Kerror: [m[Ka function-definition is not allowed here before â€˜[01m[K{[m[Kâ€™ token
[2.907s]   974 |     [01;31m[K{[m[K
[2.907s]       |     [01;31m[K^[m[K
[2.907s] [01m[K/home/robotdeveloper02/IsaacSim-ros_workspaces-main/humble_ws/src/calc_cpp/src/pose_subscriber.cpp:1005:70:[m[K [01;31m[Kerror: [m[Ka function-definition is not allowed here before â€˜[01m[K{[m[Kâ€™ token
[2.907s]  1005 |     Ellipse errorEllipse(const std::vector<Eigen::Vector3d>& points) [01;31m[K{[m[K
[2.907s]       |                                                                      [01;31m[K^[m[K
[2.907s] [01m[K/home/robotdeveloper02/IsaacSim-ros_workspaces-main/humble_ws/src/calc_cpp/src/pose_subscriber.cpp:1061:33:[m[K [01;31m[Kerror: [m[Ka function-definition is not allowed here before â€˜[01m[K{[m[Kâ€™ token
[2.907s]  1061 |     void publish_robot_marker() [01;31m[K{[m[K
[2.908s]       |                                 [01;31m[K^[m[K
[2.908s] [01m[K/home/robotdeveloper02/IsaacSim-ros_workspaces-main/humble_ws/src/calc_cpp/src/pose_subscriber.cpp:1098:39:[m[K [01;31m[Kerror: [m[Ka function-definition is not allowed here before â€˜[01m[K{[m[Kâ€™ token
[2.908s]  1098 |         void publish_anchor4_marker() [01;31m[K{[m[K
[2.908s]       |                                       [01;31m[K^[m[K
[2.908s] [01m[K/home/robotdeveloper02/IsaacSim-ros_workspaces-main/humble_ws/src/calc_cpp/src/pose_subscriber.cpp:1135:54:[m[K [01;31m[Kerror: [m[Ka function-definition is not allowed here before â€˜[01m[K{[m[Kâ€™ token
[2.908s]  1135 |     void publish_particle_markers(size_t anchor_idx) [01;31m[K{[m[K
[2.908s]       |                                                      [01;31m[K^[m[K
[2.908s] [01m[K/home/robotdeveloper02/IsaacSim-ros_workspaces-main/humble_ws/src/calc_cpp/src/pose_subscriber.cpp:1168:47:[m[K [01;31m[Kerror: [m[Ka function-definition is not allowed here before â€˜[01m[K{[m[Kâ€™ token
[2.908s]  1168 |     void display_particles(size_t anchor_idx) [01;31m[K{[m[K
[2.908s]       |                                               [01;31m[K^[m[K
[2.908s] [01m[K/home/robotdeveloper02/IsaacSim-ros_workspaces-main/humble_ws/src/calc_cpp/src/pose_subscriber.cpp:1181:1:[m[K [01;31m[Kerror: [m[Ka function-definition is not allowed here before â€˜[01m[K{[m[Kâ€™ token
[2.908s]  1181 | [01;31m[K{[m[K
[2.908s]       | [01;31m[K^[m[K
[2.908s] [01m[K/home/robotdeveloper02/IsaacSim-ros_workspaces-main/humble_ws/src/calc_cpp/src/pose_subscriber.cpp:1186:2:[m[K [01;31m[Kerror: [m[Kexpected â€˜[01m[K}[m[Kâ€™ at end of input
[2.908s]  1186 | }
[2.908s]       |  [01;31m[K^[m[K
[2.908s] [01m[K/home/robotdeveloper02/IsaacSim-ros_workspaces-main/humble_ws/src/calc_cpp/src/pose_subscriber.cpp:558:31:[m[K [01;36m[Knote: [m[Kto match this â€˜[01m[K{[m[Kâ€™
[2.908s]   558 |     void calculate_distance() [01;36m[K{[m[K
[2.908s]       |                               [01;36m[K^[m[K
[2.908s] [01m[K/home/robotdeveloper02/IsaacSim-ros_workspaces-main/humble_ws/src/calc_cpp/src/pose_subscriber.cpp:[m[K At global scope:
[2.908s] [01m[K/home/robotdeveloper02/IsaacSim-ros_workspaces-main/humble_ws/src/calc_cpp/src/pose_subscriber.cpp:1186:2:[m[K [01;31m[Kerror: [m[Kexpected unqualified-id at end of input
[2.908s]  1186 | }
[2.908s]       |  [01;31m[K^[m[K
[5.851s] gmake[2]: *** [CMakeFiles/pose_subscriber.dir/build.make:76: CMakeFiles/pose_subscriber.dir/src/pose_subscriber.cpp.o] Error 1
[5.851s] gmake[1]: *** [CMakeFiles/Makefile2:137: CMakeFiles/pose_subscriber.dir/all] Error 2
[5.851s] gmake: *** [Makefile:146: all] Error 2
[5.853s] Invoked command in '/home/robotdeveloper02/IsaacSim-ros_workspaces-main/humble_ws/build/my_cpp_pose_subscriber' returned '2': CMAKE_PREFIX_PATH=/home/robotdeveloper02/IsaacSim-ros_workspaces-main/humble_ws/install/custom_message:/home/robotdeveloper02/IsaacSim-ros_workspaces-main/humble_ws/install/IMU_otamesi:/home/robotdeveloper02/IsaacSim-ros_workspaces-main/humble_ws/install/my_cpp_pose_subscriber:/home/robotdeveloper02/IsaacSim-ros_workspaces-main/humble_ws/install/isaacsim:/home/robotdeveloper02/IsaacSim-ros_workspaces-main/humble_ws/install/isaac_tutorials:/home/robotdeveloper02/IsaacSim-ros_workspaces-main/humble_ws/install/isaac_ros2_messages:/home/robotdeveloper02/IsaacSim-ros_workspaces-main/humble_ws/install/carter_navigation:/home/robotdeveloper02/IsaacSim-ros_workspaces-main/humble_ws/install/Jettbot_position:/home/robotdeveloper02/IsaacSim-ros_workspaces-main/humble_ws/install/cube_controller:/home/robotdeveloper02/IsaacSim-ros_workspaces-main/humble_ws/install/my_ros2_package:/home/robotdeveloper02/IsaacSim-ros_workspaces-main/humble_ws/install/jetbot_controller:/home/robotdeveloper02/IsaacSim-ros_workspaces-main/humble_ws/install/isaac_ros_navigation_goal:/home/robotdeveloper02/IsaacSim-ros_workspaces-main/humble_ws/install/error_subscriber:/opt/ros/humble LD_LIBRARY_PATH=/home/robotdeveloper02/IsaacSim-ros_workspaces-main/humble_ws/install/custom_message/lib:/home/robotdeveloper02/IsaacSim-ros_workspaces-main/humble_ws/install/isaac_ros2_messages/lib:/usr/lib/x86_64-linux-gnu/gazebo-11/plugins:/opt/ros/humble/opt/rviz_ogre_vendor/lib:/opt/ros/humble/lib/x86_64-linux-gnu:/opt/ros/humble/lib /usr/bin/cmake --build /home/robotdeveloper02/IsaacSim-ros_workspaces-main/humble_ws/build/my_cpp_pose_subscriber -- -j16 -l16
