[0.387s] Invoking command in '/home/robotdeveloper02/IsaacSim-ros_workspaces-main/humble_ws/build/my_cpp_pose_subscriber': CMAKE_PREFIX_PATH=/opt/ros/humble /usr/bin/cmake --build /home/robotdeveloper02/IsaacSim-ros_workspaces-main/humble_ws/build/my_cpp_pose_subscriber -- -j16 -l16
[0.417s] [35m[1mConsolidate compiler generated dependencies of target pose_subscriber[0m
[0.430s] [ 50%] [32mBuilding CXX object CMakeFiles/pose_subscriber.dir/src/pose_subscriber.cpp.o[0m
[0.560s] In file included from [01m[K/home/robotdeveloper02/IsaacSim-ros_workspaces-main/humble_ws/src/calc_cpp/src/pose_subscriber.cpp:4[m[K:
[0.560s] [01m[K/opt/ros/humble/include/tf2_geometry_msgs/tf2_geometry_msgs/tf2_geometry_msgs.h:35:2:[m[K [01;35m[Kwarning: [m[K#warning This header is obsolete, please include tf2_geometry_msgs/tf2_geometry_msgs.hpp instead [[01;35m[K]8;;https://gcc.gnu.org/onlinedocs/gcc/Warning-Options.html#index-Wcpp-Wcpp]8;;[m[K]
[0.560s]    35 | #[01;35m[Kwarning[m[K This header is obsolete, please include tf2_geometry_msgs/tf2_geometry_msgs.hpp instead
[0.560s]       |  [01;35m[K^~~~~~~[m[K
[2.145s] [01m[K/home/robotdeveloper02/IsaacSim-ros_workspaces-main/humble_ws/src/calc_cpp/src/pose_subscriber.cpp:50:17:[m[K [01;31m[Kerror: [m[Kâ€˜[01m[KParticle[m[Kâ€™ was not declared in this scope
[2.145s]    50 |     std::vector<[01;31m[KParticle[m[K> particles_;
[2.145s]       |                 [01;31m[K^~~~~~~~[m[K
[2.145s] [01m[K/home/robotdeveloper02/IsaacSim-ros_workspaces-main/humble_ws/src/calc_cpp/src/pose_subscriber.cpp:50:25:[m[K [01;31m[Kerror: [m[Ktemplate argument 1 is invalid
[2.145s]    50 |     std::vector<Particle[01;31m[K>[m[K particles_;
[2.145s]       |                         [01;31m[K^[m[K
[2.145s] [01m[K/home/robotdeveloper02/IsaacSim-ros_workspaces-main/humble_ws/src/calc_cpp/src/pose_subscriber.cpp:50:25:[m[K [01;31m[Kerror: [m[Ktemplate argument 2 is invalid
[2.153s] [01m[K/home/robotdeveloper02/IsaacSim-ros_workspaces-main/humble_ws/src/calc_cpp/src/pose_subscriber.cpp:[m[K In member function â€˜[01m[Kvoid calc::init_particles()[m[Kâ€™:
[2.153s] [01m[K/home/robotdeveloper02/IsaacSim-ros_workspaces-main/humble_ws/src/calc_cpp/src/pose_subscriber.cpp:62:20:[m[K [01;31m[Kerror: [m[Krequest for member â€˜[01m[Kresize[m[Kâ€™ in â€˜[01m[K((calc*)this)->calc::particles_[m[Kâ€™, which is of non-class type â€˜[01m[Kint[m[Kâ€™
[2.153s]    62 |         particles_.[01;31m[Kresize[m[K(particle_count_);
[2.153s]       |                    [01;31m[K^~~~~~[m[K
[2.154s] [01m[K/home/robotdeveloper02/IsaacSim-ros_workspaces-main/humble_ws/src/calc_cpp/src/pose_subscriber.cpp:63:24:[m[K [01;31m[Kerror: [m[Kâ€˜[01m[Kbegin[m[Kâ€™ was not declared in this scope; did you mean â€˜[01m[Kstd::begin[m[Kâ€™?
[2.154s]    63 |         for (auto& p : [01;31m[Kparticles_[m[K) {
[2.154s]       |                        [01;31m[K^~~~~~~~~~[m[K
[2.154s]       |                        [32m[Kstd::begin[m[K
[2.154s] In file included from [01m[K/usr/include/c++/11/array:41[m[K,
[2.154s]                  from [01m[K/usr/include/c++/11/tuple:39[m[K,
[2.154s]                  from [01m[K/usr/include/c++/11/bits/unique_ptr.h:37[m[K,
[2.154s]                  from [01m[K/usr/include/c++/11/memory:76[m[K,
[2.154s]                  from [01m[K/opt/ros/humble/include/rclcpp/rclcpp/rclcpp.hpp:153[m[K,
[2.154s]                  from [01m[K/home/robotdeveloper02/IsaacSim-ros_workspaces-main/humble_ws/src/calc_cpp/src/pose_subscriber.cpp:1[m[K:
[2.154s] [01m[K/usr/include/c++/11/bits/range_access.h:108:37:[m[K [01;36m[Knote: [m[Kâ€˜[01m[Kstd::begin[m[Kâ€™ declared here
[2.154s]   108 |   template<typename _Tp> const _Tp* [01;36m[Kbegin[m[K(const valarray<_Tp>&) noexcept;
[2.154s]       |                                     [01;36m[K^~~~~[m[K
[2.154s] [01m[K/home/robotdeveloper02/IsaacSim-ros_workspaces-main/humble_ws/src/calc_cpp/src/pose_subscriber.cpp:63:24:[m[K [01;31m[Kerror: [m[Kâ€˜[01m[Kend[m[Kâ€™ was not declared in this scope; did you mean â€˜[01m[Kstd::end[m[Kâ€™?
[2.154s]    63 |         for (auto& p : [01;31m[Kparticles_[m[K) {
[2.154s]       |                        [01;31m[K^~~~~~~~~~[m[K
[2.154s]       |                        [32m[Kstd::end[m[K
[2.154s] In file included from [01m[K/usr/include/c++/11/array:41[m[K,
[2.154s]                  from [01m[K/usr/include/c++/11/tuple:39[m[K,
[2.154s]                  from [01m[K/usr/include/c++/11/bits/unique_ptr.h:37[m[K,
[2.154s]                  from [01m[K/usr/include/c++/11/memory:76[m[K,
[2.154s]                  from [01m[K/opt/ros/humble/include/rclcpp/rclcpp/rclcpp.hpp:153[m[K,
[2.154s]                  from [01m[K/home/robotdeveloper02/IsaacSim-ros_workspaces-main/humble_ws/src/calc_cpp/src/pose_subscriber.cpp:1[m[K:
[2.154s] [01m[K/usr/include/c++/11/bits/range_access.h:110:37:[m[K [01;36m[Knote: [m[Kâ€˜[01m[Kstd::end[m[Kâ€™ declared here
[2.154s]   110 |   template<typename _Tp> const _Tp* [01;36m[Kend[m[K(const valarray<_Tp>&) noexcept;
[2.155s]       |                                     [01;36m[K^~~[m[K
[2.165s] [01m[K/home/robotdeveloper02/IsaacSim-ros_workspaces-main/humble_ws/src/calc_cpp/src/pose_subscriber.cpp:[m[K In member function â€˜[01m[Kvoid calc::calculate_distance()[m[Kâ€™:
[2.165s] [01m[K/home/robotdeveloper02/IsaacSim-ros_workspaces-main/humble_ws/src/calc_cpp/src/pose_subscriber.cpp:144:36:[m[K [01;31m[Kerror: [m[Kâ€˜[01m[Kreceived_[m[Kâ€™ was not declared in this scope; did you mean â€˜[01m[Kreceived_1_[m[Kâ€™?
[2.165s]   144 |         if (std::all_of(std::begin([01;31m[Kreceived_[m[K), std::end(received_), [](bool r) { return r; })) {
[2.165s]       |                                    [01;31m[K^~~~~~~~~[m[K
[2.165s]       |                                    [32m[Kreceived_1_[m[K
[2.165s] [01m[K/home/robotdeveloper02/IsaacSim-ros_workspaces-main/humble_ws/src/calc_cpp/src/pose_subscriber.cpp:145:28:[m[K [01;31m[Kerror: [m[Kâ€˜[01m[Kbegin[m[Kâ€™ was not declared in this scope; did you mean â€˜[01m[Kstd::begin[m[Kâ€™?
[2.165s]   145 |             for (auto &p : [01;31m[Kparticles_[m[K) {
[2.165s]       |                            [01;31m[K^~~~~~~~~~[m[K
[2.165s]       |                            [32m[Kstd::begin[m[K
[2.165s] In file included from [01m[K/usr/include/c++/11/array:41[m[K,
[2.165s]                  from [01m[K/usr/include/c++/11/tuple:39[m[K,
[2.165s]                  from [01m[K/usr/include/c++/11/bits/unique_ptr.h:37[m[K,
[2.165s]                  from [01m[K/usr/include/c++/11/memory:76[m[K,
[2.165s]                  from [01m[K/opt/ros/humble/include/rclcpp/rclcpp/rclcpp.hpp:153[m[K,
[2.165s]                  from [01m[K/home/robotdeveloper02/IsaacSim-ros_workspaces-main/humble_ws/src/calc_cpp/src/pose_subscriber.cpp:1[m[K:
[2.165s] [01m[K/usr/include/c++/11/bits/range_access.h:108:37:[m[K [01;36m[Knote: [m[Kâ€˜[01m[Kstd::begin[m[Kâ€™ declared here
[2.165s]   108 |   template<typename _Tp> const _Tp* [01;36m[Kbegin[m[K(const valarray<_Tp>&) noexcept;
[2.165s]       |                                     [01;36m[K^~~~~[m[K
[2.166s] [01m[K/home/robotdeveloper02/IsaacSim-ros_workspaces-main/humble_ws/src/calc_cpp/src/pose_subscriber.cpp:145:28:[m[K [01;31m[Kerror: [m[Kâ€˜[01m[Kend[m[Kâ€™ was not declared in this scope; did you mean â€˜[01m[Kstd::end[m[Kâ€™?
[2.166s]   145 |             for (auto &p : [01;31m[Kparticles_[m[K) {
[2.166s]       |                            [01;31m[K^~~~~~~~~~[m[K
[2.166s]       |                            [32m[Kstd::end[m[K
[2.166s] In file included from [01m[K/usr/include/c++/11/array:41[m[K,
[2.166s]                  from [01m[K/usr/include/c++/11/tuple:39[m[K,
[2.166s]                  from [01m[K/usr/include/c++/11/bits/unique_ptr.h:37[m[K,
[2.166s]                  from [01m[K/usr/include/c++/11/memory:76[m[K,
[2.166s]                  from [01m[K/opt/ros/humble/include/rclcpp/rclcpp/rclcpp.hpp:153[m[K,
[2.166s]                  from [01m[K/home/robotdeveloper02/IsaacSim-ros_workspaces-main/humble_ws/src/calc_cpp/src/pose_subscriber.cpp:1[m[K:
[2.166s] [01m[K/usr/include/c++/11/bits/range_access.h:110:37:[m[K [01;36m[Knote: [m[Kâ€˜[01m[Kstd::end[m[Kâ€™ declared here
[2.166s]   110 |   template<typename _Tp> const _Tp* [01;36m[Kend[m[K(const valarray<_Tp>&) noexcept;
[2.166s]       |                                     [01;36m[K^~~[m[K
[2.170s] [01m[K/home/robotdeveloper02/IsaacSim-ros_workspaces-main/humble_ws/src/calc_cpp/src/pose_subscriber.cpp:149:63:[m[K [01;31m[Kerror: [m[Kâ€˜[01m[KRobot_position[m[Kâ€™ was not declared in this scope; did you mean â€˜[01m[KAnchor_positions[m[Kâ€™?
[2.170s]   149 |                   double actual_distance = tf2::tf2Distance([01;31m[KRobot_position[m[K, Anchor_positions[i]);
[2.170s]       |                                                             [01;31m[K^~~~~~~~~~~~~~[m[K
[2.170s]       |                                                             [32m[KAnchor_positions[m[K
[2.170s] [01m[K/home/robotdeveloper02/IsaacSim-ros_workspaces-main/humble_ws/src/calc_cpp/src/pose_subscriber.cpp:[m[K In member function â€˜[01m[Kvoid calc::normalize_weights()[m[Kâ€™:
[2.170s] [01m[K/home/robotdeveloper02/IsaacSim-ros_workspaces-main/humble_ws/src/calc_cpp/src/pose_subscriber.cpp:163:57:[m[K [01;31m[Kerror: [m[Krequest for member â€˜[01m[Kbegin[m[Kâ€™ in â€˜[01m[K((calc*)this)->calc::particles_[m[Kâ€™, which is of non-class type â€˜[01m[Kint[m[Kâ€™
[2.170s]   163 |         double sum_weights = std::accumulate(particles_.[01;31m[Kbegin[m[K(), particles_.end(), 0.0,
[2.170s]       |                                                         [01;31m[K^~~~~[m[K
[2.170s] [01m[K/home/robotdeveloper02/IsaacSim-ros_workspaces-main/humble_ws/src/calc_cpp/src/pose_subscriber.cpp:163:77:[m[K [01;31m[Kerror: [m[Krequest for member â€˜[01m[Kend[m[Kâ€™ in â€˜[01m[K((calc*)this)->calc::particles_[m[Kâ€™, which is of non-class type â€˜[01m[Kint[m[Kâ€™
[2.170s]   163 | um_weights = std::accumulate(particles_.begin(), particles_.[01;31m[Kend[m[K(), 0.0,
[2.170s]       |                                                             [01;31m[K^~~[m[K
[2.170s] 
[2.170s] [01m[K/home/robotdeveloper02/IsaacSim-ros_workspaces-main/humble_ws/src/calc_cpp/src/pose_subscriber.cpp:165:24:[m[K [01;31m[Kerror: [m[Kâ€˜[01m[Kbegin[m[Kâ€™ was not declared in this scope; did you mean â€˜[01m[Kstd::begin[m[Kâ€™?
[2.170s]   165 |         for (auto& p : [01;31m[Kparticles_[m[K) {
[2.170s]       |                        [01;31m[K^~~~~~~~~~[m[K
[2.170s]       |                        [32m[Kstd::begin[m[K
[2.170s] In file included from [01m[K/usr/include/c++/11/array:41[m[K,
[2.171s]                  from [01m[K/usr/include/c++/11/tuple:39[m[K,
[2.171s]                  from [01m[K/usr/include/c++/11/bits/unique_ptr.h:37[m[K,
[2.171s]                  from [01m[K/usr/include/c++/11/memory:76[m[K,
[2.171s]                  from [01m[K/opt/ros/humble/include/rclcpp/rclcpp/rclcpp.hpp:153[m[K,
[2.171s]                  from [01m[K/home/robotdeveloper02/IsaacSim-ros_workspaces-main/humble_ws/src/calc_cpp/src/pose_subscriber.cpp:1[m[K:
[2.171s] [01m[K/usr/include/c++/11/bits/range_access.h:108:37:[m[K [01;36m[Knote: [m[Kâ€˜[01m[Kstd::begin[m[Kâ€™ declared here
[2.171s]   108 |   template<typename _Tp> const _Tp* [01;36m[Kbegin[m[K(const valarray<_Tp>&) noexcept;
[2.171s]       |                                     [01;36m[K^~~~~[m[K
[2.171s] [01m[K/home/robotdeveloper02/IsaacSim-ros_workspaces-main/humble_ws/src/calc_cpp/src/pose_subscriber.cpp:165:24:[m[K [01;31m[Kerror: [m[Kâ€˜[01m[Kend[m[Kâ€™ was not declared in this scope; did you mean â€˜[01m[Kstd::end[m[Kâ€™?
[2.171s]   165 |         for (auto& p : [01;31m[Kparticles_[m[K) {
[2.171s]       |                        [01;31m[K^~~~~~~~~~[m[K
[2.171s]       |                        [32m[Kstd::end[m[K
[2.171s] In file included from [01m[K/usr/include/c++/11/array:41[m[K,
[2.171s]                  from [01m[K/usr/include/c++/11/tuple:39[m[K,
[2.171s]                  from [01m[K/usr/include/c++/11/bits/unique_ptr.h:37[m[K,
[2.171s]                  from [01m[K/usr/include/c++/11/memory:76[m[K,
[2.171s]                  from [01m[K/opt/ros/humble/include/rclcpp/rclcpp/rclcpp.hpp:153[m[K,
[2.171s]                  from [01m[K/home/robotdeveloper02/IsaacSim-ros_workspaces-main/humble_ws/src/calc_cpp/src/pose_subscriber.cpp:1[m[K:
[2.171s] [01m[K/usr/include/c++/11/bits/range_access.h:110:37:[m[K [01;36m[Knote: [m[Kâ€˜[01m[Kstd::end[m[Kâ€™ declared here
[2.171s]   110 |   template<typename _Tp> const _Tp* [01;36m[Kend[m[K(const valarray<_Tp>&) noexcept;
[2.171s]       |                                     [01;36m[K^~~[m[K
[2.171s] [01m[K/home/robotdeveloper02/IsaacSim-ros_workspaces-main/humble_ws/src/calc_cpp/src/pose_subscriber.cpp:[m[K In member function â€˜[01m[Kvoid calc::estimate_position()[m[Kâ€™:
[2.171s] [01m[K/home/robotdeveloper02/IsaacSim-ros_workspaces-main/humble_ws/src/calc_cpp/src/pose_subscriber.cpp:172:30:[m[K [01;31m[Kerror: [m[Kâ€˜[01m[Kbegin[m[Kâ€™ was not declared in this scope; did you mean â€˜[01m[Kstd::begin[m[Kâ€™?
[2.171s]   172 |         for (const auto& p : [01;31m[Kparticles_[m[K) {
[2.171s]       |                              [01;31m[K^~~~~~~~~~[m[K
[2.171s]       |                              [32m[Kstd::begin[m[K
[2.171s] In file included from [01m[K/usr/include/c++/11/array:41[m[K,
[2.171s]                  from [01m[K/usr/include/c++/11/tuple:39[m[K,
[2.171s]                  from [01m[K/usr/include/c++/11/bits/unique_ptr.h:37[m[K,
[2.171s]                  from [01m[K/usr/include/c++/11/memory:76[m[K,
[2.171s]                  from [01m[K/opt/ros/humble/include/rclcpp/rclcpp/rclcpp.hpp:153[m[K,
[2.172s]                  from [01m[K/home/robotdeveloper02/IsaacSim-ros_workspaces-main/humble_ws/src/calc_cpp/src/pose_subscriber.cpp:1[m[K:
[2.172s] [01m[K/usr/include/c++/11/bits/range_access.h:108:37:[m[K [01;36m[Knote: [m[Kâ€˜[01m[Kstd::begin[m[Kâ€™ declared here
[2.172s]   108 |   template<typename _Tp> const _Tp* [01;36m[Kbegin[m[K(const valarray<_Tp>&) noexcept;
[2.172s]       |                                     [01;36m[K^~~~~[m[K
[2.172s] [01m[K/home/robotdeveloper02/IsaacSim-ros_workspaces-main/humble_ws/src/calc_cpp/src/pose_subscriber.cpp:172:30:[m[K [01;31m[Kerror: [m[Kâ€˜[01m[Kend[m[Kâ€™ was not declared in this scope; did you mean â€˜[01m[Kstd::end[m[Kâ€™?
[2.172s]   172 |         for (const auto& p : [01;31m[Kparticles_[m[K) {
[2.172s]       |                              [01;31m[K^~~~~~~~~~[m[K
[2.172s]       |                              [32m[Kstd::end[m[K
[2.172s] In file included from [01m[K/usr/include/c++/11/array:41[m[K,
[2.172s]                  from [01m[K/usr/include/c++/11/tuple:39[m[K,
[2.172s]                  from [01m[K/usr/include/c++/11/bits/unique_ptr.h:37[m[K,
[2.172s]                  from [01m[K/usr/include/c++/11/memory:76[m[K,
[2.172s]                  from [01m[K/opt/ros/humble/include/rclcpp/rclcpp/rclcpp.hpp:153[m[K,
[2.172s]                  from [01m[K/home/robotdeveloper02/IsaacSim-ros_workspaces-main/humble_ws/src/calc_cpp/src/pose_subscriber.cpp:1[m[K:
[2.172s] [01m[K/usr/include/c++/11/bits/range_access.h:110:37:[m[K [01;36m[Knote: [m[Kâ€˜[01m[Kstd::end[m[Kâ€™ declared here
[2.172s]   110 |   template<typename _Tp> const _Tp* [01;36m[Kend[m[K(const valarray<_Tp>&) noexcept;
[2.172s]       |                                     [01;36m[K^~~[m[K
[2.173s] [01m[K/home/robotdeveloper02/IsaacSim-ros_workspaces-main/humble_ws/src/calc_cpp/src/pose_subscriber.cpp:[m[K In member function â€˜[01m[Kvoid calc::resample_particles()[m[Kâ€™:
[2.173s] [01m[K/home/robotdeveloper02/IsaacSim-ros_workspaces-main/humble_ws/src/calc_cpp/src/pose_subscriber.cpp:187:59:[m[K [01;31m[Kerror: [m[Krequest for member â€˜[01m[Kbegin[m[Kâ€™ in â€˜[01m[K((calc*)this)->calc::particles_[m[Kâ€™, which is of non-class type â€˜[01m[Kint[m[Kâ€™
[2.173s]   187 |         double max_weight = (*std::max_element(particles_.[01;31m[Kbegin[m[K(), particles_.end(),
[2.173s]       |                                                           [01;31m[K^~~~~[m[K
[2.173s] [01m[K/home/robotdeveloper02/IsaacSim-ros_workspaces-main/humble_ws/src/calc_cpp/src/pose_subscriber.cpp:187:79:[m[K [01;31m[Kerror: [m[Krequest for member â€˜[01m[Kend[m[Kâ€™ in â€˜[01m[K((calc*)this)->calc::particles_[m[Kâ€™, which is of non-class type â€˜[01m[Kint[m[Kâ€™
[2.173s]   187 | e max_weight = (*std::max_element(particles_.begin(), particles_.[01;31m[Kend[m[K(),
[2.173s]       |                                                                  [01;31m[K^~~[m[K
[2.173s] 
[2.173s] [01m[K/home/robotdeveloper02/IsaacSim-ros_workspaces-main/humble_ws/src/calc_cpp/src/pose_subscriber.cpp:194:37:[m[K [01;31m[Kerror: [m[Kinvalid types â€˜[01m[Kint[int][m[Kâ€™ for array subscript
[2.173s]   194 |             while (beta > particles_[01;31m[K[[m[Kindex].weight) {
[2.173s]       |                                     [01;31m[K^[m[K
[2.173s] [01m[K/home/robotdeveloper02/IsaacSim-ros_workspaces-main/humble_ws/src/calc_cpp/src/pose_subscriber.cpp:195:35:[m[K [01;31m[Kerror: [m[Kinvalid types â€˜[01m[Kint[int][m[Kâ€™ for array subscript
[2.173s]   195 |                 beta -= particles_[01;31m[K[[m[Kindex].weight;
[2.173s]       |                                   [01;31m[K^[m[K
[2.174s] [01m[K/home/robotdeveloper02/IsaacSim-ros_workspaces-main/humble_ws/src/calc_cpp/src/pose_subscriber.cpp:198:47:[m[K [01;31m[Kerror: [m[Kinvalid types â€˜[01m[Kint[int][m[Kâ€™ for array subscript
[2.174s]   198 |             new_particles.push_back(particles_[01;31m[K[[m[Kindex]);
[2.174s]       |                                               [01;31m[K^[m[K
[2.174s] [01m[K/home/robotdeveloper02/IsaacSim-ros_workspaces-main/humble_ws/src/calc_cpp/src/pose_subscriber.cpp:201:22:[m[K [01;31m[Kerror: [m[Kcannot convert â€˜[01m[Kstd::vector<calc::Particle>[m[Kâ€™ to â€˜[01m[Kint[m[Kâ€™ in assignment
[2.174s]   201 |         particles_ = [01;31m[Knew_particles[m[K;
[2.174s]       |                      [01;31m[K^~~~~~~~~~~~~[m[K
[2.174s]       |                      [01;31m[K|[m[K
[2.174s]       |                      [01;31m[Kstd::vector<calc::Particle>[m[K
[4.123s] gmake[2]: *** [CMakeFiles/pose_subscriber.dir/build.make:76: CMakeFiles/pose_subscriber.dir/src/pose_subscriber.cpp.o] Error 1
[4.123s] gmake[1]: *** [CMakeFiles/Makefile2:137: CMakeFiles/pose_subscriber.dir/all] Error 2
[4.123s] gmake: *** [Makefile:146: all] Error 2
[4.124s] Invoked command in '/home/robotdeveloper02/IsaacSim-ros_workspaces-main/humble_ws/build/my_cpp_pose_subscriber' returned '2': CMAKE_PREFIX_PATH=/opt/ros/humble /usr/bin/cmake --build /home/robotdeveloper02/IsaacSim-ros_workspaces-main/humble_ws/build/my_cpp_pose_subscriber -- -j16 -l16
