[0.014s] Invoking command in '/home/robotdeveloper02/IsaacSim-ros_workspaces-main/humble_ws/build/my_cpp_pose_subscriber': CMAKE_PREFIX_PATH=/home/robotdeveloper02/IsaacSim-ros_workspaces-main/humble_ws/install/custom_message:/home/robotdeveloper02/IsaacSim-ros_workspaces-main/humble_ws/install/IMU_otamesi:/home/robotdeveloper02/IsaacSim-ros_workspaces-main/humble_ws/install/my_cpp_pose_subscriber:/home/robotdeveloper02/IsaacSim-ros_workspaces-main/humble_ws/install/isaacsim:/home/robotdeveloper02/IsaacSim-ros_workspaces-main/humble_ws/install/isaac_tutorials:/home/robotdeveloper02/IsaacSim-ros_workspaces-main/humble_ws/install/isaac_ros2_messages:/home/robotdeveloper02/IsaacSim-ros_workspaces-main/humble_ws/install/carter_navigation:/home/robotdeveloper02/IsaacSim-ros_workspaces-main/humble_ws/install/Jettbot_position:/home/robotdeveloper02/IsaacSim-ros_workspaces-main/humble_ws/install/cube_controller:/home/robotdeveloper02/IsaacSim-ros_workspaces-main/humble_ws/install/my_ros2_package:/home/robotdeveloper02/IsaacSim-ros_workspaces-main/humble_ws/install/jetbot_controller:/home/robotdeveloper02/IsaacSim-ros_workspaces-main/humble_ws/install/isaac_ros_navigation_goal:/home/robotdeveloper02/IsaacSim-ros_workspaces-main/humble_ws/install/error_subscriber:/opt/ros/humble LD_LIBRARY_PATH=/home/robotdeveloper02/IsaacSim-ros_workspaces-main/humble_ws/install/custom_message/lib:/home/robotdeveloper02/IsaacSim-ros_workspaces-main/humble_ws/install/isaac_ros2_messages/lib:/usr/lib/x86_64-linux-gnu/gazebo-11/plugins:/opt/ros/humble/opt/rviz_ogre_vendor/lib:/opt/ros/humble/lib/x86_64-linux-gnu:/opt/ros/humble/lib /usr/bin/cmake --build /home/robotdeveloper02/IsaacSim-ros_workspaces-main/humble_ws/build/my_cpp_pose_subscriber -- -j16 -l16
[0.070s] [35m[1mConsolidate compiler generated dependencies of target pose_subscriber[0m
[0.096s] [ 50%] [32mBuilding CXX object CMakeFiles/pose_subscriber.dir/src/pose_subscriber.cpp.o[0m
[2.788s] [01m[K/home/robotdeveloper02/IsaacSim-ros_workspaces-main/humble_ws/src/calc_cpp/src/pose_subscriber.cpp:1261:2:[m[K [01;31m[Kerror: [m[Kexpected â€˜[01m[K}[m[Kâ€™ at end of input
[2.788s]  1261 | }
[2.788s]       |  [01;31m[K^[m[K
[2.788s] [01m[K/home/robotdeveloper02/IsaacSim-ros_workspaces-main/humble_ws/src/calc_cpp/src/pose_subscriber.cpp:30:1:[m[K [01;36m[Knote: [m[Kto match this â€˜[01m[K{[m[Kâ€™
[2.788s]    30 | [01;36m[K{[m[K
[2.788s]       | [01;36m[K^[m[K
[2.815s] [01m[K/home/robotdeveloper02/IsaacSim-ros_workspaces-main/humble_ws/src/calc_cpp/src/pose_subscriber.cpp:[m[K In member function â€˜[01m[Kvoid calc::init_particles(int)[m[Kâ€™:
[2.815s] [01m[K/home/robotdeveloper02/IsaacSim-ros_workspaces-main/humble_ws/src/calc_cpp/src/pose_subscriber.cpp:182:47:[m[K [01;35m[Kwarning: [m[Kcomparison of integer expressions of different signedness: â€˜[01m[Kint[m[Kâ€™ and â€˜[01m[Ksize_t[m[Kâ€™ {aka â€˜[01m[Klong unsigned int[m[Kâ€™} [[01;35m[K]8;;https://gcc.gnu.org/onlinedocs/gcc/Warning-Options.html#index-Wsign-compare-Wsign-compare]8;;[m[K]
[2.815s]   182 |         if ([01;35m[Kgrid_size * grid_size * grid_size < particle_count_[m[K) {
[2.816s]       |             [01;35m[K~~~~~~~~~~~~~~~~~~~~~~~~~~~~~~~~~~^~~~~~~~~~~~~~~~~[m[K
[2.816s] [01m[K/home/robotdeveloper02/IsaacSim-ros_workspaces-main/humble_ws/src/calc_cpp/src/pose_subscriber.cpp:199:52:[m[K [01;35m[Kwarning: [m[Kcomparison of integer expressions of different signedness: â€˜[01m[Kint[m[Kâ€™ and â€˜[01m[Ksize_t[m[Kâ€™ {aka â€˜[01m[Klong unsigned int[m[Kâ€™} [[01;35m[K]8;;https://gcc.gnu.org/onlinedocs/gcc/Warning-Options.html#index-Wsign-compare-Wsign-compare]8;;[m[K]
[2.816s]   199 |             for (int i = 0; i < grid_size && [01;35m[Kindex < particle_count_[m[K; ++i) {
[2.816s]       |                                              [01;35m[K~~~~~~^~~~~~~~~~~~~~~~~[m[K
[2.816s] [01m[K/home/robotdeveloper02/IsaacSim-ros_workspaces-main/humble_ws/src/calc_cpp/src/pose_subscriber.cpp:200:56:[m[K [01;35m[Kwarning: [m[Kcomparison of integer expressions of different signedness: â€˜[01m[Kint[m[Kâ€™ and â€˜[01m[Ksize_t[m[Kâ€™ {aka â€˜[01m[Klong unsigned int[m[Kâ€™} [[01;35m[K]8;;https://gcc.gnu.org/onlinedocs/gcc/Warning-Options.html#index-Wsign-compare-Wsign-compare]8;;[m[K]
[2.816s]   200 |                 for (int j = 0; j < grid_size && [01;35m[Kindex < particle_count_[m[K; ++j) {
[2.816s]       |                                                  [01;35m[K~~~~~~^~~~~~~~~~~~~~~~~[m[K
[2.816s] [01m[K/home/robotdeveloper02/IsaacSim-ros_workspaces-main/humble_ws/src/calc_cpp/src/pose_subscriber.cpp:201:60:[m[K [01;35m[Kwarning: [m[Kcomparison of integer expressions of different signedness: â€˜[01m[Kint[m[Kâ€™ and â€˜[01m[Ksize_t[m[Kâ€™ {aka â€˜[01m[Klong unsigned int[m[Kâ€™} [[01;35m[K]8;;https://gcc.gnu.org/onlinedocs/gcc/Warning-Options.html#index-Wsign-compare-Wsign-compare]8;;[m[K]
[2.816s]   201 |                     for (int k = 0; k < grid_size && [01;35m[Kindex < particle_count_[m[K; ++k) {
[2.816s]       |                                                      [01;35m[K~~~~~~^~~~~~~~~~~~~~~~~[m[K
[2.833s] [01m[K/home/robotdeveloper02/IsaacSim-ros_workspaces-main/humble_ws/src/calc_cpp/src/pose_subscriber.cpp:[m[K In member function â€˜[01m[Kvoid calc::topic1_callback(std::shared_ptr<std_msgs::msg::String_<std::allocator<void> > >)[m[Kâ€™:
[2.833s] [01m[K/home/robotdeveloper02/IsaacSim-ros_workspaces-main/humble_ws/src/calc_cpp/src/pose_subscriber.cpp:276:9:[m[K [01;31m[Kerror: [m[Kâ€˜[01m[Kpublish_robot_marker[m[Kâ€™ was not declared in this scope
[2.833s]   276 |         [01;31m[Kpublish_robot_marker[m[K();
[2.833s]       |         [01;31m[K^~~~~~~~~~~~~~~~~~~~[m[K
[2.847s] [01m[K/home/robotdeveloper02/IsaacSim-ros_workspaces-main/humble_ws/src/calc_cpp/src/pose_subscriber.cpp:[m[K In member function â€˜[01m[Kvoid calc::topic6_callback(std::shared_ptr<geometry_msgs::msg::PoseStamped_<std::allocator<void> > >)[m[Kâ€™:
[2.847s] [01m[K/home/robotdeveloper02/IsaacSim-ros_workspaces-main/humble_ws/src/calc_cpp/src/pose_subscriber.cpp:308:9:[m[K [01;31m[Kerror: [m[Kâ€˜[01m[Kpublish_anchor4_marker[m[Kâ€™ was not declared in this scope
[2.847s]   308 |         [01;31m[Kpublish_anchor4_marker[m[K();
[2.847s]       |         [01;31m[K^~~~~~~~~~~~~~~~~~~~~~[m[K
[2.868s] [01m[K/home/robotdeveloper02/IsaacSim-ros_workspaces-main/humble_ws/src/calc_cpp/src/pose_subscriber.cpp:[m[K In member function â€˜[01m[Kvoid calc::calculate_distance()[m[Kâ€™:
[2.869s] [01m[K/home/robotdeveloper02/IsaacSim-ros_workspaces-main/humble_ws/src/calc_cpp/src/pose_subscriber.cpp:586:17:[m[K [01;31m[Kerror: [m[Kâ€˜[01m[Kcheck_estimation_and_movement[m[Kâ€™ was not declared in this scope
[2.869s]   586 |                 [01;31m[Kcheck_estimation_and_movement[m[K(anchor_idx);
[2.869s]       |                 [01;31m[K^~~~~~~~~~~~~~~~~~~~~~~~~~~~~[m[K
[2.894s] [01m[K/home/robotdeveloper02/IsaacSim-ros_workspaces-main/humble_ws/src/calc_cpp/src/pose_subscriber.cpp:596:46:[m[K [01;31m[Kerror: [m[Kâ€˜[01m[Kdisplace_cube[m[Kâ€™ was not declared in this scope
[2.895s]   596 |             Eigen::Vector3d displacement_p = [01;31m[Kdisplace_cube[m[K(imu_dt);
[2.895s]       |                                              [01;31m[K^~~~~~~~~~~~~[m[K
[2.906s] [01m[K/home/robotdeveloper02/IsaacSim-ros_workspaces-main/humble_ws/src/calc_cpp/src/pose_subscriber.cpp:597:13:[m[K [01;31m[Kerror: [m[Kâ€˜[01m[Kpublish_displace_marker[m[Kâ€™ was not declared in this scope
[2.906s]   597 |             [01;31m[Kpublish_displace_marker[m[K(displacement_p);
[2.906s]       |             [01;31m[K^~~~~~~~~~~~~~~~~~~~~~~[m[K
[2.920s] [01m[K/home/robotdeveloper02/IsaacSim-ros_workspaces-main/humble_ws/src/calc_cpp/src/pose_subscriber.cpp:717:17:[m[K [01;31m[Kerror: [m[Kâ€˜[01m[Knormalize_weights[m[Kâ€™ was not declared in this scope
[2.920s]   717 |                 [01;31m[Knormalize_weights[m[K(anchor_idx);
[2.920s]       |                 [01;31m[K^~~~~~~~~~~~~~~~~[m[K
[2.930s] [01m[K/home/robotdeveloper02/IsaacSim-ros_workspaces-main/humble_ws/src/calc_cpp/src/pose_subscriber.cpp:718:17:[m[K [01;31m[Kerror: [m[Kâ€˜[01m[Kestimate_position[m[Kâ€™ was not declared in this scope
[2.930s]   718 |                 [01;31m[Kestimate_position[m[K(anchor_idx);
[2.930s]       |                 [01;31m[K^~~~~~~~~~~~~~~~~[m[K
[2.942s] [01m[K/home/robotdeveloper02/IsaacSim-ros_workspaces-main/humble_ws/src/calc_cpp/src/pose_subscriber.cpp:733:49:[m[K [01;31m[Kerror: [m[Kâ€˜[01m[KerrorEllipse[m[Kâ€™ was not declared in this scope
[2.942s]   733 |                 previousEllipses_[anchor_idx] = [01;31m[KerrorEllipse[m[K(particle_positions);
[2.942s]       |                                                 [01;31m[K^~~~~~~~~~~~[m[K
[2.953s] [01m[K/home/robotdeveloper02/IsaacSim-ros_workspaces-main/humble_ws/src/calc_cpp/src/pose_subscriber.cpp:737:21:[m[K [01;31m[Kerror: [m[Kâ€˜[01m[Kresample_particles[m[Kâ€™ was not declared in this scope
[2.953s]   737 |                     [01;31m[Kresample_particles[m[K(anchor_idx);
[2.953s]       |                     [01;31m[K^~~~~~~~~~~~~~~~~~[m[K
[2.965s] [01m[K/home/robotdeveloper02/IsaacSim-ros_workspaces-main/humble_ws/src/calc_cpp/src/pose_subscriber.cpp:741:21:[m[K [01;31m[Kerror: [m[Kâ€˜[01m[Kpublish_particle_markers[m[Kâ€™ was not declared in this scope
[2.965s]   741 |                     [01;31m[Kpublish_particle_markers[m[K(anchor_idx);
[2.965s]       |                     [01;31m[K^~~~~~~~~~~~~~~~~~~~~~~~[m[K
[2.977s] [01m[K/home/robotdeveloper02/IsaacSim-ros_workspaces-main/humble_ws/src/calc_cpp/src/pose_subscriber.cpp:744:21:[m[K [01;31m[Kerror: [m[Kâ€˜[01m[Kpublish_particle_markers[m[Kâ€™ was not declared in this scope
[2.977s]   744 |                     [01;31m[Kpublish_particle_markers[m[K(anchor_idx);
[2.977s]       |                     [01;31m[K^~~~~~~~~~~~~~~~~~~~~~~~[m[K
[2.977s] [01m[K/home/robotdeveloper02/IsaacSim-ros_workspaces-main/humble_ws/src/calc_cpp/src/pose_subscriber.cpp:751:47:[m[K [01;31m[Kerror: [m[Ka function-definition is not allowed here before â€˜[01m[K{[m[Kâ€™ token
[2.977s]   751 |     void normalize_weights(size_t anchor_idx) [01;31m[K{[m[K
[2.977s]       |                                               [01;31m[K^[m[K
[2.977s] [01m[K/home/robotdeveloper02/IsaacSim-ros_workspaces-main/humble_ws/src/calc_cpp/src/pose_subscriber.cpp:766:47:[m[K [01;31m[Kerror: [m[Ka function-definition is not allowed here before â€˜[01m[K{[m[Kâ€™ token
[2.977s]   766 |     void estimate_position(size_t anchor_idx) [01;31m[K{[m[K
[2.977s]       |                                               [01;31m[K^[m[K
[2.978s] [01m[K/home/robotdeveloper02/IsaacSim-ros_workspaces-main/humble_ws/src/calc_cpp/src/pose_subscriber.cpp:911:48:[m[K [01;31m[Kerror: [m[Ka function-definition is not allowed here before â€˜[01m[K{[m[Kâ€™ token
[2.978s]   911 |     void resample_particles(size_t anchor_idx) [01;31m[K{[m[K
[2.978s]       |                                                [01;31m[K^[m[K
[2.978s] [01m[K/home/robotdeveloper02/IsaacSim-ros_workspaces-main/humble_ws/src/calc_cpp/src/pose_subscriber.cpp:950:59:[m[K [01;31m[Kerror: [m[Ka function-definition is not allowed here before â€˜[01m[K{[m[Kâ€™ token
[2.978s]   950 |     void check_estimation_and_movement(size_t anchor_idx) [01;31m[K{[m[K
[2.978s]       |                                                           [01;31m[K^[m[K
[2.978s] [01m[K/home/robotdeveloper02/IsaacSim-ros_workspaces-main/humble_ws/src/calc_cpp/src/pose_subscriber.cpp:964:105:[m[K [01;31m[Kerror: [m[Ka function-definition is not allowed here before â€˜[01m[K{[m[Kâ€™ token
[2.978s]   964 |     Eigen::Vector4d computeQuaternionDerivative(const Eigen::Vector4d &q, const Eigen::Vector3d &omega) [01;31m[K{[m[K
[2.978s]       |                                                                                                         [01;31m[K^[m[K
[2.978s] [01m[K/home/robotdeveloper02/IsaacSim-ros_workspaces-main/humble_ws/src/calc_cpp/src/pose_subscriber.cpp:985:5:[m[K [01;31m[Kerror: [m[Ka function-definition is not allowed here before â€˜[01m[K{[m[Kâ€™ token
[2.978s]   985 |     [01;31m[K{[m[K
[2.978s]       |     [01;31m[K^[m[K
[2.978s] [01m[K/home/robotdeveloper02/IsaacSim-ros_workspaces-main/humble_ws/src/calc_cpp/src/pose_subscriber.cpp:1022:45:[m[K [01;31m[Kerror: [m[Ka function-definition is not allowed here before â€˜[01m[K{[m[Kâ€™ token
[2.978s]  1022 |     Eigen::Vector3d displace_cube(double dt)[01;31m[K{[m[K
[2.978s]       |                                             [01;31m[K^[m[K
[2.978s] [01m[K/home/robotdeveloper02/IsaacSim-ros_workspaces-main/humble_ws/src/calc_cpp/src/pose_subscriber.cpp:1042:70:[m[K [01;31m[Kerror: [m[Ka function-definition is not allowed here before â€˜[01m[K{[m[Kâ€™ token
[2.978s]  1042 |     Ellipse errorEllipse(const std::vector<Eigen::Vector3d>& points) [01;31m[K{[m[K
[2.978s]       |                                                                      [01;31m[K^[m[K
[2.978s] [01m[K/home/robotdeveloper02/IsaacSim-ros_workspaces-main/humble_ws/src/calc_cpp/src/pose_subscriber.cpp:1098:33:[m[K [01;31m[Kerror: [m[Ka function-definition is not allowed here before â€˜[01m[K{[m[Kâ€™ token
[2.978s]  1098 |     void publish_robot_marker() [01;31m[K{[m[K
[2.978s]       |                                 [01;31m[K^[m[K
[2.978s] [01m[K/home/robotdeveloper02/IsaacSim-ros_workspaces-main/humble_ws/src/calc_cpp/src/pose_subscriber.cpp:1135:39:[m[K [01;31m[Kerror: [m[Ka function-definition is not allowed here before â€˜[01m[K{[m[Kâ€™ token
[2.978s]  1135 |         void publish_anchor4_marker() [01;31m[K{[m[K
[2.978s]       |                                       [01;31m[K^[m[K
[2.978s] [01m[K/home/robotdeveloper02/IsaacSim-ros_workspaces-main/humble_ws/src/calc_cpp/src/pose_subscriber.cpp:1172:54:[m[K [01;31m[Kerror: [m[Ka function-definition is not allowed here before â€˜[01m[K{[m[Kâ€™ token
[2.978s]  1172 |     void publish_particle_markers(size_t anchor_idx) [01;31m[K{[m[K
[2.978s]       |                                                      [01;31m[K^[m[K
[2.979s] [01m[K/home/robotdeveloper02/IsaacSim-ros_workspaces-main/humble_ws/src/calc_cpp/src/pose_subscriber.cpp:1205:73:[m[K [01;31m[Kerror: [m[Ka function-definition is not allowed here before â€˜[01m[K{[m[Kâ€™ token
[2.979s]  1205 |     void publish_displace_marker(const Eigen::Vector3d& displacement_p) [01;31m[K{[m[K
[2.979s]       |                                                                         [01;31m[K^[m[K
[2.979s] [01m[K/home/robotdeveloper02/IsaacSim-ros_workspaces-main/humble_ws/src/calc_cpp/src/pose_subscriber.cpp:1243:47:[m[K [01;31m[Kerror: [m[Ka function-definition is not allowed here before â€˜[01m[K{[m[Kâ€™ token
[2.979s]  1243 |     void display_particles(size_t anchor_idx) [01;31m[K{[m[K
[2.979s]       |                                               [01;31m[K^[m[K
[2.981s] [01m[K/home/robotdeveloper02/IsaacSim-ros_workspaces-main/humble_ws/src/calc_cpp/src/pose_subscriber.cpp:[m[K At global scope:
[2.981s] [01m[K/home/robotdeveloper02/IsaacSim-ros_workspaces-main/humble_ws/src/calc_cpp/src/pose_subscriber.cpp:1261:2:[m[K [01;31m[Kerror: [m[Kexpected unqualified-id at end of input
[2.981s]  1261 | }
[2.981s]       |  [01;31m[K^[m[K
[6.085s] gmake[2]: *** [CMakeFiles/pose_subscriber.dir/build.make:76: CMakeFiles/pose_subscriber.dir/src/pose_subscriber.cpp.o] Error 1
[6.085s] gmake[1]: *** [CMakeFiles/Makefile2:137: CMakeFiles/pose_subscriber.dir/all] Error 2
[6.085s] gmake: *** [Makefile:146: all] Error 2
[6.088s] Invoked command in '/home/robotdeveloper02/IsaacSim-ros_workspaces-main/humble_ws/build/my_cpp_pose_subscriber' returned '2': CMAKE_PREFIX_PATH=/home/robotdeveloper02/IsaacSim-ros_workspaces-main/humble_ws/install/custom_message:/home/robotdeveloper02/IsaacSim-ros_workspaces-main/humble_ws/install/IMU_otamesi:/home/robotdeveloper02/IsaacSim-ros_workspaces-main/humble_ws/install/my_cpp_pose_subscriber:/home/robotdeveloper02/IsaacSim-ros_workspaces-main/humble_ws/install/isaacsim:/home/robotdeveloper02/IsaacSim-ros_workspaces-main/humble_ws/install/isaac_tutorials:/home/robotdeveloper02/IsaacSim-ros_workspaces-main/humble_ws/install/isaac_ros2_messages:/home/robotdeveloper02/IsaacSim-ros_workspaces-main/humble_ws/install/carter_navigation:/home/robotdeveloper02/IsaacSim-ros_workspaces-main/humble_ws/install/Jettbot_position:/home/robotdeveloper02/IsaacSim-ros_workspaces-main/humble_ws/install/cube_controller:/home/robotdeveloper02/IsaacSim-ros_workspaces-main/humble_ws/install/my_ros2_package:/home/robotdeveloper02/IsaacSim-ros_workspaces-main/humble_ws/install/jetbot_controller:/home/robotdeveloper02/IsaacSim-ros_workspaces-main/humble_ws/install/isaac_ros_navigation_goal:/home/robotdeveloper02/IsaacSim-ros_workspaces-main/humble_ws/install/error_subscriber:/opt/ros/humble LD_LIBRARY_PATH=/home/robotdeveloper02/IsaacSim-ros_workspaces-main/humble_ws/install/custom_message/lib:/home/robotdeveloper02/IsaacSim-ros_workspaces-main/humble_ws/install/isaac_ros2_messages/lib:/usr/lib/x86_64-linux-gnu/gazebo-11/plugins:/opt/ros/humble/opt/rviz_ogre_vendor/lib:/opt/ros/humble/lib/x86_64-linux-gnu:/opt/ros/humble/lib /usr/bin/cmake --build /home/robotdeveloper02/IsaacSim-ros_workspaces-main/humble_ws/build/my_cpp_pose_subscriber -- -j16 -l16
