[0.387s] Invoking command in '/home/robotdeveloper02/IsaacSim-ros_workspaces-main/humble_ws/build/my_cpp_pose_subscriber': CMAKE_PREFIX_PATH=/opt/ros/humble /usr/bin/cmake --build /home/robotdeveloper02/IsaacSim-ros_workspaces-main/humble_ws/build/my_cpp_pose_subscriber -- -j16 -l16
[0.418s] [35m[1mConsolidate compiler generated dependencies of target pose_subscriber[0m
[0.430s] [ 50%] [32mBuilding CXX object CMakeFiles/pose_subscriber.dir/src/pose_subscriber.cpp.o[0m
[0.561s] In file included from [01m[K/home/robotdeveloper02/IsaacSim-ros_workspaces-main/humble_ws/src/calc_cpp/src/pose_subscriber.cpp:4[m[K:
[0.561s] [01m[K/opt/ros/humble/include/tf2_geometry_msgs/tf2_geometry_msgs/tf2_geometry_msgs.h:35:2:[m[K [01;35m[Kwarning: [m[K#warning This header is obsolete, please include tf2_geometry_msgs/tf2_geometry_msgs.hpp instead [[01;35m[K]8;;https://gcc.gnu.org/onlinedocs/gcc/Warning-Options.html#index-Wcpp-Wcpp]8;;[m[K]
[0.561s]    35 | #[01;35m[Kwarning[m[K This header is obsolete, please include tf2_geometry_msgs/tf2_geometry_msgs.hpp instead
[0.561s]       |  [01;35m[K^~~~~~~[m[K
[2.147s] [01m[K/home/robotdeveloper02/IsaacSim-ros_workspaces-main/humble_ws/src/calc_cpp/src/pose_subscriber.cpp:46:17:[m[K [01;31m[Kerror: [m[Kâ€˜[01m[KParticle[m[Kâ€™ was not declared in this scope
[2.147s]    46 |     std::vector<[01;31m[KParticle[m[K> particles_;
[2.147s]       |                 [01;31m[K^~~~~~~~[m[K
[2.147s] [01m[K/home/robotdeveloper02/IsaacSim-ros_workspaces-main/humble_ws/src/calc_cpp/src/pose_subscriber.cpp:46:25:[m[K [01;31m[Kerror: [m[Ktemplate argument 1 is invalid
[2.147s]    46 |     std::vector<Particle[01;31m[K>[m[K particles_;
[2.147s]       |                         [01;31m[K^[m[K
[2.147s] [01m[K/home/robotdeveloper02/IsaacSim-ros_workspaces-main/humble_ws/src/calc_cpp/src/pose_subscriber.cpp:46:25:[m[K [01;31m[Kerror: [m[Ktemplate argument 2 is invalid
[2.155s] [01m[K/home/robotdeveloper02/IsaacSim-ros_workspaces-main/humble_ws/src/calc_cpp/src/pose_subscriber.cpp:[m[K In member function â€˜[01m[Kvoid calc::init_particles()[m[Kâ€™:
[2.155s] [01m[K/home/robotdeveloper02/IsaacSim-ros_workspaces-main/humble_ws/src/calc_cpp/src/pose_subscriber.cpp:57:43:[m[K [01;35m[Kwarning: [m[Kcomparison of integer expressions of different signedness: â€˜[01m[Kint[m[Kâ€™ and â€˜[01m[Ksize_t[m[Kâ€™ {aka â€˜[01m[Klong unsigned int[m[Kâ€™} [[01;35m[K]8;;https://gcc.gnu.org/onlinedocs/gcc/Warning-Options.html#index-Wsign-compare-Wsign-compare]8;;[m[K]
[2.155s]    57 |     if ([01;35m[Kgrid_size * grid_size * grid_size < particle_count_[m[K) {
[2.155s]       |         [01;35m[K~~~~~~~~~~~~~~~~~~~~~~~~~~~~~~~~~~^~~~~~~~~~~~~~~~~[m[K
[2.155s] [01m[K/home/robotdeveloper02/IsaacSim-ros_workspaces-main/humble_ws/src/calc_cpp/src/pose_subscriber.cpp:67:16:[m[K [01;31m[Kerror: [m[Krequest for member â€˜[01m[Kresize[m[Kâ€™ in â€˜[01m[K((calc*)this)->calc::particles_[m[Kâ€™, which is of non-class type â€˜[01m[Kint[m[Kâ€™
[2.155s]    67 |     particles_.[01;31m[Kresize[m[K(particle_count_);
[2.155s]       |                [01;31m[K^~~~~~[m[K
[2.155s] [01m[K/home/robotdeveloper02/IsaacSim-ros_workspaces-main/humble_ws/src/calc_cpp/src/pose_subscriber.cpp:71:44:[m[K [01;35m[Kwarning: [m[Kcomparison of integer expressions of different signedness: â€˜[01m[Kint[m[Kâ€™ and â€˜[01m[Ksize_t[m[Kâ€™ {aka â€˜[01m[Klong unsigned int[m[Kâ€™} [[01;35m[K]8;;https://gcc.gnu.org/onlinedocs/gcc/Warning-Options.html#index-Wsign-compare-Wsign-compare]8;;[m[K]
[2.155s]    71 |     for (int i = 0; i < grid_size && [01;35m[Kindex < particle_count_[m[K; ++i) {
[2.155s]       |                                      [01;35m[K~~~~~~^~~~~~~~~~~~~~~~~[m[K
[2.155s] [01m[K/home/robotdeveloper02/IsaacSim-ros_workspaces-main/humble_ws/src/calc_cpp/src/pose_subscriber.cpp:72:48:[m[K [01;35m[Kwarning: [m[Kcomparison of integer expressions of different signedness: â€˜[01m[Kint[m[Kâ€™ and â€˜[01m[Ksize_t[m[Kâ€™ {aka â€˜[01m[Klong unsigned int[m[Kâ€™} [[01;35m[K]8;;https://gcc.gnu.org/onlinedocs/gcc/Warning-Options.html#index-Wsign-compare-Wsign-compare]8;;[m[K]
[2.155s]    72 |         for (int j = 0; j < grid_size && [01;35m[Kindex < particle_count_[m[K; ++j) {
[2.155s]       |                                          [01;35m[K~~~~~~^~~~~~~~~~~~~~~~~[m[K
[2.155s] [01m[K/home/robotdeveloper02/IsaacSim-ros_workspaces-main/humble_ws/src/calc_cpp/src/pose_subscriber.cpp:73:52:[m[K [01;35m[Kwarning: [m[Kcomparison of integer expressions of different signedness: â€˜[01m[Kint[m[Kâ€™ and â€˜[01m[Ksize_t[m[Kâ€™ {aka â€˜[01m[Klong unsigned int[m[Kâ€™} [[01;35m[K]8;;https://gcc.gnu.org/onlinedocs/gcc/Warning-Options.html#index-Wsign-compare-Wsign-compare]8;;[m[K]
[2.155s]    73 |             for (int k = 0; k < grid_size && [01;35m[Kindex < particle_count_[m[K; ++k) {
[2.155s]       |                                              [01;35m[K~~~~~~^~~~~~~~~~~~~~~~~[m[K
[2.155s] [01m[K/home/robotdeveloper02/IsaacSim-ros_workspaces-main/humble_ws/src/calc_cpp/src/pose_subscriber.cpp:79:27:[m[K [01;31m[Kerror: [m[Kinvalid types â€˜[01m[Kint[int][m[Kâ€™ for array subscript
[2.155s]    79 |                 particles_[01;31m[K[[m[Kindex].position.setValue(x, y, z);
[2.155s]       |                           [01;31m[K^[m[K
[2.155s] [01m[K/home/robotdeveloper02/IsaacSim-ros_workspaces-main/humble_ws/src/calc_cpp/src/pose_subscriber.cpp:80:27:[m[K [01;31m[Kerror: [m[Kinvalid types â€˜[01m[Kint[int][m[Kâ€™ for array subscript
[2.155s]    80 |                 particles_[01;31m[K[[m[Kindex].weight = 1.0 / particle_count_; // åˆæœŸé‡ã¿ã‚’å‡ç­‰ã«è¨­å®š
[2.155s]       |                           [01;31m[K^[m[K
[2.165s] [01m[K/home/robotdeveloper02/IsaacSim-ros_workspaces-main/humble_ws/src/calc_cpp/src/pose_subscriber.cpp:[m[K In member function â€˜[01m[Kvoid calc::topic1_callback(std::shared_ptr<std_msgs::msg::String_<std::allocator<void> > >)[m[Kâ€™:
[2.165s] [01m[K/home/robotdeveloper02/IsaacSim-ros_workspaces-main/humble_ws/src/calc_cpp/src/pose_subscriber.cpp:115:9:[m[K [01;31m[Kerror: [m[Kâ€˜[01m[KRobot_position[m[Kâ€™ was not declared in this scope; did you mean â€˜[01m[KAnchor_positions[m[Kâ€™?
[2.165s]   115 |         [01;31m[KRobot_position[m[K.setValue(values[12], values[13], values[14]);
[2.165s]       |         [01;31m[K^~~~~~~~~~~~~~[m[K
[2.165s]       |         [32m[KAnchor_positions[m[K
[2.170s] [01m[K/home/robotdeveloper02/IsaacSim-ros_workspaces-main/humble_ws/src/calc_cpp/src/pose_subscriber.cpp:[m[K In member function â€˜[01m[Kvoid calc::calculate_distance()[m[Kâ€™:
[2.170s] [01m[K/home/robotdeveloper02/IsaacSim-ros_workspaces-main/humble_ws/src/calc_cpp/src/pose_subscriber.cpp:144:36:[m[K [01;31m[Kerror: [m[Kâ€˜[01m[Kreceived_[m[Kâ€™ was not declared in this scope; did you mean â€˜[01m[Kreceived[m[Kâ€™?
[2.170s]   144 |         if (std::all_of(std::begin([01;31m[Kreceived_[m[K), std::end(received_), [](bool r) { return r; })) {
[2.170s]       |                                    [01;31m[K^~~~~~~~~[m[K
[2.170s]       |                                    [32m[Kreceived[m[K
[2.170s] [01m[K/home/robotdeveloper02/IsaacSim-ros_workspaces-main/humble_ws/src/calc_cpp/src/pose_subscriber.cpp:148:28:[m[K [01;31m[Kerror: [m[Kâ€˜[01m[Kbegin[m[Kâ€™ was not declared in this scope; did you mean â€˜[01m[Kstd::begin[m[Kâ€™?
[2.170s]   148 |             for (auto &p : [01;31m[Kparticles_[m[K) {
[2.170s]       |                            [01;31m[K^~~~~~~~~~[m[K
[2.170s]       |                            [32m[Kstd::begin[m[K
[2.170s] In file included from [01m[K/usr/include/c++/11/array:41[m[K,
[2.170s]                  from [01m[K/usr/include/c++/11/tuple:39[m[K,
[2.170s]                  from [01m[K/usr/include/c++/11/bits/unique_ptr.h:37[m[K,
[2.171s]                  from [01m[K/usr/include/c++/11/memory:76[m[K,
[2.171s]                  from [01m[K/opt/ros/humble/include/rclcpp/rclcpp/rclcpp.hpp:153[m[K,
[2.171s]                  from [01m[K/home/robotdeveloper02/IsaacSim-ros_workspaces-main/humble_ws/src/calc_cpp/src/pose_subscriber.cpp:1[m[K:
[2.171s] [01m[K/usr/include/c++/11/bits/range_access.h:108:37:[m[K [01;36m[Knote: [m[Kâ€˜[01m[Kstd::begin[m[Kâ€™ declared here
[2.171s]   108 |   template<typename _Tp> const _Tp* [01;36m[Kbegin[m[K(const valarray<_Tp>&) noexcept;
[2.171s]       |                                     [01;36m[K^~~~~[m[K
[2.171s] [01m[K/home/robotdeveloper02/IsaacSim-ros_workspaces-main/humble_ws/src/calc_cpp/src/pose_subscriber.cpp:148:28:[m[K [01;31m[Kerror: [m[Kâ€˜[01m[Kend[m[Kâ€™ was not declared in this scope; did you mean â€˜[01m[Kstd::end[m[Kâ€™?
[2.171s]   148 |             for (auto &p : [01;31m[Kparticles_[m[K) {
[2.171s]       |                            [01;31m[K^~~~~~~~~~[m[K
[2.171s]       |                            [32m[Kstd::end[m[K
[2.171s] In file included from [01m[K/usr/include/c++/11/array:41[m[K,
[2.171s]                  from [01m[K/usr/include/c++/11/tuple:39[m[K,
[2.171s]                  from [01m[K/usr/include/c++/11/bits/unique_ptr.h:37[m[K,
[2.171s]                  from [01m[K/usr/include/c++/11/memory:76[m[K,
[2.171s]                  from [01m[K/opt/ros/humble/include/rclcpp/rclcpp/rclcpp.hpp:153[m[K,
[2.171s]                  from [01m[K/home/robotdeveloper02/IsaacSim-ros_workspaces-main/humble_ws/src/calc_cpp/src/pose_subscriber.cpp:1[m[K:
[2.171s] [01m[K/usr/include/c++/11/bits/range_access.h:110:37:[m[K [01;36m[Knote: [m[Kâ€˜[01m[Kstd::end[m[Kâ€™ declared here
[2.171s]   110 |   template<typename _Tp> const _Tp* [01;36m[Kend[m[K(const valarray<_Tp>&) noexcept;
[2.171s]       |                                     [01;36m[K^~~[m[K
[2.175s] [01m[K/home/robotdeveloper02/IsaacSim-ros_workspaces-main/humble_ws/src/calc_cpp/src/pose_subscriber.cpp:152:63:[m[K [01;31m[Kerror: [m[Kâ€˜[01m[KRobot_position[m[Kâ€™ was not declared in this scope; did you mean â€˜[01m[KAnchor_positions[m[Kâ€™?
[2.175s]   152 |                   double actual_distance = tf2::tf2Distance([01;31m[KRobot_position[m[K, Anchor_positions[i]);
[2.175s]       |                                                             [01;31m[K^~~~~~~~~~~~~~[m[K
[2.175s]       |                                                             [32m[KAnchor_positions[m[K
[2.175s] [01m[K/home/robotdeveloper02/IsaacSim-ros_workspaces-main/humble_ws/src/calc_cpp/src/pose_subscriber.cpp:[m[K In member function â€˜[01m[Kvoid calc::normalize_weights()[m[Kâ€™:
[2.175s] [01m[K/home/robotdeveloper02/IsaacSim-ros_workspaces-main/humble_ws/src/calc_cpp/src/pose_subscriber.cpp:170:57:[m[K [01;31m[Kerror: [m[Krequest for member â€˜[01m[Kbegin[m[Kâ€™ in â€˜[01m[K((calc*)this)->calc::particles_[m[Kâ€™, which is of non-class type â€˜[01m[Kint[m[Kâ€™
[2.175s]   170 |         double sum_weights = std::accumulate(particles_.[01;31m[Kbegin[m[K(), particles_.end(), 0.0,
[2.175s]       |                                                         [01;31m[K^~~~~[m[K
[2.175s] [01m[K/home/robotdeveloper02/IsaacSim-ros_workspaces-main/humble_ws/src/calc_cpp/src/pose_subscriber.cpp:170:77:[m[K [01;31m[Kerror: [m[Krequest for member â€˜[01m[Kend[m[Kâ€™ in â€˜[01m[K((calc*)this)->calc::particles_[m[Kâ€™, which is of non-class type â€˜[01m[Kint[m[Kâ€™
[2.175s]   170 | um_weights = std::accumulate(particles_.begin(), particles_.[01;31m[Kend[m[K(), 0.0,
[2.175s]       |                                                             [01;31m[K^~~[m[K
[2.175s] 
[2.175s] [01m[K/home/robotdeveloper02/IsaacSim-ros_workspaces-main/humble_ws/src/calc_cpp/src/pose_subscriber.cpp:172:24:[m[K [01;31m[Kerror: [m[Kâ€˜[01m[Kbegin[m[Kâ€™ was not declared in this scope; did you mean â€˜[01m[Kstd::begin[m[Kâ€™?
[2.175s]   172 |         for (auto& p : [01;31m[Kparticles_[m[K) {
[2.175s]       |                        [01;31m[K^~~~~~~~~~[m[K
[2.175s]       |                        [32m[Kstd::begin[m[K
[2.175s] In file included from [01m[K/usr/include/c++/11/array:41[m[K,
[2.175s]                  from [01m[K/usr/include/c++/11/tuple:39[m[K,
[2.175s]                  from [01m[K/usr/include/c++/11/bits/unique_ptr.h:37[m[K,
[2.176s]                  from [01m[K/usr/include/c++/11/memory:76[m[K,
[2.176s]                  from [01m[K/opt/ros/humble/include/rclcpp/rclcpp/rclcpp.hpp:153[m[K,
[2.176s]                  from [01m[K/home/robotdeveloper02/IsaacSim-ros_workspaces-main/humble_ws/src/calc_cpp/src/pose_subscriber.cpp:1[m[K:
[2.176s] [01m[K/usr/include/c++/11/bits/range_access.h:108:37:[m[K [01;36m[Knote: [m[Kâ€˜[01m[Kstd::begin[m[Kâ€™ declared here
[2.176s]   108 |   template<typename _Tp> const _Tp* [01;36m[Kbegin[m[K(const valarray<_Tp>&) noexcept;
[2.176s]       |                                     [01;36m[K^~~~~[m[K
[2.176s] [01m[K/home/robotdeveloper02/IsaacSim-ros_workspaces-main/humble_ws/src/calc_cpp/src/pose_subscriber.cpp:172:24:[m[K [01;31m[Kerror: [m[Kâ€˜[01m[Kend[m[Kâ€™ was not declared in this scope; did you mean â€˜[01m[Kstd::end[m[Kâ€™?
[2.176s]   172 |         for (auto& p : [01;31m[Kparticles_[m[K) {
[2.176s]       |                        [01;31m[K^~~~~~~~~~[m[K
[2.176s]       |                        [32m[Kstd::end[m[K
[2.176s] In file included from [01m[K/usr/include/c++/11/array:41[m[K,
[2.176s]                  from [01m[K/usr/include/c++/11/tuple:39[m[K,
[2.176s]                  from [01m[K/usr/include/c++/11/bits/unique_ptr.h:37[m[K,
[2.176s]                  from [01m[K/usr/include/c++/11/memory:76[m[K,
[2.176s]                  from [01m[K/opt/ros/humble/include/rclcpp/rclcpp/rclcpp.hpp:153[m[K,
[2.176s]                  from [01m[K/home/robotdeveloper02/IsaacSim-ros_workspaces-main/humble_ws/src/calc_cpp/src/pose_subscriber.cpp:1[m[K:
[2.176s] [01m[K/usr/include/c++/11/bits/range_access.h:110:37:[m[K [01;36m[Knote: [m[Kâ€˜[01m[Kstd::end[m[Kâ€™ declared here
[2.176s]   110 |   template<typename _Tp> const _Tp* [01;36m[Kend[m[K(const valarray<_Tp>&) noexcept;
[2.176s]       |                                     [01;36m[K^~~[m[K
[2.176s] [01m[K/home/robotdeveloper02/IsaacSim-ros_workspaces-main/humble_ws/src/calc_cpp/src/pose_subscriber.cpp:[m[K In member function â€˜[01m[Kvoid calc::estimate_position()[m[Kâ€™:
[2.176s] [01m[K/home/robotdeveloper02/IsaacSim-ros_workspaces-main/humble_ws/src/calc_cpp/src/pose_subscriber.cpp:178:20:[m[K [01;31m[Kerror: [m[Krequest for member â€˜[01m[Kempty[m[Kâ€™ in â€˜[01m[K((calc*)this)->calc::particles_[m[Kâ€™, which is of non-class type â€˜[01m[Kint[m[Kâ€™
[2.176s]   178 |     if (particles_.[01;31m[Kempty[m[K()) {
[2.176s]       |                    [01;31m[K^~~~~[m[K
[2.176s] [01m[K/home/robotdeveloper02/IsaacSim-ros_workspaces-main/humble_ws/src/calc_cpp/src/pose_subscriber.cpp:185:20:[m[K [01;31m[Kerror: [m[Krequest for member â€˜[01m[Kbegin[m[Kâ€™ in â€˜[01m[K((calc*)this)->calc::particles_[m[Kâ€™, which is of non-class type â€˜[01m[Kint[m[Kâ€™
[2.176s]   185 |         particles_.[01;31m[Kbegin[m[K(), particles_.end(),
[2.176s]       |                    [01;31m[K^~~~~[m[K
[2.176s] [01m[K/home/robotdeveloper02/IsaacSim-ros_workspaces-main/humble_ws/src/calc_cpp/src/pose_subscriber.cpp:185:40:[m[K [01;31m[Kerror: [m[Krequest for member â€˜[01m[Kend[m[Kâ€™ in â€˜[01m[K((calc*)this)->calc::particles_[m[Kâ€™, which is of non-class type â€˜[01m[Kint[m[Kâ€™
[2.176s]   185 |         particles_.begin(), particles_.[01;31m[Kend[m[K(),
[2.176s]       |                                        [01;31m[K^~~[m[K
[2.178s] [01m[K/home/robotdeveloper02/IsaacSim-ros_workspaces-main/humble_ws/src/calc_cpp/src/pose_subscriber.cpp:[m[K In member function â€˜[01m[Kvoid calc::resample_particles()[m[Kâ€™:
[2.178s] [01m[K/home/robotdeveloper02/IsaacSim-ros_workspaces-main/humble_ws/src/calc_cpp/src/pose_subscriber.cpp:206:59:[m[K [01;31m[Kerror: [m[Krequest for member â€˜[01m[Kbegin[m[Kâ€™ in â€˜[01m[K((calc*)this)->calc::particles_[m[Kâ€™, which is of non-class type â€˜[01m[Kint[m[Kâ€™
[2.178s]   206 |         double max_weight = (*std::max_element(particles_.[01;31m[Kbegin[m[K(), particles_.end(),
[2.178s]       |                                                           [01;31m[K^~~~~[m[K
[2.178s] [01m[K/home/robotdeveloper02/IsaacSim-ros_workspaces-main/humble_ws/src/calc_cpp/src/pose_subscriber.cpp:206:79:[m[K [01;31m[Kerror: [m[Krequest for member â€˜[01m[Kend[m[Kâ€™ in â€˜[01m[K((calc*)this)->calc::particles_[m[Kâ€™, which is of non-class type â€˜[01m[Kint[m[Kâ€™
[2.178s]   206 | e max_weight = (*std::max_element(particles_.begin(), particles_.[01;31m[Kend[m[K(),
[2.178s]       |                                                                  [01;31m[K^~~[m[K
[2.178s] 
[2.179s] [01m[K/home/robotdeveloper02/IsaacSim-ros_workspaces-main/humble_ws/src/calc_cpp/src/pose_subscriber.cpp:219:37:[m[K [01;31m[Kerror: [m[Kinvalid types â€˜[01m[Kint[int][m[Kâ€™ for array subscript
[2.179s]   219 |             while (beta > particles_[01;31m[K[[m[Kindex].weight) {
[2.179s]       |                                     [01;31m[K^[m[K
[2.179s] [01m[K/home/robotdeveloper02/IsaacSim-ros_workspaces-main/humble_ws/src/calc_cpp/src/pose_subscriber.cpp:220:35:[m[K [01;31m[Kerror: [m[Kinvalid types â€˜[01m[Kint[int][m[Kâ€™ for array subscript
[2.179s]   220 |                 beta -= particles_[01;31m[K[[m[Kindex].weight;
[2.179s]       |                                   [01;31m[K^[m[K
[2.179s] [01m[K/home/robotdeveloper02/IsaacSim-ros_workspaces-main/humble_ws/src/calc_cpp/src/pose_subscriber.cpp:224:47:[m[K [01;31m[Kerror: [m[Kinvalid types â€˜[01m[Kint[int][m[Kâ€™ for array subscript
[2.179s]   224 |             new_particles.push_back(particles_[01;31m[K[[m[Kindex]);
[2.179s]       |                                               [01;31m[K^[m[K
[2.179s] [01m[K/home/robotdeveloper02/IsaacSim-ros_workspaces-main/humble_ws/src/calc_cpp/src/pose_subscriber.cpp:228:22:[m[K [01;31m[Kerror: [m[Kcannot convert â€˜[01m[Kstd::vector<calc::Particle>[m[Kâ€™ to â€˜[01m[Kint[m[Kâ€™ in assignment
[2.179s]   228 |         particles_ = [01;31m[Knew_particles[m[K;
[2.179s]       |                      [01;31m[K^~~~~~~~~~~~~[m[K
[2.179s]       |                      [01;31m[K|[m[K
[2.179s]       |                      [01;31m[Kstd::vector<calc::Particle>[m[K
[4.110s] gmake[2]: *** [CMakeFiles/pose_subscriber.dir/build.make:76: CMakeFiles/pose_subscriber.dir/src/pose_subscriber.cpp.o] Error 1
[4.110s] gmake[1]: *** [CMakeFiles/Makefile2:137: CMakeFiles/pose_subscriber.dir/all] Error 2
[4.110s] gmake: *** [Makefile:146: all] Error 2
[4.112s] Invoked command in '/home/robotdeveloper02/IsaacSim-ros_workspaces-main/humble_ws/build/my_cpp_pose_subscriber' returned '2': CMAKE_PREFIX_PATH=/opt/ros/humble /usr/bin/cmake --build /home/robotdeveloper02/IsaacSim-ros_workspaces-main/humble_ws/build/my_cpp_pose_subscriber -- -j16 -l16
