[35m[1mConsolidate compiler generated dependencies of target isaac_ros2_messages__rosidl_generator_c[0m
[  1%] Built target isaac_ros2_messages__cpp
[ 12%] Built target isaac_ros2_messages__rosidl_generator_c
[35m[1mConsolidate compiler generated dependencies of target isaac_ros2_messages__rosidl_typesupport_cpp[0m
[ 23%] Built target isaac_ros2_messages__rosidl_typesupport_cpp
failed to create symbolic link '/home/robotdeveloper02/IsaacSim-ros_workspaces-main/humble_ws/build/isaac_ros2_messages/ament_cmake_python/isaac_ros2_messages/isaac_ros2_messages' because existing path cannot be removed: Is a directory
gmake[2]: *** [CMakeFiles/ament_cmake_python_symlink_isaac_ros2_messages.dir/build.make:70: CMakeFiles/ament_cmake_python_symlink_isaac_ros2_messages] Error 1
gmake[1]: *** [CMakeFiles/Makefile2:421: CMakeFiles/ament_cmake_python_symlink_isaac_ros2_messages.dir/all] Error 2
gmake[1]: *** Waiting for unfinished jobs....
gmake: *** [Makefile:146: all] Error 2
